<?xml version="1.0" encoding="utf-8"?>
<CoverageSession xmlns:xsd="http://www.w3.org/2001/XMLSchema" xmlns:xsi="http://www.w3.org/2001/XMLSchema-instance" Version="0.0.0.0">
  <Summary numSequencePoints="91" visitedSequencePoints="76" numBranchPoints="0" visitedBranchPoints="0" sequenceCoverage="83.52" branchCoverage="0.0" maxCyclomaticComplexity="0" minCyclomaticComplexity="0" maxCrapScore="0" minCrapScore="0" visitedClasses="6" numClasses="7" visitedMethods="12" numMethods="15" />
  <Modules>
    <Module>
      <Summary numSequencePoints="56" visitedSequencePoints="56" numBranchPoints="0" visitedBranchPoints="0" sequenceCoverage="100.0" branchCoverage="0.0" maxCyclomaticComplexity="0" minCyclomaticComplexity="0" maxCrapScore="0" minCrapScore="0" visitedClasses="4" numClasses="4" visitedMethods="4" numMethods="4" />
      <ModuleTime>0001-01-01T00:00:00</ModuleTime>
      <ModuleName>PlayTests</ModuleName>
      <Files>
        <File uid="1" fullPath="D:/Unity/Unity-projects/ScarletPimpernel/Assets/Tests/PlayTests/PlayMovementTest.cs" />
      </Files>
      <Classes>
        <Class>
          <Summary numSequencePoints="15" visitedSequencePoints="15" numBranchPoints="0" visitedBranchPoints="0" sequenceCoverage="100.0" branchCoverage="0.0" maxCyclomaticComplexity="0" minCyclomaticComplexity="0" maxCrapScore="0" minCrapScore="0" visitedClasses="1" numClasses="1" visitedMethods="1" numMethods="1" />
          <FullName>Tests.PlayMovementTest/&lt;Test_Horizontal_Movement&gt;d__0</FullName>
          <Methods>
            <Method visited="true" cyclomaticComplexity="0" nPathComplexity="0" sequenceCoverage="100.0" branchCoverage="0" crapScore="0" isConstructor="false" isStatic="false" isGetter="false" isSetter="false">
              <Summary numSequencePoints="15" visitedSequencePoints="15" numBranchPoints="0" visitedBranchPoints="0" sequenceCoverage="100.0" branchCoverage="0" maxCyclomaticComplexity="0" minCyclomaticComplexity="0" maxCrapScore="0" minCrapScore="0" visitedClasses="0" numClasses="0" visitedMethods="1" numMethods="1" />
              <MetadataToken>100663304</MetadataToken>
              <Name>System.Boolean Tests.PlayMovementTest/&lt;Test_Horizontal_Movement&gt;d__0::MoveNext()</Name>
              <FileRef uid="1" />
              <SequencePoints>
                <SequencePoint vc="1" uspid="1" ordinal="0" offset="48" sl="17" sc="9" el="17" ec="9" bec="0" bev="0" fileid="1" />
                <SequencePoint vc="1" uspid="2" ordinal="0" offset="49" sl="18" sc="13" el="18" ec="13" bec="0" bev="0" fileid="1" />
                <SequencePoint vc="1" uspid="3" ordinal="0" offset="60" sl="19" sc="13" el="19" ec="13" bec="0" bev="0" fileid="1" />
                <SequencePoint vc="1" uspid="4" ordinal="0" offset="72" sl="20" sc="13" el="20" ec="13" bec="0" bev="0" fileid="1" />
                <SequencePoint vc="1" uspid="5" ordinal="0" offset="89" sl="23" sc="13" el="23" ec="13" bec="0" bev="0" fileid="1" />
                <SequencePoint vc="1" uspid="6" ordinal="0" offset="110" sl="24" sc="13" el="24" ec="13" bec="0" bev="0" fileid="1" />
                <SequencePoint vc="1" uspid="7" ordinal="0" offset="126" sl="25" sc="13" el="25" ec="13" bec="0" bev="0" fileid="1" />
                <SequencePoint vc="1" uspid="8" ordinal="0" offset="158" sl="26" sc="13" el="26" ec="13" bec="0" bev="0" fileid="1" />
                <SequencePoint vc="1" uspid="9" ordinal="0" offset="190" sl="27" sc="13" el="27" ec="13" bec="0" bev="0" fileid="1" />
                <SequencePoint vc="1" uspid="10" ordinal="0" offset="222" sl="29" sc="13" el="29" ec="13" bec="0" bev="0" fileid="1" />
                <SequencePoint vc="1" uspid="11" ordinal="0" offset="245" sl="30" sc="13" el="30" ec="13" bec="0" bev="0" fileid="1" />
                <SequencePoint vc="1" uspid="12" ordinal="0" offset="272" sl="31" sc="13" el="31" ec="13" bec="0" bev="0" fileid="1" />
                <SequencePoint vc="1" uspid="13" ordinal="0" offset="299" sl="32" sc="13" el="32" ec="13" bec="0" bev="0" fileid="1" />
                <SequencePoint vc="1" uspid="14" ordinal="0" offset="321" sl="33" sc="13" el="33" ec="13" bec="0" bev="0" fileid="1" />
                <SequencePoint vc="1" uspid="15" ordinal="0" offset="348" sl="34" sc="9" el="34" ec="9" bec="0" bev="0" fileid="1" />
              </SequencePoints>
              <BranchPoints />
            </Method>
          </Methods>
        </Class>
        <Class>
          <Summary numSequencePoints="15" visitedSequencePoints="15" numBranchPoints="0" visitedBranchPoints="0" sequenceCoverage="100.0" branchCoverage="0.0" maxCyclomaticComplexity="0" minCyclomaticComplexity="0" maxCrapScore="0" minCrapScore="0" visitedClasses="1" numClasses="1" visitedMethods="1" numMethods="1" />
          <FullName>Tests.PlayMovementTest/&lt;Test_Vertical_Movement&gt;d__1</FullName>
          <Methods>
            <Method visited="true" cyclomaticComplexity="0" nPathComplexity="0" sequenceCoverage="100.0" branchCoverage="0" crapScore="0" isConstructor="false" isStatic="false" isGetter="false" isSetter="false">
              <Summary numSequencePoints="15" visitedSequencePoints="15" numBranchPoints="0" visitedBranchPoints="0" sequenceCoverage="100.0" branchCoverage="0" maxCyclomaticComplexity="0" minCyclomaticComplexity="0" maxCrapScore="0" minCrapScore="0" visitedClasses="0" numClasses="0" visitedMethods="1" numMethods="1" />
              <MetadataToken>100663310</MetadataToken>
              <Name>System.Boolean Tests.PlayMovementTest/&lt;Test_Vertical_Movement&gt;d__1::MoveNext()</Name>
              <FileRef uid="1" />
              <SequencePoints>
                <SequencePoint vc="1" uspid="16" ordinal="0" offset="48" sl="38" sc="9" el="38" ec="9" bec="0" bev="0" fileid="1" />
                <SequencePoint vc="1" uspid="17" ordinal="0" offset="49" sl="39" sc="13" el="39" ec="13" bec="0" bev="0" fileid="1" />
                <SequencePoint vc="1" uspid="18" ordinal="0" offset="60" sl="40" sc="13" el="40" ec="13" bec="0" bev="0" fileid="1" />
                <SequencePoint vc="1" uspid="19" ordinal="0" offset="72" sl="41" sc="13" el="41" ec="13" bec="0" bev="0" fileid="1" />
                <SequencePoint vc="1" uspid="20" ordinal="0" offset="89" sl="44" sc="13" el="44" ec="13" bec="0" bev="0" fileid="1" />
                <SequencePoint vc="1" uspid="21" ordinal="0" offset="110" sl="45" sc="13" el="45" ec="13" bec="0" bev="0" fileid="1" />
                <SequencePoint vc="1" uspid="22" ordinal="0" offset="126" sl="46" sc="13" el="46" ec="13" bec="0" bev="0" fileid="1" />
                <SequencePoint vc="1" uspid="23" ordinal="0" offset="158" sl="47" sc="13" el="47" ec="13" bec="0" bev="0" fileid="1" />
                <SequencePoint vc="1" uspid="24" ordinal="0" offset="190" sl="48" sc="13" el="48" ec="13" bec="0" bev="0" fileid="1" />
                <SequencePoint vc="1" uspid="25" ordinal="0" offset="222" sl="50" sc="13" el="50" ec="13" bec="0" bev="0" fileid="1" />
                <SequencePoint vc="1" uspid="26" ordinal="0" offset="245" sl="51" sc="13" el="51" ec="13" bec="0" bev="0" fileid="1" />
                <SequencePoint vc="1" uspid="27" ordinal="0" offset="272" sl="52" sc="13" el="52" ec="13" bec="0" bev="0" fileid="1" />
                <SequencePoint vc="1" uspid="28" ordinal="0" offset="299" sl="53" sc="13" el="53" ec="13" bec="0" bev="0" fileid="1" />
                <SequencePoint vc="1" uspid="29" ordinal="0" offset="321" sl="54" sc="13" el="54" ec="13" bec="0" bev="0" fileid="1" />
                <SequencePoint vc="1" uspid="30" ordinal="0" offset="348" sl="55" sc="9" el="55" ec="9" bec="0" bev="0" fileid="1" />
              </SequencePoints>
              <BranchPoints />
            </Method>
          </Methods>
        </Class>
        <Class>
          <Summary numSequencePoints="15" visitedSequencePoints="15" numBranchPoints="0" visitedBranchPoints="0" sequenceCoverage="100.0" branchCoverage="0.0" maxCyclomaticComplexity="0" minCyclomaticComplexity="0" maxCrapScore="0" minCrapScore="0" visitedClasses="1" numClasses="1" visitedMethods="1" numMethods="1" />
          <FullName>Tests.PlayMovementTest/&lt;Test_Composite_Movement&gt;d__2</FullName>
          <Methods>
            <Method visited="true" cyclomaticComplexity="0" nPathComplexity="0" sequenceCoverage="100.0" branchCoverage="0" crapScore="0" isConstructor="false" isStatic="false" isGetter="false" isSetter="false">
              <Summary numSequencePoints="15" visitedSequencePoints="15" numBranchPoints="0" visitedBranchPoints="0" sequenceCoverage="100.0" branchCoverage="0" maxCyclomaticComplexity="0" minCyclomaticComplexity="0" maxCrapScore="0" minCrapScore="0" visitedClasses="0" numClasses="0" visitedMethods="1" numMethods="1" />
              <MetadataToken>100663316</MetadataToken>
              <Name>System.Boolean Tests.PlayMovementTest/&lt;Test_Composite_Movement&gt;d__2::MoveNext()</Name>
              <FileRef uid="1" />
              <SequencePoints>
                <SequencePoint vc="1" uspid="31" ordinal="0" offset="48" sl="59" sc="9" el="59" ec="9" bec="0" bev="0" fileid="1" />
                <SequencePoint vc="1" uspid="32" ordinal="0" offset="49" sl="60" sc="13" el="60" ec="13" bec="0" bev="0" fileid="1" />
                <SequencePoint vc="1" uspid="33" ordinal="0" offset="60" sl="61" sc="13" el="61" ec="13" bec="0" bev="0" fileid="1" />
                <SequencePoint vc="1" uspid="34" ordinal="0" offset="72" sl="62" sc="13" el="62" ec="13" bec="0" bev="0" fileid="1" />
                <SequencePoint vc="1" uspid="35" ordinal="0" offset="89" sl="65" sc="13" el="65" ec="13" bec="0" bev="0" fileid="1" />
                <SequencePoint vc="1" uspid="36" ordinal="0" offset="110" sl="66" sc="13" el="66" ec="13" bec="0" bev="0" fileid="1" />
                <SequencePoint vc="1" uspid="37" ordinal="0" offset="126" sl="67" sc="13" el="67" ec="13" bec="0" bev="0" fileid="1" />
                <SequencePoint vc="1" uspid="38" ordinal="0" offset="158" sl="68" sc="13" el="68" ec="13" bec="0" bev="0" fileid="1" />
                <SequencePoint vc="1" uspid="39" ordinal="0" offset="190" sl="69" sc="13" el="69" ec="13" bec="0" bev="0" fileid="1" />
                <SequencePoint vc="1" uspid="40" ordinal="0" offset="222" sl="71" sc="13" el="71" ec="13" bec="0" bev="0" fileid="1" />
                <SequencePoint vc="1" uspid="41" ordinal="0" offset="245" sl="72" sc="13" el="72" ec="13" bec="0" bev="0" fileid="1" />
                <SequencePoint vc="1" uspid="42" ordinal="0" offset="272" sl="73" sc="13" el="73" ec="13" bec="0" bev="0" fileid="1" />
                <SequencePoint vc="1" uspid="43" ordinal="0" offset="299" sl="74" sc="13" el="74" ec="13" bec="0" bev="0" fileid="1" />
                <SequencePoint vc="1" uspid="44" ordinal="0" offset="321" sl="75" sc="13" el="75" ec="13" bec="0" bev="0" fileid="1" />
                <SequencePoint vc="1" uspid="45" ordinal="0" offset="343" sl="76" sc="9" el="76" ec="9" bec="0" bev="0" fileid="1" />
              </SequencePoints>
              <BranchPoints />
            </Method>
          </Methods>
        </Class>
        <Class>
          <Summary numSequencePoints="11" visitedSequencePoints="11" numBranchPoints="0" visitedBranchPoints="0" sequenceCoverage="100.0" branchCoverage="0.0" maxCyclomaticComplexity="0" minCyclomaticComplexity="0" maxCrapScore="0" minCrapScore="0" visitedClasses="1" numClasses="1" visitedMethods="1" numMethods="1" />
          <FullName>Tests.PlayMovementTest/&lt;Test_Default_MovementController&gt;d__3</FullName>
          <Methods>
            <Method visited="true" cyclomaticComplexity="0" nPathComplexity="0" sequenceCoverage="100.0" branchCoverage="0" crapScore="0" isConstructor="false" isStatic="false" isGetter="false" isSetter="false">
              <Summary numSequencePoints="11" visitedSequencePoints="11" numBranchPoints="0" visitedBranchPoints="0" sequenceCoverage="100.0" branchCoverage="0" maxCyclomaticComplexity="0" minCyclomaticComplexity="0" maxCrapScore="0" minCrapScore="0" visitedClasses="0" numClasses="0" visitedMethods="1" numMethods="1" />
              <MetadataToken>100663322</MetadataToken>
              <Name>System.Boolean Tests.PlayMovementTest/&lt;Test_Default_MovementController&gt;d__3::MoveNext()</Name>
              <FileRef uid="1" />
              <SequencePoints>
                <SequencePoint vc="1" uspid="46" ordinal="0" offset="42" sl="80" sc="9" el="80" ec="9" bec="0" bev="0" fileid="1" />
                <SequencePoint vc="1" uspid="47" ordinal="0" offset="43" sl="81" sc="13" el="81" ec="13" bec="0" bev="0" fileid="1" />
                <SequencePoint vc="1" uspid="48" ordinal="0" offset="54" sl="82" sc="13" el="82" ec="13" bec="0" bev="0" fileid="1" />
                <SequencePoint vc="1" uspid="49" ordinal="0" offset="66" sl="83" sc="13" el="83" ec="13" bec="0" bev="0" fileid="1" />
                <SequencePoint vc="1" uspid="50" ordinal="0" offset="83" sl="86" sc="13" el="86" ec="13" bec="0" bev="0" fileid="1" />
                <SequencePoint vc="1" uspid="51" ordinal="0" offset="99" sl="88" sc="13" el="88" ec="13" bec="0" bev="0" fileid="1" />
                <SequencePoint vc="1" uspid="52" ordinal="0" offset="122" sl="89" sc="13" el="89" ec="13" bec="0" bev="0" fileid="1" />
                <SequencePoint vc="1" uspid="53" ordinal="0" offset="149" sl="90" sc="13" el="90" ec="13" bec="0" bev="0" fileid="1" />
                <SequencePoint vc="1" uspid="54" ordinal="0" offset="176" sl="91" sc="13" el="91" ec="13" bec="0" bev="0" fileid="1" />
                <SequencePoint vc="1" uspid="55" ordinal="0" offset="203" sl="92" sc="13" el="92" ec="13" bec="0" bev="0" fileid="1" />
                <SequencePoint vc="1" uspid="56" ordinal="0" offset="230" sl="93" sc="9" el="93" ec="9" bec="0" bev="0" fileid="1" />
              </SequencePoints>
              <BranchPoints />
            </Method>
          </Methods>
        </Class>
      </Classes>
    </Module>
    <Module>
      <Summary numSequencePoints="20" visitedSequencePoints="20" numBranchPoints="0" visitedBranchPoints="0" sequenceCoverage="100.0" branchCoverage="0.0" maxCyclomaticComplexity="0" minCyclomaticComplexity="0" maxCrapScore="0" minCrapScore="0" visitedClasses="2" numClasses="2" visitedMethods="8" numMethods="8" />
      <ModuleTime>0001-01-01T00:00:00</ModuleTime>
      <ModuleName>AllScripts</ModuleName>
      <Files>
        <File uid="2" fullPath="D:/Unity/Unity-projects/ScarletPimpernel/Assets/Scripts/ControllerInput.cs" />
        <File uid="3" fullPath="D:/Unity/Unity-projects/ScarletPimpernel/Assets/Scripts/MainCharacterController.cs" />
      </Files>
      <Classes>
        <Class>
          <Summary numSequencePoints="3" visitedSequencePoints="3" numBranchPoints="0" visitedBranchPoints="0" sequenceCoverage="100.0" branchCoverage="0.0" maxCyclomaticComplexity="0" minCyclomaticComplexity="0" maxCrapScore="0" minCrapScore="0" visitedClasses="1" numClasses="1" visitedMethods="3" numMethods="3" />
          <FullName>ControllerInput</FullName>
          <Methods>
            <Method visited="true" cyclomaticComplexity="0" nPathComplexity="0" sequenceCoverage="100.0" branchCoverage="0" crapScore="0" isConstructor="false" isStatic="false" isGetter="true" isSetter="false">
              <Summary numSequencePoints="1" visitedSequencePoints="1" numBranchPoints="0" visitedBranchPoints="0" sequenceCoverage="100.0" branchCoverage="0" maxCyclomaticComplexity="0" minCyclomaticComplexity="0" maxCrapScore="0" minCrapScore="0" visitedClasses="0" numClasses="0" visitedMethods="1" numMethods="1" />
              <MetadataToken>100663297</MetadataToken>
              <Name>System.Single ControllerInput::get_Vertical()</Name>
              <FileRef uid="2" />
              <SequencePoints>
                <SequencePoint vc="18" uspid="57" ordinal="0" offset="0" sl="4" sc="30" el="4" ec="30" bec="0" bev="0" fileid="2" />
              </SequencePoints>
              <BranchPoints />
            </Method>
            <Method visited="true" cyclomaticComplexity="0" nPathComplexity="0" sequenceCoverage="100.0" branchCoverage="0" crapScore="0" isConstructor="false" isStatic="false" isGetter="true" isSetter="false">
              <Summary numSequencePoints="1" visitedSequencePoints="1" numBranchPoints="0" visitedBranchPoints="0" sequenceCoverage="100.0" branchCoverage="0" maxCyclomaticComplexity="0" minCyclomaticComplexity="0" maxCrapScore="0" minCrapScore="0" visitedClasses="0" numClasses="0" visitedMethods="1" numMethods="1" />
              <MetadataToken>100663298</MetadataToken>
              <Name>System.Single ControllerInput::get_Horizontal()</Name>
              <FileRef uid="2" />
              <SequencePoints>
                <SequencePoint vc="18" uspid="58" ordinal="0" offset="0" sl="5" sc="32" el="5" ec="32" bec="0" bev="0" fileid="2" />
              </SequencePoints>
              <BranchPoints />
            </Method>
            <Method visited="true" cyclomaticComplexity="0" nPathComplexity="0" sequenceCoverage="100.0" branchCoverage="0" crapScore="0" isConstructor="false" isStatic="false" isGetter="true" isSetter="false">
              <Summary numSequencePoints="1" visitedSequencePoints="1" numBranchPoints="0" visitedBranchPoints="0" sequenceCoverage="100.0" branchCoverage="0" maxCyclomaticComplexity="0" minCyclomaticComplexity="0" maxCrapScore="0" minCrapScore="0" visitedClasses="0" numClasses="0" visitedMethods="1" numMethods="1" />
              <MetadataToken>100663299</MetadataToken>
              <Name>System.Single ControllerInput::get_GetTime()</Name>
              <FileRef uid="2" />
              <SequencePoints>
                <SequencePoint vc="5" uspid="59" ordinal="0" offset="0" sl="7" sc="29" el="7" ec="29" bec="0" bev="0" fileid="2" />
              </SequencePoints>
              <BranchPoints />
            </Method>
          </Methods>
        </Class>
        <Class>
          <Summary numSequencePoints="17" visitedSequencePoints="17" numBranchPoints="0" visitedBranchPoints="0" sequenceCoverage="100.0" branchCoverage="0.0" maxCyclomaticComplexity="0" minCyclomaticComplexity="0" maxCrapScore="0" minCrapScore="0" visitedClasses="1" numClasses="1" visitedMethods="5" numMethods="5" />
          <FullName>MainCharacterController</FullName>
          <Methods>
            <Method visited="true" cyclomaticComplexity="0" nPathComplexity="0" sequenceCoverage="100.0" branchCoverage="0" crapScore="0" isConstructor="false" isStatic="false" isGetter="false" isSetter="false">
              <Summary numSequencePoints="5" visitedSequencePoints="5" numBranchPoints="0" visitedBranchPoints="0" sequenceCoverage="100.0" branchCoverage="0" maxCyclomaticComplexity="0" minCyclomaticComplexity="0" maxCrapScore="0" minCrapScore="0" visitedClasses="0" numClasses="0" visitedMethods="1" numMethods="1" />
              <MetadataToken>100663304</MetadataToken>
              <Name>System.Void MainCharacterController::Start()</Name>
              <FileRef uid="3" />
              <SequencePoints>
                <SequencePoint vc="4" uspid="60" ordinal="0" offset="0" sl="17" sc="5" el="17" ec="5" bec="0" bev="0" fileid="3" />
                <SequencePoint vc="4" uspid="61" ordinal="0" offset="1" sl="18" sc="9" el="18" ec="9" bec="0" bev="0" fileid="3" />
                <SequencePoint vc="4" uspid="62" ordinal="0" offset="13" sl="20" sc="9" el="20" ec="9" bec="0" bev="0" fileid="3" />
                <SequencePoint vc="1" uspid="63" ordinal="0" offset="26" sl="21" sc="13" el="21" ec="13" bec="0" bev="0" fileid="3" />
                <SequencePoint vc="4" uspid="64" ordinal="0" offset="37" sl="22" sc="5" el="22" ec="5" bec="0" bev="0" fileid="3" />
              </SequencePoints>
              <BranchPoints />
            </Method>
            <Method visited="true" cyclomaticComplexity="0" nPathComplexity="0" sequenceCoverage="100.0" branchCoverage="0" crapScore="0" isConstructor="false" isStatic="false" isGetter="false" isSetter="false">
              <Summary numSequencePoints="5" visitedSequencePoints="5" numBranchPoints="0" visitedBranchPoints="0" sequenceCoverage="100.0" branchCoverage="0" maxCyclomaticComplexity="0" minCyclomaticComplexity="0" maxCrapScore="0" minCrapScore="0" visitedClasses="0" numClasses="0" visitedMethods="1" numMethods="1" />
              <MetadataToken>100663305</MetadataToken>
              <Name>System.Void MainCharacterController::Update()</Name>
              <FileRef uid="3" />
              <SequencePoints>
                <SequencePoint vc="59" uspid="65" ordinal="0" offset="0" sl="26" sc="5" el="26" ec="5" bec="0" bev="0" fileid="3" />
                <SequencePoint vc="59" uspid="66" ordinal="0" offset="1" sl="27" sc="9" el="27" ec="9" bec="0" bev="0" fileid="3" />
                <SequencePoint vc="59" uspid="67" ordinal="0" offset="23" sl="28" sc="9" el="28" ec="9" bec="0" bev="0" fileid="3" />
                <SequencePoint vc="59" uspid="68" ordinal="0" offset="45" sl="29" sc="9" el="29" ec="9" bec="0" bev="0" fileid="3" />
                <SequencePoint vc="59" uspid="69" ordinal="0" offset="57" sl="30" sc="5" el="30" ec="5" bec="0" bev="0" fileid="3" />
              </SequencePoints>
              <BranchPoints />
            </Method>
            <Method visited="true" cyclomaticComplexity="0" nPathComplexity="0" sequenceCoverage="100.0" branchCoverage="0" crapScore="0" isConstructor="false" isStatic="false" isGetter="false" isSetter="false">
              <Summary numSequencePoints="3" visitedSequencePoints="3" numBranchPoints="0" visitedBranchPoints="0" sequenceCoverage="100.0" branchCoverage="0" maxCyclomaticComplexity="0" minCyclomaticComplexity="0" maxCrapScore="0" minCrapScore="0" visitedClasses="0" numClasses="0" visitedMethods="1" numMethods="1" />
              <MetadataToken>100663306</MetadataToken>
              <Name>System.Void MainCharacterController::FixedUpdate()</Name>
              <FileRef uid="3" />
              <SequencePoints>
                <SequencePoint vc="20" uspid="70" ordinal="0" offset="0" sl="33" sc="5" el="33" ec="5" bec="0" bev="0" fileid="3" />
                <SequencePoint vc="20" uspid="71" ordinal="0" offset="1" sl="34" sc="9" el="34" ec="9" bec="0" bev="0" fileid="3" />
                <SequencePoint vc="20" uspid="72" ordinal="0" offset="58" sl="35" sc="5" el="35" ec="5" bec="0" bev="0" fileid="3" />
              </SequencePoints>
              <BranchPoints />
            </Method>
            <Method visited="true" cyclomaticComplexity="0" nPathComplexity="0" sequenceCoverage="100.0" branchCoverage="0" crapScore="0" isConstructor="false" isStatic="false" isGetter="false" isSetter="false">
              <Summary numSequencePoints="3" visitedSequencePoints="3" numBranchPoints="0" visitedBranchPoints="0" sequenceCoverage="100.0" branchCoverage="0" maxCyclomaticComplexity="0" minCyclomaticComplexity="0" maxCrapScore="0" minCrapScore="0" visitedClasses="0" numClasses="0" visitedMethods="1" numMethods="1" />
              <MetadataToken>100663307</MetadataToken>
              <Name>UnityEngine.Vector2 MainCharacterController::CalculateMovement(UnityEngine.Vector2, System.Single, System.Single)</Name>
              <FileRef uid="3" />
              <SequencePoints>
                <SequencePoint vc="20" uspid="73" ordinal="0" offset="0" sl="38" sc="5" el="38" ec="5" bec="0" bev="0" fileid="3" />
                <SequencePoint vc="20" uspid="74" ordinal="0" offset="1" sl="39" sc="9" el="39" ec="9" bec="0" bev="0" fileid="3" />
                <SequencePoint vc="20" uspid="75" ordinal="0" offset="29" sl="40" sc="5" el="40" ec="5" bec="0" bev="0" fileid="3" />
              </SequencePoints>
              <BranchPoints />
            </Method>
            <Method visited="true" cyclomaticComplexity="0" nPathComplexity="0" sequenceCoverage="100.0" branchCoverage="0" crapScore="0" isConstructor="true" isStatic="false" isGetter="false" isSetter="false">
              <Summary numSequencePoints="1" visitedSequencePoints="1" numBranchPoints="0" visitedBranchPoints="0" sequenceCoverage="100.0" branchCoverage="0" maxCyclomaticComplexity="0" minCyclomaticComplexity="0" maxCrapScore="0" minCrapScore="0" visitedClasses="0" numClasses="0" visitedMethods="1" numMethods="1" />
              <MetadataToken>100663308</MetadataToken>
              <Name>MainCharacterController::MainCharacterController()</Name>
              <FileRef uid="3" />
              <SequencePoints>
                <SequencePoint vc="4" uspid="76" ordinal="0" offset="0" sl="8" sc="5" el="8" ec="5" bec="0" bev="0" fileid="3" />
              </SequencePoints>
              <BranchPoints />
            </Method>
          </Methods>
        </Class>
      </Classes>
    </Module>
    <Module>
      <Summary numSequencePoints="15" visitedSequencePoints="0" numBranchPoints="0" visitedBranchPoints="0" sequenceCoverage="0.0" branchCoverage="0.0" maxCyclomaticComplexity="0" minCyclomaticComplexity="0" maxCrapScore="0" minCrapScore="0" visitedClasses="0" numClasses="1" visitedMethods="0" numMethods="3" />
      <ModuleTime>0001-01-01T00:00:00</ModuleTime>
      <ModuleName>TestEdit</ModuleName>
      <Files>
        <File uid="4" fullPath="D:/Unity/Unity-projects/ScarletPimpernel/Assets/Tests/TestEdit/MovementTest.cs" />
      </Files>
      <Classes>
        <Class>
          <Summary numSequencePoints="15" visitedSequencePoints="0" numBranchPoints="0" visitedBranchPoints="0" sequenceCoverage="0.0" branchCoverage="0.0" maxCyclomaticComplexity="0" minCyclomaticComplexity="0" maxCrapScore="0" minCrapScore="0" visitedClasses="0" numClasses="1" visitedMethods="0" numMethods="3" />
          <FullName>Tests.MovementTest</FullName>
          <Methods>
            <Method visited="false" cyclomaticComplexity="0" nPathComplexity="0" sequenceCoverage="0.0" branchCoverage="0" crapScore="0" isConstructor="false" isStatic="false" isGetter="false" isSetter="false">
              <Summary numSequencePoints="5" visitedSequencePoints="0" numBranchPoints="0" visitedBranchPoints="0" sequenceCoverage="0.0" branchCoverage="0" maxCyclomaticComplexity="0" minCyclomaticComplexity="0" maxCrapScore="0" minCrapScore="0" visitedClasses="0" numClasses="0" visitedMethods="0" numMethods="1" />
              <MetadataToken>100663297</MetadataToken>
              <Name>System.Void Tests.MovementTest::TestHorizontalMovement()</Name>
              <FileRef uid="4" />
              <SequencePoints>
                <SequencePoint vc="0" uspid="77" ordinal="0" offset="0" sl="13" sc="0" el="13" ec="0" bec="0" bev="0" fileid="4" />
                <SequencePoint vc="0" uspid="78" ordinal="0" offset="1" sl="14" sc="0" el="14" ec="0" bec="0" bev="0" fileid="4" />
                <SequencePoint vc="0" uspid="79" ordinal="0" offset="7" sl="15" sc="0" el="15" ec="0" bec="0" bev="0" fileid="4" />
                <SequencePoint vc="0" uspid="80" ordinal="0" offset="14" sl="16" sc="0" el="16" ec="0" bec="0" bev="0" fileid="4" />
                <SequencePoint vc="0" uspid="81" ordinal="0" offset="76" sl="19" sc="0" el="19" ec="0" bec="0" bev="0" fileid="4" />
              </SequencePoints>
              <BranchPoints />
            </Method>
            <Method visited="false" cyclomaticComplexity="0" nPathComplexity="0" sequenceCoverage="0.0" branchCoverage="0" crapScore="0" isConstructor="false" isStatic="false" isGetter="false" isSetter="false">
              <Summary numSequencePoints="5" visitedSequencePoints="0" numBranchPoints="0" visitedBranchPoints="0" sequenceCoverage="0.0" branchCoverage="0" maxCyclomaticComplexity="0" minCyclomaticComplexity="0" maxCrapScore="0" minCrapScore="0" visitedClasses="0" numClasses="0" visitedMethods="0" numMethods="1" />
              <MetadataToken>100663298</MetadataToken>
              <Name>System.Void Tests.MovementTest::TestVerticalMovement()</Name>
              <FileRef uid="4" />
              <SequencePoints>
                <SequencePoint vc="0" uspid="82" ordinal="0" offset="0" sl="23" sc="0" el="23" ec="0" bec="0" bev="0" fileid="4" />
                <SequencePoint vc="0" uspid="83" ordinal="0" offset="1" sl="24" sc="0" el="24" ec="0" bec="0" bev="0" fileid="4" />
                <SequencePoint vc="0" uspid="84" ordinal="0" offset="7" sl="25" sc="0" el="25" ec="0" bec="0" bev="0" fileid="4" />
                <SequencePoint vc="0" uspid="85" ordinal="0" offset="14" sl="26" sc="0" el="26" ec="0" bec="0" bev="0" fileid="4" />
                <SequencePoint vc="0" uspid="86" ordinal="0" offset="76" sl="29" sc="0" el="29" ec="0" bec="0" bev="0" fileid="4" />
              </SequencePoints>
              <BranchPoints />
            </Method>
            <Method visited="false" cyclomaticComplexity="0" nPathComplexity="0" sequenceCoverage="0.0" branchCoverage="0" crapScore="0" isConstructor="false" isStatic="false" isGetter="false" isSetter="false">
              <Summary numSequencePoints="5" visitedSequencePoints="0" numBranchPoints="0" visitedBranchPoints="0" sequenceCoverage="0.0" branchCoverage="0" maxCyclomaticComplexity="0" minCyclomaticComplexity="0" maxCrapScore="0" minCrapScore="0" visitedClasses="0" numClasses="0" visitedMethods="0" numMethods="1" />
              <MetadataToken>100663299</MetadataToken>
              <Name>System.Void Tests.MovementTest::TestCompositeMovement()</Name>
              <FileRef uid="4" />
              <SequencePoints>
                <SequencePoint vc="0" uspid="87" ordinal="0" offset="0" sl="33" sc="0" el="33" ec="0" bec="0" bev="0" fileid="4" />
                <SequencePoint vc="0" uspid="88" ordinal="0" offset="1" sl="34" sc="0" el="34" ec="0" bec="0" bev="0" fileid="4" />
                <SequencePoint vc="0" uspid="89" ordinal="0" offset="7" sl="35" sc="0" el="35" ec="0" bec="0" bev="0" fileid="4" />
                <SequencePoint vc="0" uspid="90" ordinal="0" offset="14" sl="36" sc="0" el="36" ec="0" bec="0" bev="0" fileid="4" />
                <SequencePoint vc="0" uspid="91" ordinal="0" offset="76" sl="39" sc="0" el="39" ec="0" bec="0" bev="0" fileid="4" />
              </SequencePoints>
              <BranchPoints />
            </Method>
          </Methods>
        </Class>
      </Classes>
    </Module>
  </Modules>
</CoverageSession>