<?xml version="1.0" encoding="utf-8"?>
<CoverageSession xmlns:xsd="http://www.w3.org/2001/XMLSchema" xmlns:xsi="http://www.w3.org/2001/XMLSchema-instance" Version="0.0.0.0">
  <Summary numSequencePoints="207" visitedSequencePoints="79" numBranchPoints="0" visitedBranchPoints="0" sequenceCoverage="38.16" branchCoverage="0.0" maxCyclomaticComplexity="0" minCyclomaticComplexity="0" maxCrapScore="0" minCrapScore="0" visitedClasses="6" numClasses="14" visitedMethods="13" numMethods="35" />
  <Modules>
    <Module>
      <Summary numSequencePoints="56" visitedSequencePoints="56" numBranchPoints="0" visitedBranchPoints="0" sequenceCoverage="100.0" branchCoverage="0.0" maxCyclomaticComplexity="0" minCyclomaticComplexity="0" maxCrapScore="0" minCrapScore="0" visitedClasses="4" numClasses="4" visitedMethods="4" numMethods="4" />
      <ModuleTime>0001-01-01T00:00:00</ModuleTime>
      <ModuleName>PlayTests</ModuleName>
      <Files>
        <File uid="1" fullPath="C:/Users/krjrp/Documents/GitHub/ScarletPimpernel/Assets/Tests/PlayTests/PlayMovementTest.cs" />
      </Files>
      <Classes>
        <Class>
          <Summary numSequencePoints="15" visitedSequencePoints="15" numBranchPoints="0" visitedBranchPoints="0" sequenceCoverage="100.0" branchCoverage="0.0" maxCyclomaticComplexity="0" minCyclomaticComplexity="0" maxCrapScore="0" minCrapScore="0" visitedClasses="1" numClasses="1" visitedMethods="1" numMethods="1" />
          <FullName>Tests.PlayMovementTest/&lt;Test_Horizontal_Movement&gt;d__0</FullName>
          <Methods>
            <Method visited="true" cyclomaticComplexity="0" nPathComplexity="0" sequenceCoverage="100.0" branchCoverage="0" crapScore="0" isConstructor="false" isStatic="false" isGetter="false" isSetter="false">
              <Summary numSequencePoints="15" visitedSequencePoints="15" numBranchPoints="0" visitedBranchPoints="0" sequenceCoverage="100.0" branchCoverage="0" maxCyclomaticComplexity="0" minCyclomaticComplexity="0" maxCrapScore="0" minCrapScore="0" visitedClasses="0" numClasses="0" visitedMethods="1" numMethods="1" />
              <MetadataToken>100663304</MetadataToken>
              <Name>System.Boolean Tests.PlayMovementTest/&lt;Test_Horizontal_Movement&gt;d__0::MoveNext()</Name>
              <FileRef uid="1" />
              <SequencePoints>
                <SequencePoint vc="1" uspid="1" ordinal="0" offset="48" sl="17" sc="9" el="17" ec="9" bec="0" bev="0" fileid="1" />
                <SequencePoint vc="1" uspid="2" ordinal="0" offset="49" sl="18" sc="13" el="18" ec="13" bec="0" bev="0" fileid="1" />
                <SequencePoint vc="1" uspid="3" ordinal="0" offset="60" sl="19" sc="13" el="19" ec="13" bec="0" bev="0" fileid="1" />
                <SequencePoint vc="1" uspid="4" ordinal="0" offset="72" sl="20" sc="13" el="20" ec="13" bec="0" bev="0" fileid="1" />
                <SequencePoint vc="1" uspid="5" ordinal="0" offset="89" sl="23" sc="13" el="23" ec="13" bec="0" bev="0" fileid="1" />
                <SequencePoint vc="1" uspid="6" ordinal="0" offset="110" sl="24" sc="13" el="24" ec="13" bec="0" bev="0" fileid="1" />
                <SequencePoint vc="1" uspid="7" ordinal="0" offset="126" sl="25" sc="13" el="25" ec="13" bec="0" bev="0" fileid="1" />
                <SequencePoint vc="1" uspid="8" ordinal="0" offset="158" sl="26" sc="13" el="26" ec="13" bec="0" bev="0" fileid="1" />
                <SequencePoint vc="1" uspid="9" ordinal="0" offset="190" sl="27" sc="13" el="27" ec="13" bec="0" bev="0" fileid="1" />
                <SequencePoint vc="1" uspid="10" ordinal="0" offset="222" sl="29" sc="13" el="29" ec="13" bec="0" bev="0" fileid="1" />
                <SequencePoint vc="1" uspid="11" ordinal="0" offset="245" sl="30" sc="13" el="30" ec="13" bec="0" bev="0" fileid="1" />
                <SequencePoint vc="1" uspid="12" ordinal="0" offset="272" sl="31" sc="13" el="31" ec="13" bec="0" bev="0" fileid="1" />
                <SequencePoint vc="1" uspid="13" ordinal="0" offset="299" sl="32" sc="13" el="32" ec="13" bec="0" bev="0" fileid="1" />
                <SequencePoint vc="1" uspid="14" ordinal="0" offset="321" sl="33" sc="13" el="33" ec="13" bec="0" bev="0" fileid="1" />
                <SequencePoint vc="1" uspid="15" ordinal="0" offset="348" sl="34" sc="9" el="34" ec="9" bec="0" bev="0" fileid="1" />
              </SequencePoints>
              <BranchPoints />
            </Method>
          </Methods>
        </Class>
        <Class>
          <Summary numSequencePoints="15" visitedSequencePoints="15" numBranchPoints="0" visitedBranchPoints="0" sequenceCoverage="100.0" branchCoverage="0.0" maxCyclomaticComplexity="0" minCyclomaticComplexity="0" maxCrapScore="0" minCrapScore="0" visitedClasses="1" numClasses="1" visitedMethods="1" numMethods="1" />
          <FullName>Tests.PlayMovementTest/&lt;Test_Vertical_Movement&gt;d__1</FullName>
          <Methods>
            <Method visited="true" cyclomaticComplexity="0" nPathComplexity="0" sequenceCoverage="100.0" branchCoverage="0" crapScore="0" isConstructor="false" isStatic="false" isGetter="false" isSetter="false">
              <Summary numSequencePoints="15" visitedSequencePoints="15" numBranchPoints="0" visitedBranchPoints="0" sequenceCoverage="100.0" branchCoverage="0" maxCyclomaticComplexity="0" minCyclomaticComplexity="0" maxCrapScore="0" minCrapScore="0" visitedClasses="0" numClasses="0" visitedMethods="1" numMethods="1" />
              <MetadataToken>100663310</MetadataToken>
              <Name>System.Boolean Tests.PlayMovementTest/&lt;Test_Vertical_Movement&gt;d__1::MoveNext()</Name>
              <FileRef uid="1" />
              <SequencePoints>
                <SequencePoint vc="1" uspid="16" ordinal="0" offset="48" sl="38" sc="9" el="38" ec="9" bec="0" bev="0" fileid="1" />
                <SequencePoint vc="1" uspid="17" ordinal="0" offset="49" sl="39" sc="13" el="39" ec="13" bec="0" bev="0" fileid="1" />
                <SequencePoint vc="1" uspid="18" ordinal="0" offset="60" sl="40" sc="13" el="40" ec="13" bec="0" bev="0" fileid="1" />
                <SequencePoint vc="1" uspid="19" ordinal="0" offset="72" sl="41" sc="13" el="41" ec="13" bec="0" bev="0" fileid="1" />
                <SequencePoint vc="1" uspid="20" ordinal="0" offset="89" sl="44" sc="13" el="44" ec="13" bec="0" bev="0" fileid="1" />
                <SequencePoint vc="1" uspid="21" ordinal="0" offset="110" sl="45" sc="13" el="45" ec="13" bec="0" bev="0" fileid="1" />
                <SequencePoint vc="1" uspid="22" ordinal="0" offset="126" sl="46" sc="13" el="46" ec="13" bec="0" bev="0" fileid="1" />
                <SequencePoint vc="1" uspid="23" ordinal="0" offset="158" sl="47" sc="13" el="47" ec="13" bec="0" bev="0" fileid="1" />
                <SequencePoint vc="1" uspid="24" ordinal="0" offset="190" sl="48" sc="13" el="48" ec="13" bec="0" bev="0" fileid="1" />
                <SequencePoint vc="1" uspid="25" ordinal="0" offset="222" sl="50" sc="13" el="50" ec="13" bec="0" bev="0" fileid="1" />
                <SequencePoint vc="1" uspid="26" ordinal="0" offset="245" sl="51" sc="13" el="51" ec="13" bec="0" bev="0" fileid="1" />
                <SequencePoint vc="1" uspid="27" ordinal="0" offset="272" sl="52" sc="13" el="52" ec="13" bec="0" bev="0" fileid="1" />
                <SequencePoint vc="1" uspid="28" ordinal="0" offset="299" sl="53" sc="13" el="53" ec="13" bec="0" bev="0" fileid="1" />
                <SequencePoint vc="1" uspid="29" ordinal="0" offset="321" sl="54" sc="13" el="54" ec="13" bec="0" bev="0" fileid="1" />
                <SequencePoint vc="1" uspid="30" ordinal="0" offset="348" sl="55" sc="9" el="55" ec="9" bec="0" bev="0" fileid="1" />
              </SequencePoints>
              <BranchPoints />
            </Method>
          </Methods>
        </Class>
        <Class>
          <Summary numSequencePoints="15" visitedSequencePoints="15" numBranchPoints="0" visitedBranchPoints="0" sequenceCoverage="100.0" branchCoverage="0.0" maxCyclomaticComplexity="0" minCyclomaticComplexity="0" maxCrapScore="0" minCrapScore="0" visitedClasses="1" numClasses="1" visitedMethods="1" numMethods="1" />
          <FullName>Tests.PlayMovementTest/&lt;Test_Composite_Movement&gt;d__2</FullName>
          <Methods>
            <Method visited="true" cyclomaticComplexity="0" nPathComplexity="0" sequenceCoverage="100.0" branchCoverage="0" crapScore="0" isConstructor="false" isStatic="false" isGetter="false" isSetter="false">
              <Summary numSequencePoints="15" visitedSequencePoints="15" numBranchPoints="0" visitedBranchPoints="0" sequenceCoverage="100.0" branchCoverage="0" maxCyclomaticComplexity="0" minCyclomaticComplexity="0" maxCrapScore="0" minCrapScore="0" visitedClasses="0" numClasses="0" visitedMethods="1" numMethods="1" />
              <MetadataToken>100663316</MetadataToken>
              <Name>System.Boolean Tests.PlayMovementTest/&lt;Test_Composite_Movement&gt;d__2::MoveNext()</Name>
              <FileRef uid="1" />
              <SequencePoints>
                <SequencePoint vc="1" uspid="31" ordinal="0" offset="48" sl="59" sc="9" el="59" ec="9" bec="0" bev="0" fileid="1" />
                <SequencePoint vc="1" uspid="32" ordinal="0" offset="49" sl="60" sc="13" el="60" ec="13" bec="0" bev="0" fileid="1" />
                <SequencePoint vc="1" uspid="33" ordinal="0" offset="60" sl="61" sc="13" el="61" ec="13" bec="0" bev="0" fileid="1" />
                <SequencePoint vc="1" uspid="34" ordinal="0" offset="72" sl="62" sc="13" el="62" ec="13" bec="0" bev="0" fileid="1" />
                <SequencePoint vc="1" uspid="35" ordinal="0" offset="89" sl="65" sc="13" el="65" ec="13" bec="0" bev="0" fileid="1" />
                <SequencePoint vc="1" uspid="36" ordinal="0" offset="110" sl="66" sc="13" el="66" ec="13" bec="0" bev="0" fileid="1" />
                <SequencePoint vc="1" uspid="37" ordinal="0" offset="126" sl="67" sc="13" el="67" ec="13" bec="0" bev="0" fileid="1" />
                <SequencePoint vc="1" uspid="38" ordinal="0" offset="158" sl="68" sc="13" el="68" ec="13" bec="0" bev="0" fileid="1" />
                <SequencePoint vc="1" uspid="39" ordinal="0" offset="190" sl="69" sc="13" el="69" ec="13" bec="0" bev="0" fileid="1" />
                <SequencePoint vc="1" uspid="40" ordinal="0" offset="222" sl="71" sc="13" el="71" ec="13" bec="0" bev="0" fileid="1" />
                <SequencePoint vc="1" uspid="41" ordinal="0" offset="245" sl="72" sc="13" el="72" ec="13" bec="0" bev="0" fileid="1" />
                <SequencePoint vc="1" uspid="42" ordinal="0" offset="272" sl="73" sc="13" el="73" ec="13" bec="0" bev="0" fileid="1" />
                <SequencePoint vc="1" uspid="43" ordinal="0" offset="299" sl="74" sc="13" el="74" ec="13" bec="0" bev="0" fileid="1" />
                <SequencePoint vc="1" uspid="44" ordinal="0" offset="321" sl="75" sc="13" el="75" ec="13" bec="0" bev="0" fileid="1" />
                <SequencePoint vc="1" uspid="45" ordinal="0" offset="343" sl="76" sc="9" el="76" ec="9" bec="0" bev="0" fileid="1" />
              </SequencePoints>
              <BranchPoints />
            </Method>
          </Methods>
        </Class>
        <Class>
          <Summary numSequencePoints="11" visitedSequencePoints="11" numBranchPoints="0" visitedBranchPoints="0" sequenceCoverage="100.0" branchCoverage="0.0" maxCyclomaticComplexity="0" minCyclomaticComplexity="0" maxCrapScore="0" minCrapScore="0" visitedClasses="1" numClasses="1" visitedMethods="1" numMethods="1" />
          <FullName>Tests.PlayMovementTest/&lt;Test_Default_MovementController&gt;d__3</FullName>
          <Methods>
            <Method visited="true" cyclomaticComplexity="0" nPathComplexity="0" sequenceCoverage="100.0" branchCoverage="0" crapScore="0" isConstructor="false" isStatic="false" isGetter="false" isSetter="false">
              <Summary numSequencePoints="11" visitedSequencePoints="11" numBranchPoints="0" visitedBranchPoints="0" sequenceCoverage="100.0" branchCoverage="0" maxCyclomaticComplexity="0" minCyclomaticComplexity="0" maxCrapScore="0" minCrapScore="0" visitedClasses="0" numClasses="0" visitedMethods="1" numMethods="1" />
              <MetadataToken>100663322</MetadataToken>
              <Name>System.Boolean Tests.PlayMovementTest/&lt;Test_Default_MovementController&gt;d__3::MoveNext()</Name>
              <FileRef uid="1" />
              <SequencePoints>
                <SequencePoint vc="1" uspid="46" ordinal="0" offset="42" sl="80" sc="9" el="80" ec="9" bec="0" bev="0" fileid="1" />
                <SequencePoint vc="1" uspid="47" ordinal="0" offset="43" sl="81" sc="13" el="81" ec="13" bec="0" bev="0" fileid="1" />
                <SequencePoint vc="1" uspid="48" ordinal="0" offset="54" sl="82" sc="13" el="82" ec="13" bec="0" bev="0" fileid="1" />
                <SequencePoint vc="1" uspid="49" ordinal="0" offset="66" sl="83" sc="13" el="83" ec="13" bec="0" bev="0" fileid="1" />
                <SequencePoint vc="1" uspid="50" ordinal="0" offset="83" sl="86" sc="13" el="86" ec="13" bec="0" bev="0" fileid="1" />
                <SequencePoint vc="1" uspid="51" ordinal="0" offset="99" sl="88" sc="13" el="88" ec="13" bec="0" bev="0" fileid="1" />
                <SequencePoint vc="1" uspid="52" ordinal="0" offset="122" sl="89" sc="13" el="89" ec="13" bec="0" bev="0" fileid="1" />
                <SequencePoint vc="1" uspid="53" ordinal="0" offset="149" sl="90" sc="13" el="90" ec="13" bec="0" bev="0" fileid="1" />
                <SequencePoint vc="1" uspid="54" ordinal="0" offset="176" sl="91" sc="13" el="91" ec="13" bec="0" bev="0" fileid="1" />
                <SequencePoint vc="1" uspid="55" ordinal="0" offset="203" sl="92" sc="13" el="92" ec="13" bec="0" bev="0" fileid="1" />
                <SequencePoint vc="1" uspid="56" ordinal="0" offset="230" sl="93" sc="9" el="93" ec="9" bec="0" bev="0" fileid="1" />
              </SequencePoints>
              <BranchPoints />
            </Method>
          </Methods>
        </Class>
      </Classes>
    </Module>
    <Module>
      <Summary numSequencePoints="77" visitedSequencePoints="23" numBranchPoints="0" visitedBranchPoints="0" sequenceCoverage="29.87" branchCoverage="0.0" maxCyclomaticComplexity="0" minCyclomaticComplexity="0" maxCrapScore="0" minCrapScore="0" visitedClasses="2" numClasses="7" visitedMethods="9" numMethods="21" />
      <ModuleTime>0001-01-01T00:00:00</ModuleTime>
      <ModuleName>AllScripts</ModuleName>
      <Files>
        <File uid="2" fullPath="C:/Users/krjrp/Documents/GitHub/ScarletPimpernel/Assets/Scripts/ControllerInput.cs" />
        <File uid="3" fullPath="C:/Users/krjrp/Documents/GitHub/ScarletPimpernel/Assets/Scripts/Enemys/EnemyController.cs" />
        <File uid="4" fullPath="C:/Users/krjrp/Documents/GitHub/ScarletPimpernel/Assets/Scripts/Enemys/FollowMovement.cs" />
        <File uid="5" fullPath="C:/Users/krjrp/Documents/GitHub/ScarletPimpernel/Assets/Scripts/Enemys/FollowMovementObj.cs" />
        <File uid="6" fullPath="C:/Users/krjrp/Documents/GitHub/ScarletPimpernel/Assets/Scripts/Enemys/LoopMovement.cs" />
        <File uid="7" fullPath="C:/Users/krjrp/Documents/GitHub/ScarletPimpernel/Assets/Scripts/Enemys/LoopMovementObj.cs" />
        <File uid="8" fullPath="C:/Users/krjrp/Documents/GitHub/ScarletPimpernel/Assets/Scripts/MainCharacterController.cs" />
      </Files>
      <Classes>
        <Class>
          <Summary numSequencePoints="3" visitedSequencePoints="3" numBranchPoints="0" visitedBranchPoints="0" sequenceCoverage="100.0" branchCoverage="0.0" maxCyclomaticComplexity="0" minCyclomaticComplexity="0" maxCrapScore="0" minCrapScore="0" visitedClasses="1" numClasses="1" visitedMethods="3" numMethods="3" />
          <FullName>ControllerInput</FullName>
          <Methods>
            <Method visited="true" cyclomaticComplexity="0" nPathComplexity="0" sequenceCoverage="100.0" branchCoverage="0" crapScore="0" isConstructor="false" isStatic="false" isGetter="true" isSetter="false">
              <Summary numSequencePoints="1" visitedSequencePoints="1" numBranchPoints="0" visitedBranchPoints="0" sequenceCoverage="100.0" branchCoverage="0" maxCyclomaticComplexity="0" minCyclomaticComplexity="0" maxCrapScore="0" minCrapScore="0" visitedClasses="0" numClasses="0" visitedMethods="1" numMethods="1" />
              <MetadataToken>100663297</MetadataToken>
              <Name>System.Single ControllerInput::get_Vertical()</Name>
              <FileRef uid="2" />
              <SequencePoints>
                <SequencePoint vc="14" uspid="57" ordinal="0" offset="0" sl="4" sc="30" el="4" ec="30" bec="0" bev="0" fileid="2" />
              </SequencePoints>
              <BranchPoints />
            </Method>
            <Method visited="true" cyclomaticComplexity="0" nPathComplexity="0" sequenceCoverage="100.0" branchCoverage="0" crapScore="0" isConstructor="false" isStatic="false" isGetter="true" isSetter="false">
              <Summary numSequencePoints="1" visitedSequencePoints="1" numBranchPoints="0" visitedBranchPoints="0" sequenceCoverage="100.0" branchCoverage="0" maxCyclomaticComplexity="0" minCyclomaticComplexity="0" maxCrapScore="0" minCrapScore="0" visitedClasses="0" numClasses="0" visitedMethods="1" numMethods="1" />
              <MetadataToken>100663298</MetadataToken>
              <Name>System.Single ControllerInput::get_Horizontal()</Name>
              <FileRef uid="2" />
              <SequencePoints>
                <SequencePoint vc="14" uspid="58" ordinal="0" offset="0" sl="5" sc="32" el="5" ec="32" bec="0" bev="0" fileid="2" />
              </SequencePoints>
              <BranchPoints />
            </Method>
            <Method visited="true" cyclomaticComplexity="0" nPathComplexity="0" sequenceCoverage="100.0" branchCoverage="0" crapScore="0" isConstructor="false" isStatic="false" isGetter="true" isSetter="false">
              <Summary numSequencePoints="1" visitedSequencePoints="1" numBranchPoints="0" visitedBranchPoints="0" sequenceCoverage="100.0" branchCoverage="0" maxCyclomaticComplexity="0" minCyclomaticComplexity="0" maxCrapScore="0" minCrapScore="0" visitedClasses="0" numClasses="0" visitedMethods="1" numMethods="1" />
              <MetadataToken>100663299</MetadataToken>
              <Name>System.Single ControllerInput::get_GetTime()</Name>
              <FileRef uid="2" />
              <SequencePoints>
                <SequencePoint vc="5" uspid="59" ordinal="0" offset="0" sl="7" sc="29" el="7" ec="29" bec="0" bev="0" fileid="2" />
              </SequencePoints>
              <BranchPoints />
            </Method>
          </Methods>
        </Class>
        <Class>
          <Summary numSequencePoints="9" visitedSequencePoints="0" numBranchPoints="0" visitedBranchPoints="0" sequenceCoverage="0.0" branchCoverage="0.0" maxCyclomaticComplexity="0" minCyclomaticComplexity="0" maxCrapScore="0" minCrapScore="0" visitedClasses="0" numClasses="1" visitedMethods="0" numMethods="3" />
          <FullName>EnemyController</FullName>
          <Methods>
            <Method visited="false" cyclomaticComplexity="0" nPathComplexity="0" sequenceCoverage="0.0" branchCoverage="0" crapScore="0" isConstructor="false" isStatic="false" isGetter="false" isSetter="false">
              <Summary numSequencePoints="4" visitedSequencePoints="0" numBranchPoints="0" visitedBranchPoints="0" sequenceCoverage="0.0" branchCoverage="0" maxCyclomaticComplexity="0" minCyclomaticComplexity="0" maxCrapScore="0" minCrapScore="0" visitedClasses="0" numClasses="0" visitedMethods="0" numMethods="1" />
              <MetadataToken>100663301</MetadataToken>
              <Name>System.Void EnemyController::Start()</Name>
              <FileRef uid="3" />
              <SequencePoints>
                <SequencePoint vc="0" uspid="60" ordinal="0" offset="0" sl="11" sc="0" el="11" ec="0" bec="0" bev="0" fileid="3" />
                <SequencePoint vc="0" uspid="61" ordinal="0" offset="1" sl="12" sc="0" el="12" ec="0" bec="0" bev="0" fileid="3" />
                <SequencePoint vc="0" uspid="62" ordinal="0" offset="18" sl="13" sc="0" el="13" ec="0" bec="0" bev="0" fileid="3" />
                <SequencePoint vc="0" uspid="63" ordinal="0" offset="30" sl="14" sc="0" el="14" ec="0" bec="0" bev="0" fileid="3" />
              </SequencePoints>
              <BranchPoints />
            </Method>
            <Method visited="false" cyclomaticComplexity="0" nPathComplexity="0" sequenceCoverage="0.0" branchCoverage="0" crapScore="0" isConstructor="false" isStatic="false" isGetter="false" isSetter="false">
              <Summary numSequencePoints="2" visitedSequencePoints="0" numBranchPoints="0" visitedBranchPoints="0" sequenceCoverage="0.0" branchCoverage="0" maxCyclomaticComplexity="0" minCyclomaticComplexity="0" maxCrapScore="0" minCrapScore="0" visitedClasses="0" numClasses="0" visitedMethods="0" numMethods="1" />
              <MetadataToken>100663302</MetadataToken>
              <Name>System.Void EnemyController::Update()</Name>
              <FileRef uid="3" />
              <SequencePoints>
                <SequencePoint vc="0" uspid="64" ordinal="0" offset="0" sl="18" sc="0" el="18" ec="0" bec="0" bev="0" fileid="3" />
                <SequencePoint vc="0" uspid="65" ordinal="0" offset="1" sl="20" sc="0" el="20" ec="0" bec="0" bev="0" fileid="3" />
              </SequencePoints>
              <BranchPoints />
            </Method>
            <Method visited="false" cyclomaticComplexity="0" nPathComplexity="0" sequenceCoverage="0.0" branchCoverage="0" crapScore="0" isConstructor="false" isStatic="false" isGetter="false" isSetter="false">
              <Summary numSequencePoints="3" visitedSequencePoints="0" numBranchPoints="0" visitedBranchPoints="0" sequenceCoverage="0.0" branchCoverage="0" maxCyclomaticComplexity="0" minCyclomaticComplexity="0" maxCrapScore="0" minCrapScore="0" visitedClasses="0" numClasses="0" visitedMethods="0" numMethods="1" />
              <MetadataToken>100663303</MetadataToken>
              <Name>System.Void EnemyController::FixedUpdate()</Name>
              <FileRef uid="3" />
              <SequencePoints>
                <SequencePoint vc="0" uspid="66" ordinal="0" offset="0" sl="23" sc="0" el="23" ec="0" bec="0" bev="0" fileid="3" />
                <SequencePoint vc="0" uspid="67" ordinal="0" offset="1" sl="24" sc="0" el="24" ec="0" bec="0" bev="0" fileid="3" />
                <SequencePoint vc="0" uspid="68" ordinal="0" offset="29" sl="25" sc="0" el="25" ec="0" bec="0" bev="0" fileid="3" />
              </SequencePoints>
              <BranchPoints />
            </Method>
          </Methods>
        </Class>
        <Class>
          <Summary numSequencePoints="4" visitedSequencePoints="0" numBranchPoints="0" visitedBranchPoints="0" sequenceCoverage="0.0" branchCoverage="0.0" maxCyclomaticComplexity="0" minCyclomaticComplexity="0" maxCrapScore="0" minCrapScore="0" visitedClasses="0" numClasses="1" visitedMethods="0" numMethods="2" />
          <FullName>FollowMovement</FullName>
          <Methods>
            <Method visited="false" cyclomaticComplexity="0" nPathComplexity="0" sequenceCoverage="0.0" branchCoverage="0" crapScore="0" isConstructor="false" isStatic="false" isGetter="false" isSetter="false">
              <Summary numSequencePoints="3" visitedSequencePoints="0" numBranchPoints="0" visitedBranchPoints="0" sequenceCoverage="0.0" branchCoverage="0" maxCyclomaticComplexity="0" minCyclomaticComplexity="0" maxCrapScore="0" minCrapScore="0" visitedClasses="0" numClasses="0" visitedMethods="0" numMethods="1" />
              <MetadataToken>100663307</MetadataToken>
              <Name>System.Void FollowMovement::Awake()</Name>
              <FileRef uid="4" />
              <SequencePoints>
                <SequencePoint vc="0" uspid="69" ordinal="0" offset="0" sl="14" sc="0" el="14" ec="0" bec="0" bev="0" fileid="4" />
                <SequencePoint vc="0" uspid="70" ordinal="0" offset="1" sl="15" sc="0" el="15" ec="0" bec="0" bev="0" fileid="4" />
                <SequencePoint vc="0" uspid="71" ordinal="0" offset="40" sl="16" sc="0" el="16" ec="0" bec="0" bev="0" fileid="4" />
              </SequencePoints>
              <BranchPoints />
            </Method>
            <Method visited="false" cyclomaticComplexity="0" nPathComplexity="0" sequenceCoverage="0.0" branchCoverage="0" crapScore="0" isConstructor="false" isStatic="false" isGetter="false" isSetter="false">
              <Summary numSequencePoints="1" visitedSequencePoints="0" numBranchPoints="0" visitedBranchPoints="0" sequenceCoverage="0.0" branchCoverage="0" maxCyclomaticComplexity="0" minCyclomaticComplexity="0" maxCrapScore="0" minCrapScore="0" visitedClasses="0" numClasses="0" visitedMethods="0" numMethods="1" />
              <MetadataToken>100663308</MetadataToken>
              <Name>EnemyMovementObject FollowMovement::GetMoover()</Name>
              <FileRef uid="4" />
              <SequencePoints>
                <SequencePoint vc="0" uspid="72" ordinal="0" offset="0" sl="18" sc="0" el="18" ec="0" bec="0" bev="0" fileid="4" />
              </SequencePoints>
              <BranchPoints />
            </Method>
          </Methods>
        </Class>
        <Class>
          <Summary numSequencePoints="21" visitedSequencePoints="0" numBranchPoints="0" visitedBranchPoints="0" sequenceCoverage="0.0" branchCoverage="0.0" maxCyclomaticComplexity="0" minCyclomaticComplexity="0" maxCrapScore="0" minCrapScore="0" visitedClasses="0" numClasses="1" visitedMethods="0" numMethods="2" />
          <FullName>FollowMovementObj</FullName>
          <Methods>
            <Method visited="false" cyclomaticComplexity="0" nPathComplexity="0" sequenceCoverage="0.0" branchCoverage="0" crapScore="0" isConstructor="false" isStatic="false" isGetter="false" isSetter="false">
              <Summary numSequencePoints="13" visitedSequencePoints="0" numBranchPoints="0" visitedBranchPoints="0" sequenceCoverage="0.0" branchCoverage="0" maxCyclomaticComplexity="0" minCyclomaticComplexity="0" maxCrapScore="0" minCrapScore="0" visitedClasses="0" numClasses="0" visitedMethods="0" numMethods="1" />
              <MetadataToken>100663311</MetadataToken>
              <Name>UnityEngine.Vector2 FollowMovementObj::Move(System.Single)</Name>
              <FileRef uid="5" />
              <SequencePoints>
                <SequencePoint vc="0" uspid="73" ordinal="0" offset="0" sl="29" sc="0" el="29" ec="0" bec="0" bev="0" fileid="5" />
                <SequencePoint vc="0" uspid="74" ordinal="0" offset="1" sl="30" sc="0" el="30" ec="0" bec="0" bev="0" fileid="5" />
                <SequencePoint vc="0" uspid="75" ordinal="0" offset="7" sl="32" sc="0" el="32" ec="0" bec="0" bev="0" fileid="5" />
                <SequencePoint vc="0" uspid="76" ordinal="0" offset="56" sl="33" sc="0" el="33" ec="0" bec="0" bev="0" fileid="5" />
                <SequencePoint vc="0" uspid="77" ordinal="0" offset="57" sl="34" sc="0" el="34" ec="0" bec="0" bev="0" fileid="5" />
                <SequencePoint vc="0" uspid="78" ordinal="0" offset="64" sl="35" sc="0" el="35" ec="0" bec="0" bev="0" fileid="5" />
                <SequencePoint vc="0" uspid="79" ordinal="0" offset="65" sl="36" sc="0" el="36" ec="0" bec="0" bev="0" fileid="5" />
                <SequencePoint vc="0" uspid="80" ordinal="0" offset="75" sl="37" sc="0" el="37" ec="0" bec="0" bev="0" fileid="5" />
                <SequencePoint vc="0" uspid="81" ordinal="0" offset="76" sl="38" sc="0" el="38" ec="0" bec="0" bev="0" fileid="5" />
                <SequencePoint vc="0" uspid="82" ordinal="0" offset="109" sl="39" sc="0" el="39" ec="0" bec="0" bev="0" fileid="5" />
                <SequencePoint vc="0" uspid="83" ordinal="0" offset="110" sl="42" sc="0" el="42" ec="0" bec="0" bev="0" fileid="5" />
                <SequencePoint vc="0" uspid="84" ordinal="0" offset="118" sl="44" sc="0" el="44" ec="0" bec="0" bev="0" fileid="5" />
                <SequencePoint vc="0" uspid="85" ordinal="0" offset="133" sl="45" sc="0" el="45" ec="0" bec="0" bev="0" fileid="5" />
              </SequencePoints>
              <BranchPoints />
            </Method>
            <Method visited="false" cyclomaticComplexity="0" nPathComplexity="0" sequenceCoverage="0.0" branchCoverage="0" crapScore="0" isConstructor="true" isStatic="false" isGetter="false" isSetter="false">
              <Summary numSequencePoints="8" visitedSequencePoints="0" numBranchPoints="0" visitedBranchPoints="0" sequenceCoverage="0.0" branchCoverage="0" maxCyclomaticComplexity="0" minCyclomaticComplexity="0" maxCrapScore="0" minCrapScore="0" visitedClasses="0" numClasses="0" visitedMethods="0" numMethods="1" />
              <MetadataToken>100663310</MetadataToken>
              <Name>FollowMovementObj::FollowMovementObj(System.Single, System.Single, UnityEngine.Transform, UnityEngine.Transform)</Name>
              <FileRef uid="5" />
              <SequencePoints>
                <SequencePoint vc="0" uspid="86" ordinal="0" offset="0" sl="17" sc="0" el="17" ec="0" bec="0" bev="0" fileid="5" />
                <SequencePoint vc="0" uspid="87" ordinal="0" offset="7" sl="18" sc="0" el="18" ec="0" bec="0" bev="0" fileid="5" />
                <SequencePoint vc="0" uspid="88" ordinal="0" offset="8" sl="19" sc="0" el="19" ec="0" bec="0" bev="0" fileid="5" />
                <SequencePoint vc="0" uspid="89" ordinal="0" offset="15" sl="20" sc="0" el="20" ec="0" bec="0" bev="0" fileid="5" />
                <SequencePoint vc="0" uspid="90" ordinal="0" offset="22" sl="21" sc="0" el="21" ec="0" bec="0" bev="0" fileid="5" />
                <SequencePoint vc="0" uspid="91" ordinal="0" offset="29" sl="22" sc="0" el="22" ec="0" bec="0" bev="0" fileid="5" />
                <SequencePoint vc="0" uspid="92" ordinal="0" offset="37" sl="23" sc="0" el="23" ec="0" bec="0" bev="0" fileid="5" />
                <SequencePoint vc="0" uspid="93" ordinal="0" offset="44" sl="24" sc="0" el="24" ec="0" bec="0" bev="0" fileid="5" />
              </SequencePoints>
              <BranchPoints />
            </Method>
          </Methods>
        </Class>
        <Class>
          <Summary numSequencePoints="5" visitedSequencePoints="0" numBranchPoints="0" visitedBranchPoints="0" sequenceCoverage="0.0" branchCoverage="0.0" maxCyclomaticComplexity="0" minCyclomaticComplexity="0" maxCrapScore="0" minCrapScore="0" visitedClasses="0" numClasses="1" visitedMethods="0" numMethods="3" />
          <FullName>LoopMovement</FullName>
          <Methods>
            <Method visited="false" cyclomaticComplexity="0" nPathComplexity="0" sequenceCoverage="0.0" branchCoverage="0" crapScore="0" isConstructor="false" isStatic="false" isGetter="false" isSetter="false">
              <Summary numSequencePoints="3" visitedSequencePoints="0" numBranchPoints="0" visitedBranchPoints="0" sequenceCoverage="0.0" branchCoverage="0" maxCyclomaticComplexity="0" minCyclomaticComplexity="0" maxCrapScore="0" minCrapScore="0" visitedClasses="0" numClasses="0" visitedMethods="0" numMethods="1" />
              <MetadataToken>100663312</MetadataToken>
              <Name>System.Void LoopMovement::Awake()</Name>
              <FileRef uid="6" />
              <SequencePoints>
                <SequencePoint vc="0" uspid="94" ordinal="0" offset="0" sl="16" sc="0" el="16" ec="0" bec="0" bev="0" fileid="6" />
                <SequencePoint vc="0" uspid="95" ordinal="0" offset="1" sl="17" sc="0" el="17" ec="0" bec="0" bev="0" fileid="6" />
                <SequencePoint vc="0" uspid="96" ordinal="0" offset="30" sl="18" sc="0" el="18" ec="0" bec="0" bev="0" fileid="6" />
              </SequencePoints>
              <BranchPoints />
            </Method>
            <Method visited="false" cyclomaticComplexity="0" nPathComplexity="0" sequenceCoverage="0.0" branchCoverage="0" crapScore="0" isConstructor="false" isStatic="false" isGetter="false" isSetter="false">
              <Summary numSequencePoints="1" visitedSequencePoints="0" numBranchPoints="0" visitedBranchPoints="0" sequenceCoverage="0.0" branchCoverage="0" maxCyclomaticComplexity="0" minCyclomaticComplexity="0" maxCrapScore="0" minCrapScore="0" visitedClasses="0" numClasses="0" visitedMethods="0" numMethods="1" />
              <MetadataToken>100663313</MetadataToken>
              <Name>EnemyMovementObject LoopMovement::GetMoover()</Name>
              <FileRef uid="6" />
              <SequencePoints>
                <SequencePoint vc="0" uspid="97" ordinal="0" offset="0" sl="20" sc="0" el="20" ec="0" bec="0" bev="0" fileid="6" />
              </SequencePoints>
              <BranchPoints />
            </Method>
            <Method visited="false" cyclomaticComplexity="0" nPathComplexity="0" sequenceCoverage="0.0" branchCoverage="0" crapScore="0" isConstructor="true" isStatic="false" isGetter="false" isSetter="false">
              <Summary numSequencePoints="1" visitedSequencePoints="0" numBranchPoints="0" visitedBranchPoints="0" sequenceCoverage="0.0" branchCoverage="0" maxCyclomaticComplexity="0" minCyclomaticComplexity="0" maxCrapScore="0" minCrapScore="0" visitedClasses="0" numClasses="0" visitedMethods="0" numMethods="1" />
              <MetadataToken>100663314</MetadataToken>
              <Name>LoopMovement::LoopMovement()</Name>
              <FileRef uid="6" />
              <SequencePoints>
                <SequencePoint vc="0" uspid="98" ordinal="0" offset="0" sl="11" sc="0" el="11" ec="0" bec="0" bev="0" fileid="6" />
              </SequencePoints>
              <BranchPoints />
            </Method>
          </Methods>
        </Class>
        <Class>
          <Summary numSequencePoints="15" visitedSequencePoints="0" numBranchPoints="0" visitedBranchPoints="0" sequenceCoverage="0.0" branchCoverage="0.0" maxCyclomaticComplexity="0" minCyclomaticComplexity="0" maxCrapScore="0" minCrapScore="0" visitedClasses="0" numClasses="1" visitedMethods="0" numMethods="2" />
          <FullName>LoopMovementObj</FullName>
          <Methods>
            <Method visited="false" cyclomaticComplexity="0" nPathComplexity="0" sequenceCoverage="0.0" branchCoverage="0" crapScore="0" isConstructor="false" isStatic="false" isGetter="false" isSetter="false">
              <Summary numSequencePoints="9" visitedSequencePoints="0" numBranchPoints="0" visitedBranchPoints="0" sequenceCoverage="0.0" branchCoverage="0" maxCyclomaticComplexity="0" minCyclomaticComplexity="0" maxCrapScore="0" minCrapScore="0" visitedClasses="0" numClasses="0" visitedMethods="0" numMethods="1" />
              <MetadataToken>100663316</MetadataToken>
              <Name>UnityEngine.Vector2 LoopMovementObj::Move(System.Single)</Name>
              <FileRef uid="7" />
              <SequencePoints>
                <SequencePoint vc="0" uspid="99" ordinal="0" offset="0" sl="26" sc="0" el="26" ec="0" bec="0" bev="0" fileid="7" />
                <SequencePoint vc="0" uspid="100" ordinal="0" offset="1" sl="27" sc="0" el="27" ec="0" bec="0" bev="0" fileid="7" />
                <SequencePoint vc="0" uspid="101" ordinal="0" offset="15" sl="28" sc="0" el="28" ec="0" bec="0" bev="0" fileid="7" />
                <SequencePoint vc="0" uspid="102" ordinal="0" offset="33" sl="29" sc="0" el="29" ec="0" bec="0" bev="0" fileid="7" />
                <SequencePoint vc="0" uspid="103" ordinal="0" offset="34" sl="30" sc="0" el="30" ec="0" bec="0" bev="0" fileid="7" />
                <SequencePoint vc="0" uspid="104" ordinal="0" offset="45" sl="31" sc="0" el="31" ec="0" bec="0" bev="0" fileid="7" />
                <SequencePoint vc="0" uspid="105" ordinal="0" offset="68" sl="32" sc="0" el="32" ec="0" bec="0" bev="0" fileid="7" />
                <SequencePoint vc="0" uspid="106" ordinal="0" offset="69" sl="33" sc="0" el="33" ec="0" bec="0" bev="0" fileid="7" />
                <SequencePoint vc="0" uspid="107" ordinal="0" offset="100" sl="34" sc="0" el="34" ec="0" bec="0" bev="0" fileid="7" />
              </SequencePoints>
              <BranchPoints />
            </Method>
            <Method visited="false" cyclomaticComplexity="0" nPathComplexity="0" sequenceCoverage="0.0" branchCoverage="0" crapScore="0" isConstructor="true" isStatic="false" isGetter="false" isSetter="false">
              <Summary numSequencePoints="6" visitedSequencePoints="0" numBranchPoints="0" visitedBranchPoints="0" sequenceCoverage="0.0" branchCoverage="0" maxCyclomaticComplexity="0" minCyclomaticComplexity="0" maxCrapScore="0" minCrapScore="0" visitedClasses="0" numClasses="0" visitedMethods="0" numMethods="1" />
              <MetadataToken>100663315</MetadataToken>
              <Name>LoopMovementObj::LoopMovementObj(System.Single, System.Single, UnityEngine.Vector2[])</Name>
              <FileRef uid="7" />
              <SequencePoints>
                <SequencePoint vc="0" uspid="108" ordinal="0" offset="0" sl="17" sc="0" el="17" ec="0" bec="0" bev="0" fileid="7" />
                <SequencePoint vc="0" uspid="109" ordinal="0" offset="7" sl="18" sc="0" el="18" ec="0" bec="0" bev="0" fileid="7" />
                <SequencePoint vc="0" uspid="110" ordinal="0" offset="8" sl="19" sc="0" el="19" ec="0" bec="0" bev="0" fileid="7" />
                <SequencePoint vc="0" uspid="111" ordinal="0" offset="15" sl="20" sc="0" el="20" ec="0" bec="0" bev="0" fileid="7" />
                <SequencePoint vc="0" uspid="112" ordinal="0" offset="22" sl="21" sc="0" el="21" ec="0" bec="0" bev="0" fileid="7" />
                <SequencePoint vc="0" uspid="113" ordinal="0" offset="29" sl="23" sc="0" el="23" ec="0" bec="0" bev="0" fileid="7" />
              </SequencePoints>
              <BranchPoints />
            </Method>
          </Methods>
        </Class>
        <Class>
          <Summary numSequencePoints="20" visitedSequencePoints="20" numBranchPoints="0" visitedBranchPoints="0" sequenceCoverage="100.0" branchCoverage="0.0" maxCyclomaticComplexity="0" minCyclomaticComplexity="0" maxCrapScore="0" minCrapScore="0" visitedClasses="1" numClasses="1" visitedMethods="6" numMethods="6" />
          <FullName>MainCharacterController</FullName>
          <Methods>
            <Method visited="true" cyclomaticComplexity="0" nPathComplexity="0" sequenceCoverage="100.0" branchCoverage="0" crapScore="0" isConstructor="false" isStatic="false" isGetter="false" isSetter="false">
              <Summary numSequencePoints="3" visitedSequencePoints="3" numBranchPoints="0" visitedBranchPoints="0" sequenceCoverage="100.0" branchCoverage="0" maxCyclomaticComplexity="0" minCyclomaticComplexity="0" maxCrapScore="0" minCrapScore="0" visitedClasses="0" numClasses="0" visitedMethods="1" numMethods="1" />
              <MetadataToken>100663320</MetadataToken>
              <Name>System.Void MainCharacterController::Awake()</Name>
              <FileRef uid="8" />
              <SequencePoints>
                <SequencePoint vc="4" uspid="114" ordinal="0" offset="0" sl="18" sc="5" el="18" ec="5" bec="0" bev="0" fileid="8" />
                <SequencePoint vc="4" uspid="115" ordinal="0" offset="1" sl="19" sc="9" el="19" ec="9" bec="0" bev="0" fileid="8" />
                <SequencePoint vc="4" uspid="116" ordinal="0" offset="7" sl="20" sc="5" el="20" ec="5" bec="0" bev="0" fileid="8" />
              </SequencePoints>
              <BranchPoints />
            </Method>
            <Method visited="true" cyclomaticComplexity="0" nPathComplexity="0" sequenceCoverage="100.0" branchCoverage="0" crapScore="0" isConstructor="false" isStatic="false" isGetter="false" isSetter="false">
              <Summary numSequencePoints="5" visitedSequencePoints="5" numBranchPoints="0" visitedBranchPoints="0" sequenceCoverage="100.0" branchCoverage="0" maxCyclomaticComplexity="0" minCyclomaticComplexity="0" maxCrapScore="0" minCrapScore="0" visitedClasses="0" numClasses="0" visitedMethods="1" numMethods="1" />
              <MetadataToken>100663321</MetadataToken>
              <Name>System.Void MainCharacterController::Start()</Name>
              <FileRef uid="8" />
              <SequencePoints>
                <SequencePoint vc="4" uspid="117" ordinal="0" offset="0" sl="24" sc="5" el="24" ec="5" bec="0" bev="0" fileid="8" />
                <SequencePoint vc="4" uspid="118" ordinal="0" offset="1" sl="25" sc="9" el="25" ec="9" bec="0" bev="0" fileid="8" />
                <SequencePoint vc="4" uspid="119" ordinal="0" offset="13" sl="27" sc="9" el="27" ec="9" bec="0" bev="0" fileid="8" />
                <SequencePoint vc="1" uspid="120" ordinal="0" offset="26" sl="28" sc="13" el="28" ec="13" bec="0" bev="0" fileid="8" />
                <SequencePoint vc="4" uspid="121" ordinal="0" offset="37" sl="29" sc="5" el="29" ec="5" bec="0" bev="0" fileid="8" />
              </SequencePoints>
              <BranchPoints />
            </Method>
            <Method visited="true" cyclomaticComplexity="0" nPathComplexity="0" sequenceCoverage="100.0" branchCoverage="0" crapScore="0" isConstructor="false" isStatic="false" isGetter="false" isSetter="false">
              <Summary numSequencePoints="5" visitedSequencePoints="5" numBranchPoints="0" visitedBranchPoints="0" sequenceCoverage="100.0" branchCoverage="0" maxCyclomaticComplexity="0" minCyclomaticComplexity="0" maxCrapScore="0" minCrapScore="0" visitedClasses="0" numClasses="0" visitedMethods="1" numMethods="1" />
              <MetadataToken>100663322</MetadataToken>
              <Name>System.Void MainCharacterController::Update()</Name>
              <FileRef uid="8" />
              <SequencePoints>
                <SequencePoint vc="44" uspid="122" ordinal="0" offset="0" sl="33" sc="5" el="33" ec="5" bec="0" bev="0" fileid="8" />
                <SequencePoint vc="44" uspid="123" ordinal="0" offset="1" sl="34" sc="9" el="34" ec="9" bec="0" bev="0" fileid="8" />
                <SequencePoint vc="44" uspid="124" ordinal="0" offset="23" sl="35" sc="9" el="35" ec="9" bec="0" bev="0" fileid="8" />
                <SequencePoint vc="44" uspid="125" ordinal="0" offset="45" sl="36" sc="9" el="36" ec="9" bec="0" bev="0" fileid="8" />
                <SequencePoint vc="44" uspid="126" ordinal="0" offset="57" sl="37" sc="5" el="37" ec="5" bec="0" bev="0" fileid="8" />
              </SequencePoints>
              <BranchPoints />
            </Method>
            <Method visited="true" cyclomaticComplexity="0" nPathComplexity="0" sequenceCoverage="100.0" branchCoverage="0" crapScore="0" isConstructor="false" isStatic="false" isGetter="false" isSetter="false">
              <Summary numSequencePoints="3" visitedSequencePoints="3" numBranchPoints="0" visitedBranchPoints="0" sequenceCoverage="100.0" branchCoverage="0" maxCyclomaticComplexity="0" minCyclomaticComplexity="0" maxCrapScore="0" minCrapScore="0" visitedClasses="0" numClasses="0" visitedMethods="1" numMethods="1" />
              <MetadataToken>100663323</MetadataToken>
              <Name>System.Void MainCharacterController::FixedUpdate()</Name>
              <FileRef uid="8" />
              <SequencePoints>
                <SequencePoint vc="24" uspid="127" ordinal="0" offset="0" sl="40" sc="5" el="40" ec="5" bec="0" bev="0" fileid="8" />
                <SequencePoint vc="24" uspid="128" ordinal="0" offset="1" sl="41" sc="9" el="41" ec="9" bec="0" bev="0" fileid="8" />
                <SequencePoint vc="24" uspid="129" ordinal="0" offset="58" sl="42" sc="5" el="42" ec="5" bec="0" bev="0" fileid="8" />
              </SequencePoints>
              <BranchPoints />
            </Method>
            <Method visited="true" cyclomaticComplexity="0" nPathComplexity="0" sequenceCoverage="100.0" branchCoverage="0" crapScore="0" isConstructor="false" isStatic="false" isGetter="false" isSetter="false">
              <Summary numSequencePoints="3" visitedSequencePoints="3" numBranchPoints="0" visitedBranchPoints="0" sequenceCoverage="100.0" branchCoverage="0" maxCyclomaticComplexity="0" minCyclomaticComplexity="0" maxCrapScore="0" minCrapScore="0" visitedClasses="0" numClasses="0" visitedMethods="1" numMethods="1" />
              <MetadataToken>100663324</MetadataToken>
              <Name>UnityEngine.Vector2 MainCharacterController::CalculateMovement(UnityEngine.Vector2, System.Single, System.Single)</Name>
              <FileRef uid="8" />
              <SequencePoints>
                <SequencePoint vc="24" uspid="130" ordinal="0" offset="0" sl="45" sc="5" el="45" ec="5" bec="0" bev="0" fileid="8" />
                <SequencePoint vc="24" uspid="131" ordinal="0" offset="1" sl="46" sc="9" el="46" ec="9" bec="0" bev="0" fileid="8" />
                <SequencePoint vc="24" uspid="132" ordinal="0" offset="29" sl="47" sc="5" el="47" ec="5" bec="0" bev="0" fileid="8" />
              </SequencePoints>
              <BranchPoints />
            </Method>
            <Method visited="true" cyclomaticComplexity="0" nPathComplexity="0" sequenceCoverage="100.0" branchCoverage="0" crapScore="0" isConstructor="true" isStatic="false" isGetter="false" isSetter="false">
              <Summary numSequencePoints="1" visitedSequencePoints="1" numBranchPoints="0" visitedBranchPoints="0" sequenceCoverage="100.0" branchCoverage="0" maxCyclomaticComplexity="0" minCyclomaticComplexity="0" maxCrapScore="0" minCrapScore="0" visitedClasses="0" numClasses="0" visitedMethods="1" numMethods="1" />
              <MetadataToken>100663325</MetadataToken>
              <Name>MainCharacterController::MainCharacterController()</Name>
              <FileRef uid="8" />
              <SequencePoints>
                <SequencePoint vc="4" uspid="133" ordinal="0" offset="0" sl="8" sc="5" el="8" ec="5" bec="0" bev="0" fileid="8" />
              </SequencePoints>
              <BranchPoints />
            </Method>
          </Methods>
        </Class>
      </Classes>
    </Module>
    <Module>
      <Summary numSequencePoints="74" visitedSequencePoints="0" numBranchPoints="0" visitedBranchPoints="0" sequenceCoverage="0.0" branchCoverage="0.0" maxCyclomaticComplexity="0" minCyclomaticComplexity="0" maxCrapScore="0" minCrapScore="0" visitedClasses="0" numClasses="3" visitedMethods="0" numMethods="10" />
      <ModuleTime>0001-01-01T00:00:00</ModuleTime>
      <ModuleName>TestEdit</ModuleName>
      <Files>
        <File uid="9" fullPath="C:/Users/krjrp/Documents/GitHub/ScarletPimpernel/Assets/Tests/TestEdit/FollowMovementTest.cs" />
        <File uid="10" fullPath="C:/Users/krjrp/Documents/GitHub/ScarletPimpernel/Assets/Tests/TestEdit/LooperMovementTest.cs" />
        <File uid="11" fullPath="C:/Users/krjrp/Documents/GitHub/ScarletPimpernel/Assets/Tests/TestEdit/MovementTest.cs" />
      </Files>
      <Classes>
        <Class>
          <Summary numSequencePoints="44" visitedSequencePoints="0" numBranchPoints="0" visitedBranchPoints="0" sequenceCoverage="0.0" branchCoverage="0.0" maxCyclomaticComplexity="0" minCyclomaticComplexity="0" maxCrapScore="0" minCrapScore="0" visitedClasses="0" numClasses="1" visitedMethods="0" numMethods="4" />
          <FullName>Tests.FollowMovementTest</FullName>
          <Methods>
            <Method visited="false" cyclomaticComplexity="0" nPathComplexity="0" sequenceCoverage="0.0" branchCoverage="0" crapScore="0" isConstructor="false" isStatic="false" isGetter="false" isSetter="false">
              <Summary numSequencePoints="10" visitedSequencePoints="0" numBranchPoints="0" visitedBranchPoints="0" sequenceCoverage="0.0" branchCoverage="0" maxCyclomaticComplexity="0" minCyclomaticComplexity="0" maxCrapScore="0" minCrapScore="0" visitedClasses="0" numClasses="0" visitedMethods="0" numMethods="1" />
              <MetadataToken>100663297</MetadataToken>
              <Name>System.Void Tests.FollowMovementTest::InRangeSpeed1Test()</Name>
              <FileRef uid="9" />
              <SequencePoints>
                <SequencePoint vc="0" uspid="134" ordinal="0" offset="0" sl="14" sc="0" el="14" ec="0" bec="0" bev="0" fileid="9" />
                <SequencePoint vc="0" uspid="135" ordinal="0" offset="1" sl="15" sc="0" el="15" ec="0" bec="0" bev="0" fileid="9" />
                <SequencePoint vc="0" uspid="136" ordinal="0" offset="7" sl="16" sc="0" el="16" ec="0" bec="0" bev="0" fileid="9" />
                <SequencePoint vc="0" uspid="137" ordinal="0" offset="13" sl="18" sc="0" el="18" ec="0" bec="0" bev="0" fileid="9" />
                <SequencePoint vc="0" uspid="138" ordinal="0" offset="20" sl="19" sc="0" el="19" ec="0" bec="0" bev="0" fileid="9" />
                <SequencePoint vc="0" uspid="139" ordinal="0" offset="27" sl="20" sc="0" el="20" ec="0" bec="0" bev="0" fileid="9" />
                <SequencePoint vc="0" uspid="140" ordinal="0" offset="54" sl="21" sc="0" el="21" ec="0" bec="0" bev="0" fileid="9" />
                <SequencePoint vc="0" uspid="141" ordinal="0" offset="81" sl="23" sc="0" el="23" ec="0" bec="0" bev="0" fileid="9" />
                <SequencePoint vc="0" uspid="142" ordinal="0" offset="100" sl="24" sc="0" el="24" ec="0" bec="0" bev="0" fileid="9" />
                <SequencePoint vc="0" uspid="143" ordinal="0" offset="152" sl="25" sc="0" el="25" ec="0" bec="0" bev="0" fileid="9" />
              </SequencePoints>
              <BranchPoints />
            </Method>
            <Method visited="false" cyclomaticComplexity="0" nPathComplexity="0" sequenceCoverage="0.0" branchCoverage="0" crapScore="0" isConstructor="false" isStatic="false" isGetter="false" isSetter="false">
              <Summary numSequencePoints="10" visitedSequencePoints="0" numBranchPoints="0" visitedBranchPoints="0" sequenceCoverage="0.0" branchCoverage="0" maxCyclomaticComplexity="0" minCyclomaticComplexity="0" maxCrapScore="0" minCrapScore="0" visitedClasses="0" numClasses="0" visitedMethods="0" numMethods="1" />
              <MetadataToken>100663298</MetadataToken>
              <Name>System.Void Tests.FollowMovementTest::InRangeSpeed3Test()</Name>
              <FileRef uid="9" />
              <SequencePoints>
                <SequencePoint vc="0" uspid="144" ordinal="0" offset="0" sl="29" sc="0" el="29" ec="0" bec="0" bev="0" fileid="9" />
                <SequencePoint vc="0" uspid="145" ordinal="0" offset="1" sl="30" sc="0" el="30" ec="0" bec="0" bev="0" fileid="9" />
                <SequencePoint vc="0" uspid="146" ordinal="0" offset="7" sl="31" sc="0" el="31" ec="0" bec="0" bev="0" fileid="9" />
                <SequencePoint vc="0" uspid="147" ordinal="0" offset="13" sl="33" sc="0" el="33" ec="0" bec="0" bev="0" fileid="9" />
                <SequencePoint vc="0" uspid="148" ordinal="0" offset="20" sl="34" sc="0" el="34" ec="0" bec="0" bev="0" fileid="9" />
                <SequencePoint vc="0" uspid="149" ordinal="0" offset="27" sl="35" sc="0" el="35" ec="0" bec="0" bev="0" fileid="9" />
                <SequencePoint vc="0" uspid="150" ordinal="0" offset="54" sl="36" sc="0" el="36" ec="0" bec="0" bev="0" fileid="9" />
                <SequencePoint vc="0" uspid="151" ordinal="0" offset="81" sl="38" sc="0" el="38" ec="0" bec="0" bev="0" fileid="9" />
                <SequencePoint vc="0" uspid="152" ordinal="0" offset="100" sl="39" sc="0" el="39" ec="0" bec="0" bev="0" fileid="9" />
                <SequencePoint vc="0" uspid="153" ordinal="0" offset="162" sl="40" sc="0" el="40" ec="0" bec="0" bev="0" fileid="9" />
              </SequencePoints>
              <BranchPoints />
            </Method>
            <Method visited="false" cyclomaticComplexity="0" nPathComplexity="0" sequenceCoverage="0.0" branchCoverage="0" crapScore="0" isConstructor="false" isStatic="false" isGetter="false" isSetter="false">
              <Summary numSequencePoints="10" visitedSequencePoints="0" numBranchPoints="0" visitedBranchPoints="0" sequenceCoverage="0.0" branchCoverage="0" maxCyclomaticComplexity="0" minCyclomaticComplexity="0" maxCrapScore="0" minCrapScore="0" visitedClasses="0" numClasses="0" visitedMethods="0" numMethods="1" />
              <MetadataToken>100663299</MetadataToken>
              <Name>System.Void Tests.FollowMovementTest::OutRangeTest()</Name>
              <FileRef uid="9" />
              <SequencePoints>
                <SequencePoint vc="0" uspid="154" ordinal="0" offset="0" sl="44" sc="0" el="44" ec="0" bec="0" bev="0" fileid="9" />
                <SequencePoint vc="0" uspid="155" ordinal="0" offset="1" sl="45" sc="0" el="45" ec="0" bec="0" bev="0" fileid="9" />
                <SequencePoint vc="0" uspid="156" ordinal="0" offset="7" sl="46" sc="0" el="46" ec="0" bec="0" bev="0" fileid="9" />
                <SequencePoint vc="0" uspid="157" ordinal="0" offset="13" sl="48" sc="0" el="48" ec="0" bec="0" bev="0" fileid="9" />
                <SequencePoint vc="0" uspid="158" ordinal="0" offset="20" sl="49" sc="0" el="49" ec="0" bec="0" bev="0" fileid="9" />
                <SequencePoint vc="0" uspid="159" ordinal="0" offset="27" sl="50" sc="0" el="50" ec="0" bec="0" bev="0" fileid="9" />
                <SequencePoint vc="0" uspid="160" ordinal="0" offset="54" sl="51" sc="0" el="51" ec="0" bec="0" bev="0" fileid="9" />
                <SequencePoint vc="0" uspid="161" ordinal="0" offset="81" sl="53" sc="0" el="53" ec="0" bec="0" bev="0" fileid="9" />
                <SequencePoint vc="0" uspid="162" ordinal="0" offset="100" sl="54" sc="0" el="54" ec="0" bec="0" bev="0" fileid="9" />
                <SequencePoint vc="0" uspid="163" ordinal="0" offset="143" sl="55" sc="0" el="55" ec="0" bec="0" bev="0" fileid="9" />
              </SequencePoints>
              <BranchPoints />
            </Method>
            <Method visited="false" cyclomaticComplexity="0" nPathComplexity="0" sequenceCoverage="0.0" branchCoverage="0" crapScore="0" isConstructor="false" isStatic="false" isGetter="false" isSetter="false">
              <Summary numSequencePoints="14" visitedSequencePoints="0" numBranchPoints="0" visitedBranchPoints="0" sequenceCoverage="0.0" branchCoverage="0" maxCyclomaticComplexity="0" minCyclomaticComplexity="0" maxCrapScore="0" minCrapScore="0" visitedClasses="0" numClasses="0" visitedMethods="0" numMethods="1" />
              <MetadataToken>100663300</MetadataToken>
              <Name>System.Void Tests.FollowMovementTest::KeepChasingTest()</Name>
              <FileRef uid="9" />
              <SequencePoints>
                <SequencePoint vc="0" uspid="164" ordinal="0" offset="0" sl="59" sc="0" el="59" ec="0" bec="0" bev="0" fileid="9" />
                <SequencePoint vc="0" uspid="165" ordinal="0" offset="1" sl="60" sc="0" el="60" ec="0" bec="0" bev="0" fileid="9" />
                <SequencePoint vc="0" uspid="166" ordinal="0" offset="7" sl="61" sc="0" el="61" ec="0" bec="0" bev="0" fileid="9" />
                <SequencePoint vc="0" uspid="167" ordinal="0" offset="13" sl="63" sc="0" el="63" ec="0" bec="0" bev="0" fileid="9" />
                <SequencePoint vc="0" uspid="168" ordinal="0" offset="20" sl="64" sc="0" el="64" ec="0" bec="0" bev="0" fileid="9" />
                <SequencePoint vc="0" uspid="169" ordinal="0" offset="27" sl="65" sc="0" el="65" ec="0" bec="0" bev="0" fileid="9" />
                <SequencePoint vc="0" uspid="170" ordinal="0" offset="54" sl="66" sc="0" el="66" ec="0" bec="0" bev="0" fileid="9" />
                <SequencePoint vc="0" uspid="171" ordinal="0" offset="81" sl="68" sc="0" el="68" ec="0" bec="0" bev="0" fileid="9" />
                <SequencePoint vc="0" uspid="172" ordinal="0" offset="100" sl="69" sc="0" el="69" ec="0" bec="0" bev="0" fileid="9" />
                <SequencePoint vc="0" uspid="173" ordinal="0" offset="162" sl="71" sc="0" el="71" ec="0" bec="0" bev="0" fileid="9" />
                <SequencePoint vc="0" uspid="174" ordinal="0" offset="189" sl="72" sc="0" el="72" ec="0" bec="0" bev="0" fileid="9" />
                <SequencePoint vc="0" uspid="175" ordinal="0" offset="251" sl="75" sc="0" el="75" ec="0" bec="0" bev="0" fileid="9" />
                <SequencePoint vc="0" uspid="176" ordinal="0" offset="278" sl="76" sc="0" el="76" ec="0" bec="0" bev="0" fileid="9" />
                <SequencePoint vc="0" uspid="177" ordinal="0" offset="340" sl="77" sc="0" el="77" ec="0" bec="0" bev="0" fileid="9" />
              </SequencePoints>
              <BranchPoints />
            </Method>
          </Methods>
        </Class>
        <Class>
          <Summary numSequencePoints="15" visitedSequencePoints="0" numBranchPoints="0" visitedBranchPoints="0" sequenceCoverage="0.0" branchCoverage="0.0" maxCyclomaticComplexity="0" minCyclomaticComplexity="0" maxCrapScore="0" minCrapScore="0" visitedClasses="0" numClasses="1" visitedMethods="0" numMethods="3" />
          <FullName>Tests.LooperMovementTest</FullName>
          <Methods>
            <Method visited="false" cyclomaticComplexity="0" nPathComplexity="0" sequenceCoverage="0.0" branchCoverage="0" crapScore="0" isConstructor="false" isStatic="false" isGetter="false" isSetter="false">
              <Summary numSequencePoints="5" visitedSequencePoints="0" numBranchPoints="0" visitedBranchPoints="0" sequenceCoverage="0.0" branchCoverage="0" maxCyclomaticComplexity="0" minCyclomaticComplexity="0" maxCrapScore="0" minCrapScore="0" visitedClasses="0" numClasses="0" visitedMethods="0" numMethods="1" />
              <MetadataToken>100663302</MetadataToken>
              <Name>System.Void Tests.LooperMovementTest::LooperMovementTestVectorUp()</Name>
              <FileRef uid="10" />
              <SequencePoints>
                <SequencePoint vc="0" uspid="178" ordinal="0" offset="0" sl="14" sc="0" el="14" ec="0" bec="0" bev="0" fileid="10" />
                <SequencePoint vc="0" uspid="179" ordinal="0" offset="1" sl="15" sc="0" el="15" ec="0" bec="0" bev="0" fileid="10" />
                <SequencePoint vc="0" uspid="180" ordinal="0" offset="20" sl="16" sc="0" el="16" ec="0" bec="0" bev="0" fileid="10" />
                <SequencePoint vc="0" uspid="181" ordinal="0" offset="37" sl="17" sc="0" el="17" ec="0" bec="0" bev="0" fileid="10" />
                <SequencePoint vc="0" uspid="182" ordinal="0" offset="69" sl="18" sc="0" el="18" ec="0" bec="0" bev="0" fileid="10" />
              </SequencePoints>
              <BranchPoints />
            </Method>
            <Method visited="false" cyclomaticComplexity="0" nPathComplexity="0" sequenceCoverage="0.0" branchCoverage="0" crapScore="0" isConstructor="false" isStatic="false" isGetter="false" isSetter="false">
              <Summary numSequencePoints="5" visitedSequencePoints="0" numBranchPoints="0" visitedBranchPoints="0" sequenceCoverage="0.0" branchCoverage="0" maxCyclomaticComplexity="0" minCyclomaticComplexity="0" maxCrapScore="0" minCrapScore="0" visitedClasses="0" numClasses="0" visitedMethods="0" numMethods="1" />
              <MetadataToken>100663303</MetadataToken>
              <Name>System.Void Tests.LooperMovementTest::LooperMovementTestSpeedMultiplier()</Name>
              <FileRef uid="10" />
              <SequencePoints>
                <SequencePoint vc="0" uspid="183" ordinal="0" offset="0" sl="22" sc="0" el="22" ec="0" bec="0" bev="0" fileid="10" />
                <SequencePoint vc="0" uspid="184" ordinal="0" offset="1" sl="23" sc="0" el="23" ec="0" bec="0" bev="0" fileid="10" />
                <SequencePoint vc="0" uspid="185" ordinal="0" offset="20" sl="24" sc="0" el="24" ec="0" bec="0" bev="0" fileid="10" />
                <SequencePoint vc="0" uspid="186" ordinal="0" offset="37" sl="25" sc="0" el="25" ec="0" bec="0" bev="0" fileid="10" />
                <SequencePoint vc="0" uspid="187" ordinal="0" offset="79" sl="26" sc="0" el="26" ec="0" bec="0" bev="0" fileid="10" />
              </SequencePoints>
              <BranchPoints />
            </Method>
            <Method visited="false" cyclomaticComplexity="0" nPathComplexity="0" sequenceCoverage="0.0" branchCoverage="0" crapScore="0" isConstructor="false" isStatic="false" isGetter="false" isSetter="false">
              <Summary numSequencePoints="5" visitedSequencePoints="0" numBranchPoints="0" visitedBranchPoints="0" sequenceCoverage="0.0" branchCoverage="0" maxCyclomaticComplexity="0" minCyclomaticComplexity="0" maxCrapScore="0" minCrapScore="0" visitedClasses="0" numClasses="0" visitedMethods="0" numMethods="1" />
              <MetadataToken>100663304</MetadataToken>
              <Name>System.Void Tests.LooperMovementTest::LooperMovementTestChangeDirection()</Name>
              <FileRef uid="10" />
              <SequencePoints>
                <SequencePoint vc="0" uspid="188" ordinal="0" offset="0" sl="30" sc="0" el="30" ec="0" bec="0" bev="0" fileid="10" />
                <SequencePoint vc="0" uspid="189" ordinal="0" offset="1" sl="31" sc="0" el="31" ec="0" bec="0" bev="0" fileid="10" />
                <SequencePoint vc="0" uspid="190" ordinal="0" offset="32" sl="32" sc="0" el="32" ec="0" bec="0" bev="0" fileid="10" />
                <SequencePoint vc="0" uspid="191" ordinal="0" offset="49" sl="33" sc="0" el="33" ec="0" bec="0" bev="0" fileid="10" />
                <SequencePoint vc="0" uspid="192" ordinal="0" offset="81" sl="34" sc="0" el="34" ec="0" bec="0" bev="0" fileid="10" />
              </SequencePoints>
              <BranchPoints />
            </Method>
          </Methods>
        </Class>
        <Class>
          <Summary numSequencePoints="15" visitedSequencePoints="0" numBranchPoints="0" visitedBranchPoints="0" sequenceCoverage="0.0" branchCoverage="0.0" maxCyclomaticComplexity="0" minCyclomaticComplexity="0" maxCrapScore="0" minCrapScore="0" visitedClasses="0" numClasses="1" visitedMethods="0" numMethods="3" />
          <FullName>Tests.MovementTest</FullName>
          <Methods>
            <Method visited="false" cyclomaticComplexity="0" nPathComplexity="0" sequenceCoverage="0.0" branchCoverage="0" crapScore="0" isConstructor="false" isStatic="false" isGetter="false" isSetter="false">
              <Summary numSequencePoints="5" visitedSequencePoints="0" numBranchPoints="0" visitedBranchPoints="0" sequenceCoverage="0.0" branchCoverage="0" maxCyclomaticComplexity="0" minCyclomaticComplexity="0" maxCrapScore="0" minCrapScore="0" visitedClasses="0" numClasses="0" visitedMethods="0" numMethods="1" />
              <MetadataToken>100663306</MetadataToken>
              <Name>System.Void Tests.MovementTest::TestHorizontalMovement()</Name>
              <FileRef uid="11" />
              <SequencePoints>
                <SequencePoint vc="0" uspid="193" ordinal="0" offset="0" sl="13" sc="0" el="13" ec="0" bec="0" bev="0" fileid="11" />
                <SequencePoint vc="0" uspid="194" ordinal="0" offset="1" sl="14" sc="0" el="14" ec="0" bec="0" bev="0" fileid="11" />
                <SequencePoint vc="0" uspid="195" ordinal="0" offset="7" sl="15" sc="0" el="15" ec="0" bec="0" bev="0" fileid="11" />
                <SequencePoint vc="0" uspid="196" ordinal="0" offset="14" sl="16" sc="0" el="16" ec="0" bec="0" bev="0" fileid="11" />
                <SequencePoint vc="0" uspid="197" ordinal="0" offset="76" sl="19" sc="0" el="19" ec="0" bec="0" bev="0" fileid="11" />
              </SequencePoints>
              <BranchPoints />
            </Method>
            <Method visited="false" cyclomaticComplexity="0" nPathComplexity="0" sequenceCoverage="0.0" branchCoverage="0" crapScore="0" isConstructor="false" isStatic="false" isGetter="false" isSetter="false">
              <Summary numSequencePoints="5" visitedSequencePoints="0" numBranchPoints="0" visitedBranchPoints="0" sequenceCoverage="0.0" branchCoverage="0" maxCyclomaticComplexity="0" minCyclomaticComplexity="0" maxCrapScore="0" minCrapScore="0" visitedClasses="0" numClasses="0" visitedMethods="0" numMethods="1" />
              <MetadataToken>100663307</MetadataToken>
              <Name>System.Void Tests.MovementTest::TestVerticalMovement()</Name>
              <FileRef uid="11" />
              <SequencePoints>
                <SequencePoint vc="0" uspid="198" ordinal="0" offset="0" sl="23" sc="0" el="23" ec="0" bec="0" bev="0" fileid="11" />
                <SequencePoint vc="0" uspid="199" ordinal="0" offset="1" sl="24" sc="0" el="24" ec="0" bec="0" bev="0" fileid="11" />
                <SequencePoint vc="0" uspid="200" ordinal="0" offset="7" sl="25" sc="0" el="25" ec="0" bec="0" bev="0" fileid="11" />
                <SequencePoint vc="0" uspid="201" ordinal="0" offset="14" sl="26" sc="0" el="26" ec="0" bec="0" bev="0" fileid="11" />
                <SequencePoint vc="0" uspid="202" ordinal="0" offset="76" sl="29" sc="0" el="29" ec="0" bec="0" bev="0" fileid="11" />
              </SequencePoints>
              <BranchPoints />
            </Method>
            <Method visited="false" cyclomaticComplexity="0" nPathComplexity="0" sequenceCoverage="0.0" branchCoverage="0" crapScore="0" isConstructor="false" isStatic="false" isGetter="false" isSetter="false">
              <Summary numSequencePoints="5" visitedSequencePoints="0" numBranchPoints="0" visitedBranchPoints="0" sequenceCoverage="0.0" branchCoverage="0" maxCyclomaticComplexity="0" minCyclomaticComplexity="0" maxCrapScore="0" minCrapScore="0" visitedClasses="0" numClasses="0" visitedMethods="0" numMethods="1" />
              <MetadataToken>100663308</MetadataToken>
              <Name>System.Void Tests.MovementTest::TestCompositeMovement()</Name>
              <FileRef uid="11" />
              <SequencePoints>
                <SequencePoint vc="0" uspid="203" ordinal="0" offset="0" sl="33" sc="0" el="33" ec="0" bec="0" bev="0" fileid="11" />
                <SequencePoint vc="0" uspid="204" ordinal="0" offset="1" sl="34" sc="0" el="34" ec="0" bec="0" bev="0" fileid="11" />
                <SequencePoint vc="0" uspid="205" ordinal="0" offset="7" sl="35" sc="0" el="35" ec="0" bec="0" bev="0" fileid="11" />
                <SequencePoint vc="0" uspid="206" ordinal="0" offset="14" sl="36" sc="0" el="36" ec="0" bec="0" bev="0" fileid="11" />
                <SequencePoint vc="0" uspid="207" ordinal="0" offset="76" sl="39" sc="0" el="39" ec="0" bec="0" bev="0" fileid="11" />
              </SequencePoints>
              <BranchPoints />
            </Method>
          </Methods>
        </Class>
      </Classes>
    </Module>
  </Modules>
</CoverageSession>