<?xml version="1.0" encoding="utf-8"?>
<CoverageSession xmlns:xsd="http://www.w3.org/2001/XMLSchema" xmlns:xsi="http://www.w3.org/2001/XMLSchema-instance" Version="0.0.0.0">
  <Summary numSequencePoints="272" visitedSequencePoints="170" numBranchPoints="0" visitedBranchPoints="0" sequenceCoverage="62.50" branchCoverage="0.0" maxCyclomaticComplexity="0" minCyclomaticComplexity="0" maxCrapScore="0" minCrapScore="0" visitedClasses="10" numClasses="17" visitedMethods="24" numMethods="44" />
  <Modules>
    <Module>
      <Summary numSequencePoints="56" visitedSequencePoints="0" numBranchPoints="0" visitedBranchPoints="0" sequenceCoverage="0.0" branchCoverage="0.0" maxCyclomaticComplexity="0" minCyclomaticComplexity="0" maxCrapScore="0" minCrapScore="0" visitedClasses="0" numClasses="4" visitedMethods="0" numMethods="4" />
      <ModuleTime>0001-01-01T00:00:00</ModuleTime>
      <ModuleName>PlayTests</ModuleName>
      <Files>
        <File uid="1" fullPath="C:/Users/krjrp/Documents/GitHub/ScarletPimpernel/Assets/Tests/PlayTests/PlayMovementTest.cs" />
      </Files>
      <Classes>
        <Class>
          <Summary numSequencePoints="15" visitedSequencePoints="0" numBranchPoints="0" visitedBranchPoints="0" sequenceCoverage="0.0" branchCoverage="0.0" maxCyclomaticComplexity="0" minCyclomaticComplexity="0" maxCrapScore="0" minCrapScore="0" visitedClasses="0" numClasses="1" visitedMethods="0" numMethods="1" />
          <FullName>Tests.PlayMovementTest/&lt;Test_Horizontal_Movement&gt;d__0</FullName>
          <Methods>
            <Method visited="false" cyclomaticComplexity="0" nPathComplexity="0" sequenceCoverage="0.0" branchCoverage="0" crapScore="0" isConstructor="false" isStatic="false" isGetter="false" isSetter="false">
              <Summary numSequencePoints="15" visitedSequencePoints="0" numBranchPoints="0" visitedBranchPoints="0" sequenceCoverage="0.0" branchCoverage="0" maxCyclomaticComplexity="0" minCyclomaticComplexity="0" maxCrapScore="0" minCrapScore="0" visitedClasses="0" numClasses="0" visitedMethods="0" numMethods="1" />
              <MetadataToken>100663304</MetadataToken>
              <Name>System.Boolean Tests.PlayMovementTest/&lt;Test_Horizontal_Movement&gt;d__0::MoveNext()</Name>
              <FileRef uid="1" />
              <SequencePoints>
                <SequencePoint vc="0" uspid="1" ordinal="0" offset="48" sl="17" sc="0" el="17" ec="0" bec="0" bev="0" fileid="1" />
                <SequencePoint vc="0" uspid="2" ordinal="0" offset="49" sl="18" sc="0" el="18" ec="0" bec="0" bev="0" fileid="1" />
                <SequencePoint vc="0" uspid="3" ordinal="0" offset="60" sl="19" sc="0" el="19" ec="0" bec="0" bev="0" fileid="1" />
                <SequencePoint vc="0" uspid="4" ordinal="0" offset="72" sl="20" sc="0" el="20" ec="0" bec="0" bev="0" fileid="1" />
                <SequencePoint vc="0" uspid="5" ordinal="0" offset="89" sl="23" sc="0" el="23" ec="0" bec="0" bev="0" fileid="1" />
                <SequencePoint vc="0" uspid="6" ordinal="0" offset="110" sl="24" sc="0" el="24" ec="0" bec="0" bev="0" fileid="1" />
                <SequencePoint vc="0" uspid="7" ordinal="0" offset="126" sl="25" sc="0" el="25" ec="0" bec="0" bev="0" fileid="1" />
                <SequencePoint vc="0" uspid="8" ordinal="0" offset="158" sl="26" sc="0" el="26" ec="0" bec="0" bev="0" fileid="1" />
                <SequencePoint vc="0" uspid="9" ordinal="0" offset="190" sl="27" sc="0" el="27" ec="0" bec="0" bev="0" fileid="1" />
                <SequencePoint vc="0" uspid="10" ordinal="0" offset="222" sl="29" sc="0" el="29" ec="0" bec="0" bev="0" fileid="1" />
                <SequencePoint vc="0" uspid="11" ordinal="0" offset="245" sl="30" sc="0" el="30" ec="0" bec="0" bev="0" fileid="1" />
                <SequencePoint vc="0" uspid="12" ordinal="0" offset="272" sl="31" sc="0" el="31" ec="0" bec="0" bev="0" fileid="1" />
                <SequencePoint vc="0" uspid="13" ordinal="0" offset="299" sl="32" sc="0" el="32" ec="0" bec="0" bev="0" fileid="1" />
                <SequencePoint vc="0" uspid="14" ordinal="0" offset="321" sl="33" sc="0" el="33" ec="0" bec="0" bev="0" fileid="1" />
                <SequencePoint vc="0" uspid="15" ordinal="0" offset="348" sl="34" sc="0" el="34" ec="0" bec="0" bev="0" fileid="1" />
              </SequencePoints>
              <BranchPoints />
            </Method>
          </Methods>
        </Class>
        <Class>
          <Summary numSequencePoints="15" visitedSequencePoints="0" numBranchPoints="0" visitedBranchPoints="0" sequenceCoverage="0.0" branchCoverage="0.0" maxCyclomaticComplexity="0" minCyclomaticComplexity="0" maxCrapScore="0" minCrapScore="0" visitedClasses="0" numClasses="1" visitedMethods="0" numMethods="1" />
          <FullName>Tests.PlayMovementTest/&lt;Test_Vertical_Movement&gt;d__1</FullName>
          <Methods>
            <Method visited="false" cyclomaticComplexity="0" nPathComplexity="0" sequenceCoverage="0.0" branchCoverage="0" crapScore="0" isConstructor="false" isStatic="false" isGetter="false" isSetter="false">
              <Summary numSequencePoints="15" visitedSequencePoints="0" numBranchPoints="0" visitedBranchPoints="0" sequenceCoverage="0.0" branchCoverage="0" maxCyclomaticComplexity="0" minCyclomaticComplexity="0" maxCrapScore="0" minCrapScore="0" visitedClasses="0" numClasses="0" visitedMethods="0" numMethods="1" />
              <MetadataToken>100663310</MetadataToken>
              <Name>System.Boolean Tests.PlayMovementTest/&lt;Test_Vertical_Movement&gt;d__1::MoveNext()</Name>
              <FileRef uid="1" />
              <SequencePoints>
                <SequencePoint vc="0" uspid="16" ordinal="0" offset="48" sl="38" sc="0" el="38" ec="0" bec="0" bev="0" fileid="1" />
                <SequencePoint vc="0" uspid="17" ordinal="0" offset="49" sl="39" sc="0" el="39" ec="0" bec="0" bev="0" fileid="1" />
                <SequencePoint vc="0" uspid="18" ordinal="0" offset="60" sl="40" sc="0" el="40" ec="0" bec="0" bev="0" fileid="1" />
                <SequencePoint vc="0" uspid="19" ordinal="0" offset="72" sl="41" sc="0" el="41" ec="0" bec="0" bev="0" fileid="1" />
                <SequencePoint vc="0" uspid="20" ordinal="0" offset="89" sl="44" sc="0" el="44" ec="0" bec="0" bev="0" fileid="1" />
                <SequencePoint vc="0" uspid="21" ordinal="0" offset="110" sl="45" sc="0" el="45" ec="0" bec="0" bev="0" fileid="1" />
                <SequencePoint vc="0" uspid="22" ordinal="0" offset="126" sl="46" sc="0" el="46" ec="0" bec="0" bev="0" fileid="1" />
                <SequencePoint vc="0" uspid="23" ordinal="0" offset="158" sl="47" sc="0" el="47" ec="0" bec="0" bev="0" fileid="1" />
                <SequencePoint vc="0" uspid="24" ordinal="0" offset="190" sl="48" sc="0" el="48" ec="0" bec="0" bev="0" fileid="1" />
                <SequencePoint vc="0" uspid="25" ordinal="0" offset="222" sl="50" sc="0" el="50" ec="0" bec="0" bev="0" fileid="1" />
                <SequencePoint vc="0" uspid="26" ordinal="0" offset="245" sl="51" sc="0" el="51" ec="0" bec="0" bev="0" fileid="1" />
                <SequencePoint vc="0" uspid="27" ordinal="0" offset="272" sl="52" sc="0" el="52" ec="0" bec="0" bev="0" fileid="1" />
                <SequencePoint vc="0" uspid="28" ordinal="0" offset="299" sl="53" sc="0" el="53" ec="0" bec="0" bev="0" fileid="1" />
                <SequencePoint vc="0" uspid="29" ordinal="0" offset="321" sl="54" sc="0" el="54" ec="0" bec="0" bev="0" fileid="1" />
                <SequencePoint vc="0" uspid="30" ordinal="0" offset="348" sl="55" sc="0" el="55" ec="0" bec="0" bev="0" fileid="1" />
              </SequencePoints>
              <BranchPoints />
            </Method>
          </Methods>
        </Class>
        <Class>
          <Summary numSequencePoints="15" visitedSequencePoints="0" numBranchPoints="0" visitedBranchPoints="0" sequenceCoverage="0.0" branchCoverage="0.0" maxCyclomaticComplexity="0" minCyclomaticComplexity="0" maxCrapScore="0" minCrapScore="0" visitedClasses="0" numClasses="1" visitedMethods="0" numMethods="1" />
          <FullName>Tests.PlayMovementTest/&lt;Test_Composite_Movement&gt;d__2</FullName>
          <Methods>
            <Method visited="false" cyclomaticComplexity="0" nPathComplexity="0" sequenceCoverage="0.0" branchCoverage="0" crapScore="0" isConstructor="false" isStatic="false" isGetter="false" isSetter="false">
              <Summary numSequencePoints="15" visitedSequencePoints="0" numBranchPoints="0" visitedBranchPoints="0" sequenceCoverage="0.0" branchCoverage="0" maxCyclomaticComplexity="0" minCyclomaticComplexity="0" maxCrapScore="0" minCrapScore="0" visitedClasses="0" numClasses="0" visitedMethods="0" numMethods="1" />
              <MetadataToken>100663316</MetadataToken>
              <Name>System.Boolean Tests.PlayMovementTest/&lt;Test_Composite_Movement&gt;d__2::MoveNext()</Name>
              <FileRef uid="1" />
              <SequencePoints>
                <SequencePoint vc="0" uspid="31" ordinal="0" offset="48" sl="59" sc="0" el="59" ec="0" bec="0" bev="0" fileid="1" />
                <SequencePoint vc="0" uspid="32" ordinal="0" offset="49" sl="60" sc="0" el="60" ec="0" bec="0" bev="0" fileid="1" />
                <SequencePoint vc="0" uspid="33" ordinal="0" offset="60" sl="61" sc="0" el="61" ec="0" bec="0" bev="0" fileid="1" />
                <SequencePoint vc="0" uspid="34" ordinal="0" offset="72" sl="62" sc="0" el="62" ec="0" bec="0" bev="0" fileid="1" />
                <SequencePoint vc="0" uspid="35" ordinal="0" offset="89" sl="65" sc="0" el="65" ec="0" bec="0" bev="0" fileid="1" />
                <SequencePoint vc="0" uspid="36" ordinal="0" offset="110" sl="66" sc="0" el="66" ec="0" bec="0" bev="0" fileid="1" />
                <SequencePoint vc="0" uspid="37" ordinal="0" offset="126" sl="67" sc="0" el="67" ec="0" bec="0" bev="0" fileid="1" />
                <SequencePoint vc="0" uspid="38" ordinal="0" offset="158" sl="68" sc="0" el="68" ec="0" bec="0" bev="0" fileid="1" />
                <SequencePoint vc="0" uspid="39" ordinal="0" offset="190" sl="69" sc="0" el="69" ec="0" bec="0" bev="0" fileid="1" />
                <SequencePoint vc="0" uspid="40" ordinal="0" offset="222" sl="71" sc="0" el="71" ec="0" bec="0" bev="0" fileid="1" />
                <SequencePoint vc="0" uspid="41" ordinal="0" offset="245" sl="72" sc="0" el="72" ec="0" bec="0" bev="0" fileid="1" />
                <SequencePoint vc="0" uspid="42" ordinal="0" offset="272" sl="73" sc="0" el="73" ec="0" bec="0" bev="0" fileid="1" />
                <SequencePoint vc="0" uspid="43" ordinal="0" offset="299" sl="74" sc="0" el="74" ec="0" bec="0" bev="0" fileid="1" />
                <SequencePoint vc="0" uspid="44" ordinal="0" offset="321" sl="75" sc="0" el="75" ec="0" bec="0" bev="0" fileid="1" />
                <SequencePoint vc="0" uspid="45" ordinal="0" offset="343" sl="76" sc="0" el="76" ec="0" bec="0" bev="0" fileid="1" />
              </SequencePoints>
              <BranchPoints />
            </Method>
          </Methods>
        </Class>
        <Class>
          <Summary numSequencePoints="11" visitedSequencePoints="0" numBranchPoints="0" visitedBranchPoints="0" sequenceCoverage="0.0" branchCoverage="0.0" maxCyclomaticComplexity="0" minCyclomaticComplexity="0" maxCrapScore="0" minCrapScore="0" visitedClasses="0" numClasses="1" visitedMethods="0" numMethods="1" />
          <FullName>Tests.PlayMovementTest/&lt;Test_Default_MovementController&gt;d__3</FullName>
          <Methods>
            <Method visited="false" cyclomaticComplexity="0" nPathComplexity="0" sequenceCoverage="0.0" branchCoverage="0" crapScore="0" isConstructor="false" isStatic="false" isGetter="false" isSetter="false">
              <Summary numSequencePoints="11" visitedSequencePoints="0" numBranchPoints="0" visitedBranchPoints="0" sequenceCoverage="0.0" branchCoverage="0" maxCyclomaticComplexity="0" minCyclomaticComplexity="0" maxCrapScore="0" minCrapScore="0" visitedClasses="0" numClasses="0" visitedMethods="0" numMethods="1" />
              <MetadataToken>100663322</MetadataToken>
              <Name>System.Boolean Tests.PlayMovementTest/&lt;Test_Default_MovementController&gt;d__3::MoveNext()</Name>
              <FileRef uid="1" />
              <SequencePoints>
                <SequencePoint vc="0" uspid="46" ordinal="0" offset="42" sl="80" sc="0" el="80" ec="0" bec="0" bev="0" fileid="1" />
                <SequencePoint vc="0" uspid="47" ordinal="0" offset="43" sl="81" sc="0" el="81" ec="0" bec="0" bev="0" fileid="1" />
                <SequencePoint vc="0" uspid="48" ordinal="0" offset="54" sl="82" sc="0" el="82" ec="0" bec="0" bev="0" fileid="1" />
                <SequencePoint vc="0" uspid="49" ordinal="0" offset="66" sl="83" sc="0" el="83" ec="0" bec="0" bev="0" fileid="1" />
                <SequencePoint vc="0" uspid="50" ordinal="0" offset="83" sl="86" sc="0" el="86" ec="0" bec="0" bev="0" fileid="1" />
                <SequencePoint vc="0" uspid="51" ordinal="0" offset="99" sl="88" sc="0" el="88" ec="0" bec="0" bev="0" fileid="1" />
                <SequencePoint vc="0" uspid="52" ordinal="0" offset="122" sl="89" sc="0" el="89" ec="0" bec="0" bev="0" fileid="1" />
                <SequencePoint vc="0" uspid="53" ordinal="0" offset="149" sl="90" sc="0" el="90" ec="0" bec="0" bev="0" fileid="1" />
                <SequencePoint vc="0" uspid="54" ordinal="0" offset="176" sl="91" sc="0" el="91" ec="0" bec="0" bev="0" fileid="1" />
                <SequencePoint vc="0" uspid="55" ordinal="0" offset="203" sl="92" sc="0" el="92" ec="0" bec="0" bev="0" fileid="1" />
                <SequencePoint vc="0" uspid="56" ordinal="0" offset="230" sl="93" sc="0" el="93" ec="0" bec="0" bev="0" fileid="1" />
              </SequencePoints>
              <BranchPoints />
            </Method>
          </Methods>
        </Class>
      </Classes>
    </Module>
    <Module>
      <Summary numSequencePoints="99" visitedSequencePoints="53" numBranchPoints="0" visitedBranchPoints="0" sequenceCoverage="53.54" branchCoverage="0.0" maxCyclomaticComplexity="0" minCyclomaticComplexity="0" maxCrapScore="0" minCrapScore="0" visitedClasses="6" numClasses="9" visitedMethods="10" numMethods="26" />
      <ModuleTime>0001-01-01T00:00:00</ModuleTime>
      <ModuleName>AllScripts</ModuleName>
      <Files>
        <File uid="2" fullPath="C:/Users/krjrp/Documents/GitHub/ScarletPimpernel/Assets/Scripts/ControllerInput.cs" />
        <File uid="3" fullPath="C:/Users/krjrp/Documents/GitHub/ScarletPimpernel/Assets/Scripts/Enemys/EnemyController.cs" />
        <File uid="4" fullPath="C:/Users/krjrp/Documents/GitHub/ScarletPimpernel/Assets/Scripts/Enemys/FollowMovement.cs" />
        <File uid="5" fullPath="C:/Users/krjrp/Documents/GitHub/ScarletPimpernel/Assets/Scripts/Enemys/FollowMovementObj.cs" />
        <File uid="6" fullPath="C:/Users/krjrp/Documents/GitHub/ScarletPimpernel/Assets/Scripts/Enemys/LoopMovement.cs" />
        <File uid="7" fullPath="C:/Users/krjrp/Documents/GitHub/ScarletPimpernel/Assets/Scripts/Enemys/LoopMovementObj.cs" />
        <File uid="8" fullPath="C:/Users/krjrp/Documents/GitHub/ScarletPimpernel/Assets/Scripts/Enemys/RandomMovement.cs" />
        <File uid="9" fullPath="C:/Users/krjrp/Documents/GitHub/ScarletPimpernel/Assets/Scripts/Enemys/RandomMovementObj.cs" />
        <File uid="10" fullPath="C:/Users/krjrp/Documents/GitHub/ScarletPimpernel/Assets/Scripts/MainCharacterController.cs" />
      </Files>
      <Classes>
        <Class>
          <Summary numSequencePoints="3" visitedSequencePoints="0" numBranchPoints="0" visitedBranchPoints="0" sequenceCoverage="0.0" branchCoverage="0.0" maxCyclomaticComplexity="0" minCyclomaticComplexity="0" maxCrapScore="0" minCrapScore="0" visitedClasses="0" numClasses="1" visitedMethods="0" numMethods="3" />
          <FullName>ControllerInput</FullName>
          <Methods>
            <Method visited="false" cyclomaticComplexity="0" nPathComplexity="0" sequenceCoverage="0.0" branchCoverage="0" crapScore="0" isConstructor="false" isStatic="false" isGetter="true" isSetter="false">
              <Summary numSequencePoints="1" visitedSequencePoints="0" numBranchPoints="0" visitedBranchPoints="0" sequenceCoverage="0.0" branchCoverage="0" maxCyclomaticComplexity="0" minCyclomaticComplexity="0" maxCrapScore="0" minCrapScore="0" visitedClasses="0" numClasses="0" visitedMethods="0" numMethods="1" />
              <MetadataToken>100663297</MetadataToken>
              <Name>System.Single ControllerInput::get_Vertical()</Name>
              <FileRef uid="2" />
              <SequencePoints>
                <SequencePoint vc="0" uspid="57" ordinal="0" offset="0" sl="4" sc="0" el="4" ec="0" bec="0" bev="0" fileid="2" />
              </SequencePoints>
              <BranchPoints />
            </Method>
            <Method visited="false" cyclomaticComplexity="0" nPathComplexity="0" sequenceCoverage="0.0" branchCoverage="0" crapScore="0" isConstructor="false" isStatic="false" isGetter="true" isSetter="false">
              <Summary numSequencePoints="1" visitedSequencePoints="0" numBranchPoints="0" visitedBranchPoints="0" sequenceCoverage="0.0" branchCoverage="0" maxCyclomaticComplexity="0" minCyclomaticComplexity="0" maxCrapScore="0" minCrapScore="0" visitedClasses="0" numClasses="0" visitedMethods="0" numMethods="1" />
              <MetadataToken>100663298</MetadataToken>
              <Name>System.Single ControllerInput::get_Horizontal()</Name>
              <FileRef uid="2" />
              <SequencePoints>
                <SequencePoint vc="0" uspid="58" ordinal="0" offset="0" sl="5" sc="0" el="5" ec="0" bec="0" bev="0" fileid="2" />
              </SequencePoints>
              <BranchPoints />
            </Method>
            <Method visited="false" cyclomaticComplexity="0" nPathComplexity="0" sequenceCoverage="0.0" branchCoverage="0" crapScore="0" isConstructor="false" isStatic="false" isGetter="true" isSetter="false">
              <Summary numSequencePoints="1" visitedSequencePoints="0" numBranchPoints="0" visitedBranchPoints="0" sequenceCoverage="0.0" branchCoverage="0" maxCyclomaticComplexity="0" minCyclomaticComplexity="0" maxCrapScore="0" minCrapScore="0" visitedClasses="0" numClasses="0" visitedMethods="0" numMethods="1" />
              <MetadataToken>100663299</MetadataToken>
              <Name>System.Single ControllerInput::get_GetTime()</Name>
              <FileRef uid="2" />
              <SequencePoints>
                <SequencePoint vc="0" uspid="59" ordinal="0" offset="0" sl="7" sc="0" el="7" ec="0" bec="0" bev="0" fileid="2" />
              </SequencePoints>
              <BranchPoints />
            </Method>
          </Methods>
        </Class>
        <Class>
          <Summary numSequencePoints="10" visitedSequencePoints="0" numBranchPoints="0" visitedBranchPoints="0" sequenceCoverage="0.0" branchCoverage="0.0" maxCyclomaticComplexity="0" minCyclomaticComplexity="0" maxCrapScore="0" minCrapScore="0" visitedClasses="0" numClasses="1" visitedMethods="0" numMethods="3" />
          <FullName>EnemyController</FullName>
          <Methods>
            <Method visited="false" cyclomaticComplexity="0" nPathComplexity="0" sequenceCoverage="0.0" branchCoverage="0" crapScore="0" isConstructor="false" isStatic="false" isGetter="false" isSetter="false">
              <Summary numSequencePoints="5" visitedSequencePoints="0" numBranchPoints="0" visitedBranchPoints="0" sequenceCoverage="0.0" branchCoverage="0" maxCyclomaticComplexity="0" minCyclomaticComplexity="0" maxCrapScore="0" minCrapScore="0" visitedClasses="0" numClasses="0" visitedMethods="0" numMethods="1" />
              <MetadataToken>100663301</MetadataToken>
              <Name>System.Void EnemyController::Start()</Name>
              <FileRef uid="3" />
              <SequencePoints>
                <SequencePoint vc="0" uspid="60" ordinal="0" offset="0" sl="11" sc="0" el="11" ec="0" bec="0" bev="0" fileid="3" />
                <SequencePoint vc="0" uspid="61" ordinal="0" offset="1" sl="12" sc="0" el="12" ec="0" bec="0" bev="0" fileid="3" />
                <SequencePoint vc="0" uspid="62" ordinal="0" offset="18" sl="13" sc="0" el="13" ec="0" bec="0" bev="0" fileid="3" />
                <SequencePoint vc="0" uspid="63" ordinal="0" offset="30" sl="14" sc="0" el="14" ec="0" bec="0" bev="0" fileid="3" />
                <SequencePoint vc="0" uspid="64" ordinal="0" offset="47" sl="15" sc="0" el="15" ec="0" bec="0" bev="0" fileid="3" />
              </SequencePoints>
              <BranchPoints />
            </Method>
            <Method visited="false" cyclomaticComplexity="0" nPathComplexity="0" sequenceCoverage="0.0" branchCoverage="0" crapScore="0" isConstructor="false" isStatic="false" isGetter="false" isSetter="false">
              <Summary numSequencePoints="2" visitedSequencePoints="0" numBranchPoints="0" visitedBranchPoints="0" sequenceCoverage="0.0" branchCoverage="0" maxCyclomaticComplexity="0" minCyclomaticComplexity="0" maxCrapScore="0" minCrapScore="0" visitedClasses="0" numClasses="0" visitedMethods="0" numMethods="1" />
              <MetadataToken>100663302</MetadataToken>
              <Name>System.Void EnemyController::Update()</Name>
              <FileRef uid="3" />
              <SequencePoints>
                <SequencePoint vc="0" uspid="65" ordinal="0" offset="0" sl="19" sc="0" el="19" ec="0" bec="0" bev="0" fileid="3" />
                <SequencePoint vc="0" uspid="66" ordinal="0" offset="1" sl="21" sc="0" el="21" ec="0" bec="0" bev="0" fileid="3" />
              </SequencePoints>
              <BranchPoints />
            </Method>
            <Method visited="false" cyclomaticComplexity="0" nPathComplexity="0" sequenceCoverage="0.0" branchCoverage="0" crapScore="0" isConstructor="false" isStatic="false" isGetter="false" isSetter="false">
              <Summary numSequencePoints="3" visitedSequencePoints="0" numBranchPoints="0" visitedBranchPoints="0" sequenceCoverage="0.0" branchCoverage="0" maxCyclomaticComplexity="0" minCyclomaticComplexity="0" maxCrapScore="0" minCrapScore="0" visitedClasses="0" numClasses="0" visitedMethods="0" numMethods="1" />
              <MetadataToken>100663303</MetadataToken>
              <Name>System.Void EnemyController::FixedUpdate()</Name>
              <FileRef uid="3" />
              <SequencePoints>
                <SequencePoint vc="0" uspid="67" ordinal="0" offset="0" sl="24" sc="0" el="24" ec="0" bec="0" bev="0" fileid="3" />
                <SequencePoint vc="0" uspid="68" ordinal="0" offset="1" sl="25" sc="0" el="25" ec="0" bec="0" bev="0" fileid="3" />
                <SequencePoint vc="0" uspid="69" ordinal="0" offset="29" sl="26" sc="0" el="26" ec="0" bec="0" bev="0" fileid="3" />
              </SequencePoints>
              <BranchPoints />
            </Method>
          </Methods>
        </Class>
        <Class>
          <Summary numSequencePoints="5" visitedSequencePoints="0" numBranchPoints="0" visitedBranchPoints="0" sequenceCoverage="0.0" branchCoverage="0.0" maxCyclomaticComplexity="0" minCyclomaticComplexity="0" maxCrapScore="0" minCrapScore="0" visitedClasses="0" numClasses="1" visitedMethods="0" numMethods="2" />
          <FullName>FollowMovement</FullName>
          <Methods>
            <Method visited="false" cyclomaticComplexity="0" nPathComplexity="0" sequenceCoverage="0.0" branchCoverage="0" crapScore="0" isConstructor="false" isStatic="false" isGetter="false" isSetter="false">
              <Summary numSequencePoints="4" visitedSequencePoints="0" numBranchPoints="0" visitedBranchPoints="0" sequenceCoverage="0.0" branchCoverage="0" maxCyclomaticComplexity="0" minCyclomaticComplexity="0" maxCrapScore="0" minCrapScore="0" visitedClasses="0" numClasses="0" visitedMethods="0" numMethods="1" />
              <MetadataToken>100663307</MetadataToken>
              <Name>System.Void FollowMovement::OnEnable()</Name>
              <FileRef uid="4" />
              <SequencePoints>
                <SequencePoint vc="0" uspid="70" ordinal="0" offset="0" sl="16" sc="0" el="16" ec="0" bec="0" bev="0" fileid="4" />
                <SequencePoint vc="0" uspid="71" ordinal="0" offset="1" sl="17" sc="0" el="17" ec="0" bec="0" bev="0" fileid="4" />
                <SequencePoint vc="0" uspid="72" ordinal="0" offset="41" sl="18" sc="0" el="18" ec="0" bec="0" bev="0" fileid="4" />
                <SequencePoint vc="0" uspid="73" ordinal="0" offset="58" sl="19" sc="0" el="19" ec="0" bec="0" bev="0" fileid="4" />
              </SequencePoints>
              <BranchPoints />
            </Method>
            <Method visited="false" cyclomaticComplexity="0" nPathComplexity="0" sequenceCoverage="0.0" branchCoverage="0" crapScore="0" isConstructor="false" isStatic="false" isGetter="false" isSetter="false">
              <Summary numSequencePoints="1" visitedSequencePoints="0" numBranchPoints="0" visitedBranchPoints="0" sequenceCoverage="0.0" branchCoverage="0" maxCyclomaticComplexity="0" minCyclomaticComplexity="0" maxCrapScore="0" minCrapScore="0" visitedClasses="0" numClasses="0" visitedMethods="0" numMethods="1" />
              <MetadataToken>100663308</MetadataToken>
              <Name>EnemyMovementObject FollowMovement::GetMoover()</Name>
              <FileRef uid="4" />
              <SequencePoints>
                <SequencePoint vc="0" uspid="74" ordinal="0" offset="0" sl="21" sc="0" el="21" ec="0" bec="0" bev="0" fileid="4" />
              </SequencePoints>
              <BranchPoints />
            </Method>
          </Methods>
        </Class>
        <Class>
          <Summary numSequencePoints="21" visitedSequencePoints="21" numBranchPoints="0" visitedBranchPoints="0" sequenceCoverage="100.0" branchCoverage="0.0" maxCyclomaticComplexity="0" minCyclomaticComplexity="0" maxCrapScore="0" minCrapScore="0" visitedClasses="1" numClasses="1" visitedMethods="2" numMethods="2" />
          <FullName>FollowMovementObj</FullName>
          <Methods>
            <Method visited="true" cyclomaticComplexity="0" nPathComplexity="0" sequenceCoverage="100.0" branchCoverage="0" crapScore="0" isConstructor="false" isStatic="false" isGetter="false" isSetter="false">
              <Summary numSequencePoints="13" visitedSequencePoints="13" numBranchPoints="0" visitedBranchPoints="0" sequenceCoverage="100.0" branchCoverage="0" maxCyclomaticComplexity="0" minCyclomaticComplexity="0" maxCrapScore="0" minCrapScore="0" visitedClasses="0" numClasses="0" visitedMethods="1" numMethods="1" />
              <MetadataToken>100663311</MetadataToken>
              <Name>UnityEngine.Vector2 FollowMovementObj::Move(System.Single)</Name>
              <FileRef uid="5" />
              <SequencePoints>
                <SequencePoint vc="6" uspid="75" ordinal="0" offset="0" sl="29" sc="5" el="29" ec="5" bec="0" bev="0" fileid="5" />
                <SequencePoint vc="6" uspid="76" ordinal="0" offset="1" sl="30" sc="9" el="30" ec="9" bec="0" bev="0" fileid="5" />
                <SequencePoint vc="6" uspid="77" ordinal="0" offset="7" sl="32" sc="9" el="32" ec="9" bec="0" bev="0" fileid="5" />
                <SequencePoint vc="3" uspid="78" ordinal="0" offset="56" sl="33" sc="9" el="33" ec="9" bec="0" bev="0" fileid="5" />
                <SequencePoint vc="3" uspid="79" ordinal="0" offset="57" sl="34" sc="13" el="34" ec="13" bec="0" bev="0" fileid="5" />
                <SequencePoint vc="3" uspid="80" ordinal="0" offset="64" sl="35" sc="9" el="35" ec="9" bec="0" bev="0" fileid="5" />
                <SequencePoint vc="6" uspid="81" ordinal="0" offset="65" sl="36" sc="9" el="36" ec="9" bec="0" bev="0" fileid="5" />
                <SequencePoint vc="5" uspid="82" ordinal="0" offset="75" sl="37" sc="9" el="37" ec="9" bec="0" bev="0" fileid="5" />
                <SequencePoint vc="5" uspid="83" ordinal="0" offset="76" sl="38" sc="13" el="38" ec="13" bec="0" bev="0" fileid="5" />
                <SequencePoint vc="5" uspid="84" ordinal="0" offset="109" sl="39" sc="9" el="39" ec="9" bec="0" bev="0" fileid="5" />
                <SequencePoint vc="6" uspid="85" ordinal="0" offset="110" sl="42" sc="9" el="42" ec="9" bec="0" bev="0" fileid="5" />
                <SequencePoint vc="6" uspid="86" ordinal="0" offset="118" sl="44" sc="9" el="44" ec="9" bec="0" bev="0" fileid="5" />
                <SequencePoint vc="6" uspid="87" ordinal="0" offset="133" sl="45" sc="5" el="45" ec="5" bec="0" bev="0" fileid="5" />
              </SequencePoints>
              <BranchPoints />
            </Method>
            <Method visited="true" cyclomaticComplexity="0" nPathComplexity="0" sequenceCoverage="100.0" branchCoverage="0" crapScore="0" isConstructor="true" isStatic="false" isGetter="false" isSetter="false">
              <Summary numSequencePoints="8" visitedSequencePoints="8" numBranchPoints="0" visitedBranchPoints="0" sequenceCoverage="100.0" branchCoverage="0" maxCyclomaticComplexity="0" minCyclomaticComplexity="0" maxCrapScore="0" minCrapScore="0" visitedClasses="0" numClasses="0" visitedMethods="1" numMethods="1" />
              <MetadataToken>100663310</MetadataToken>
              <Name>FollowMovementObj::FollowMovementObj(System.Single, System.Single, UnityEngine.Transform, UnityEngine.Transform)</Name>
              <FileRef uid="5" />
              <SequencePoints>
                <SequencePoint vc="4" uspid="88" ordinal="0" offset="0" sl="17" sc="5" el="17" ec="5" bec="0" bev="0" fileid="5" />
                <SequencePoint vc="4" uspid="89" ordinal="0" offset="7" sl="18" sc="5" el="18" ec="5" bec="0" bev="0" fileid="5" />
                <SequencePoint vc="4" uspid="90" ordinal="0" offset="8" sl="19" sc="9" el="19" ec="9" bec="0" bev="0" fileid="5" />
                <SequencePoint vc="4" uspid="91" ordinal="0" offset="15" sl="20" sc="9" el="20" ec="9" bec="0" bev="0" fileid="5" />
                <SequencePoint vc="4" uspid="92" ordinal="0" offset="22" sl="21" sc="9" el="21" ec="9" bec="0" bev="0" fileid="5" />
                <SequencePoint vc="4" uspid="93" ordinal="0" offset="29" sl="22" sc="9" el="22" ec="9" bec="0" bev="0" fileid="5" />
                <SequencePoint vc="4" uspid="94" ordinal="0" offset="37" sl="23" sc="9" el="23" ec="9" bec="0" bev="0" fileid="5" />
                <SequencePoint vc="4" uspid="95" ordinal="0" offset="44" sl="24" sc="5" el="24" ec="5" bec="0" bev="0" fileid="5" />
              </SequencePoints>
              <BranchPoints />
            </Method>
          </Methods>
        </Class>
        <Class>
          <Summary numSequencePoints="5" visitedSequencePoints="1" numBranchPoints="0" visitedBranchPoints="0" sequenceCoverage="20.00" branchCoverage="0.0" maxCyclomaticComplexity="0" minCyclomaticComplexity="0" maxCrapScore="0" minCrapScore="0" visitedClasses="1" numClasses="1" visitedMethods="1" numMethods="3" />
          <FullName>LoopMovement</FullName>
          <Methods>
            <Method visited="false" cyclomaticComplexity="0" nPathComplexity="0" sequenceCoverage="0.0" branchCoverage="0" crapScore="0" isConstructor="false" isStatic="false" isGetter="false" isSetter="false">
              <Summary numSequencePoints="3" visitedSequencePoints="0" numBranchPoints="0" visitedBranchPoints="0" sequenceCoverage="0.0" branchCoverage="0" maxCyclomaticComplexity="0" minCyclomaticComplexity="0" maxCrapScore="0" minCrapScore="0" visitedClasses="0" numClasses="0" visitedMethods="0" numMethods="1" />
              <MetadataToken>100663312</MetadataToken>
              <Name>System.Void LoopMovement::Awake()</Name>
              <FileRef uid="6" />
              <SequencePoints>
                <SequencePoint vc="0" uspid="96" ordinal="0" offset="0" sl="16" sc="0" el="16" ec="0" bec="0" bev="0" fileid="6" />
                <SequencePoint vc="0" uspid="97" ordinal="0" offset="1" sl="17" sc="0" el="17" ec="0" bec="0" bev="0" fileid="6" />
                <SequencePoint vc="0" uspid="98" ordinal="0" offset="30" sl="18" sc="0" el="18" ec="0" bec="0" bev="0" fileid="6" />
              </SequencePoints>
              <BranchPoints />
            </Method>
            <Method visited="false" cyclomaticComplexity="0" nPathComplexity="0" sequenceCoverage="0.0" branchCoverage="0" crapScore="0" isConstructor="false" isStatic="false" isGetter="false" isSetter="false">
              <Summary numSequencePoints="1" visitedSequencePoints="0" numBranchPoints="0" visitedBranchPoints="0" sequenceCoverage="0.0" branchCoverage="0" maxCyclomaticComplexity="0" minCyclomaticComplexity="0" maxCrapScore="0" minCrapScore="0" visitedClasses="0" numClasses="0" visitedMethods="0" numMethods="1" />
              <MetadataToken>100663313</MetadataToken>
              <Name>EnemyMovementObject LoopMovement::GetMoover()</Name>
              <FileRef uid="6" />
              <SequencePoints>
                <SequencePoint vc="0" uspid="99" ordinal="0" offset="0" sl="20" sc="0" el="20" ec="0" bec="0" bev="0" fileid="6" />
              </SequencePoints>
              <BranchPoints />
            </Method>
            <Method visited="true" cyclomaticComplexity="0" nPathComplexity="0" sequenceCoverage="100.0" branchCoverage="0" crapScore="0" isConstructor="true" isStatic="false" isGetter="false" isSetter="false">
              <Summary numSequencePoints="1" visitedSequencePoints="1" numBranchPoints="0" visitedBranchPoints="0" sequenceCoverage="100.0" branchCoverage="0" maxCyclomaticComplexity="0" minCyclomaticComplexity="0" maxCrapScore="0" minCrapScore="0" visitedClasses="0" numClasses="0" visitedMethods="1" numMethods="1" />
              <MetadataToken>100663314</MetadataToken>
              <Name>LoopMovement::LoopMovement()</Name>
              <FileRef uid="6" />
              <SequencePoints>
                <SequencePoint vc="1" uspid="100" ordinal="0" offset="0" sl="11" sc="5" el="11" ec="5" bec="0" bev="0" fileid="6" />
              </SequencePoints>
              <BranchPoints />
            </Method>
          </Methods>
        </Class>
        <Class>
          <Summary numSequencePoints="15" visitedSequencePoints="15" numBranchPoints="0" visitedBranchPoints="0" sequenceCoverage="100.0" branchCoverage="0.0" maxCyclomaticComplexity="0" minCyclomaticComplexity="0" maxCrapScore="0" minCrapScore="0" visitedClasses="1" numClasses="1" visitedMethods="2" numMethods="2" />
          <FullName>LoopMovementObj</FullName>
          <Methods>
            <Method visited="true" cyclomaticComplexity="0" nPathComplexity="0" sequenceCoverage="100.0" branchCoverage="0" crapScore="0" isConstructor="false" isStatic="false" isGetter="false" isSetter="false">
              <Summary numSequencePoints="9" visitedSequencePoints="9" numBranchPoints="0" visitedBranchPoints="0" sequenceCoverage="100.0" branchCoverage="0" maxCyclomaticComplexity="0" minCyclomaticComplexity="0" maxCrapScore="0" minCrapScore="0" visitedClasses="0" numClasses="0" visitedMethods="1" numMethods="1" />
              <MetadataToken>100663316</MetadataToken>
              <Name>UnityEngine.Vector2 LoopMovementObj::Move(System.Single)</Name>
              <FileRef uid="7" />
              <SequencePoints>
                <SequencePoint vc="3" uspid="101" ordinal="0" offset="0" sl="26" sc="5" el="26" ec="5" bec="0" bev="0" fileid="7" />
                <SequencePoint vc="3" uspid="102" ordinal="0" offset="1" sl="27" sc="9" el="27" ec="9" bec="0" bev="0" fileid="7" />
                <SequencePoint vc="3" uspid="103" ordinal="0" offset="15" sl="28" sc="9" el="28" ec="9" bec="0" bev="0" fileid="7" />
                <SequencePoint vc="1" uspid="104" ordinal="0" offset="33" sl="29" sc="9" el="29" ec="9" bec="0" bev="0" fileid="7" />
                <SequencePoint vc="1" uspid="105" ordinal="0" offset="34" sl="30" sc="13" el="30" ec="13" bec="0" bev="0" fileid="7" />
                <SequencePoint vc="1" uspid="106" ordinal="0" offset="45" sl="31" sc="13" el="31" ec="13" bec="0" bev="0" fileid="7" />
                <SequencePoint vc="1" uspid="107" ordinal="0" offset="68" sl="32" sc="9" el="32" ec="9" bec="0" bev="0" fileid="7" />
                <SequencePoint vc="3" uspid="108" ordinal="0" offset="69" sl="33" sc="9" el="33" ec="9" bec="0" bev="0" fileid="7" />
                <SequencePoint vc="3" uspid="109" ordinal="0" offset="100" sl="34" sc="5" el="34" ec="5" bec="0" bev="0" fileid="7" />
              </SequencePoints>
              <BranchPoints />
            </Method>
            <Method visited="true" cyclomaticComplexity="0" nPathComplexity="0" sequenceCoverage="100.0" branchCoverage="0" crapScore="0" isConstructor="true" isStatic="false" isGetter="false" isSetter="false">
              <Summary numSequencePoints="6" visitedSequencePoints="6" numBranchPoints="0" visitedBranchPoints="0" sequenceCoverage="100.0" branchCoverage="0" maxCyclomaticComplexity="0" minCyclomaticComplexity="0" maxCrapScore="0" minCrapScore="0" visitedClasses="0" numClasses="0" visitedMethods="1" numMethods="1" />
              <MetadataToken>100663315</MetadataToken>
              <Name>LoopMovementObj::LoopMovementObj(System.Single, System.Single, UnityEngine.Vector2[])</Name>
              <FileRef uid="7" />
              <SequencePoints>
                <SequencePoint vc="3" uspid="110" ordinal="0" offset="0" sl="17" sc="5" el="17" ec="5" bec="0" bev="0" fileid="7" />
                <SequencePoint vc="3" uspid="111" ordinal="0" offset="7" sl="18" sc="5" el="18" ec="5" bec="0" bev="0" fileid="7" />
                <SequencePoint vc="3" uspid="112" ordinal="0" offset="8" sl="19" sc="9" el="19" ec="9" bec="0" bev="0" fileid="7" />
                <SequencePoint vc="3" uspid="113" ordinal="0" offset="15" sl="20" sc="9" el="20" ec="9" bec="0" bev="0" fileid="7" />
                <SequencePoint vc="3" uspid="114" ordinal="0" offset="22" sl="21" sc="9" el="21" ec="9" bec="0" bev="0" fileid="7" />
                <SequencePoint vc="3" uspid="115" ordinal="0" offset="29" sl="23" sc="5" el="23" ec="5" bec="0" bev="0" fileid="7" />
              </SequencePoints>
              <BranchPoints />
            </Method>
          </Methods>
        </Class>
        <Class>
          <Summary numSequencePoints="5" visitedSequencePoints="1" numBranchPoints="0" visitedBranchPoints="0" sequenceCoverage="20.00" branchCoverage="0.0" maxCyclomaticComplexity="0" minCyclomaticComplexity="0" maxCrapScore="0" minCrapScore="0" visitedClasses="1" numClasses="1" visitedMethods="1" numMethods="3" />
          <FullName>RandomMovement</FullName>
          <Methods>
            <Method visited="false" cyclomaticComplexity="0" nPathComplexity="0" sequenceCoverage="0.0" branchCoverage="0" crapScore="0" isConstructor="false" isStatic="false" isGetter="false" isSetter="false">
              <Summary numSequencePoints="3" visitedSequencePoints="0" numBranchPoints="0" visitedBranchPoints="0" sequenceCoverage="0.0" branchCoverage="0" maxCyclomaticComplexity="0" minCyclomaticComplexity="0" maxCrapScore="0" minCrapScore="0" visitedClasses="0" numClasses="0" visitedMethods="0" numMethods="1" />
              <MetadataToken>100663317</MetadataToken>
              <Name>System.Void RandomMovement::Awake()</Name>
              <FileRef uid="8" />
              <SequencePoints>
                <SequencePoint vc="0" uspid="116" ordinal="0" offset="0" sl="19" sc="0" el="19" ec="0" bec="0" bev="0" fileid="8" />
                <SequencePoint vc="0" uspid="117" ordinal="0" offset="1" sl="20" sc="0" el="20" ec="0" bec="0" bev="0" fileid="8" />
                <SequencePoint vc="0" uspid="118" ordinal="0" offset="30" sl="21" sc="0" el="21" ec="0" bec="0" bev="0" fileid="8" />
              </SequencePoints>
              <BranchPoints />
            </Method>
            <Method visited="false" cyclomaticComplexity="0" nPathComplexity="0" sequenceCoverage="0.0" branchCoverage="0" crapScore="0" isConstructor="false" isStatic="false" isGetter="false" isSetter="false">
              <Summary numSequencePoints="1" visitedSequencePoints="0" numBranchPoints="0" visitedBranchPoints="0" sequenceCoverage="0.0" branchCoverage="0" maxCyclomaticComplexity="0" minCyclomaticComplexity="0" maxCrapScore="0" minCrapScore="0" visitedClasses="0" numClasses="0" visitedMethods="0" numMethods="1" />
              <MetadataToken>100663318</MetadataToken>
              <Name>EnemyMovementObject RandomMovement::GetMoover()</Name>
              <FileRef uid="8" />
              <SequencePoints>
                <SequencePoint vc="0" uspid="119" ordinal="0" offset="0" sl="23" sc="0" el="23" ec="0" bec="0" bev="0" fileid="8" />
              </SequencePoints>
              <BranchPoints />
            </Method>
            <Method visited="true" cyclomaticComplexity="0" nPathComplexity="0" sequenceCoverage="100.0" branchCoverage="0" crapScore="0" isConstructor="true" isStatic="false" isGetter="false" isSetter="false">
              <Summary numSequencePoints="1" visitedSequencePoints="1" numBranchPoints="0" visitedBranchPoints="0" sequenceCoverage="100.0" branchCoverage="0" maxCyclomaticComplexity="0" minCyclomaticComplexity="0" maxCrapScore="0" minCrapScore="0" visitedClasses="0" numClasses="0" visitedMethods="1" numMethods="1" />
              <MetadataToken>100663319</MetadataToken>
              <Name>RandomMovement::RandomMovement()</Name>
              <FileRef uid="8" />
              <SequencePoints>
                <SequencePoint vc="1" uspid="120" ordinal="0" offset="0" sl="11" sc="5" el="11" ec="5" bec="0" bev="0" fileid="8" />
              </SequencePoints>
              <BranchPoints />
            </Method>
          </Methods>
        </Class>
        <Class>
          <Summary numSequencePoints="15" visitedSequencePoints="11" numBranchPoints="0" visitedBranchPoints="0" sequenceCoverage="73.33" branchCoverage="0.0" maxCyclomaticComplexity="0" minCyclomaticComplexity="0" maxCrapScore="0" minCrapScore="0" visitedClasses="1" numClasses="1" visitedMethods="2" numMethods="2" />
          <FullName>RandomMovementObj</FullName>
          <Methods>
            <Method visited="true" cyclomaticComplexity="0" nPathComplexity="0" sequenceCoverage="55.56" branchCoverage="0" crapScore="0" isConstructor="false" isStatic="false" isGetter="false" isSetter="false">
              <Summary numSequencePoints="9" visitedSequencePoints="5" numBranchPoints="0" visitedBranchPoints="0" sequenceCoverage="55.56" branchCoverage="0" maxCyclomaticComplexity="0" minCyclomaticComplexity="0" maxCrapScore="0" minCrapScore="0" visitedClasses="0" numClasses="0" visitedMethods="1" numMethods="1" />
              <MetadataToken>100663321</MetadataToken>
              <Name>UnityEngine.Vector2 RandomMovementObj::Move(System.Single)</Name>
              <FileRef uid="9" />
              <SequencePoints>
                <SequencePoint vc="200201" uspid="121" ordinal="0" offset="0" sl="26" sc="5" el="26" ec="5" bec="0" bev="0" fileid="9" />
                <SequencePoint vc="200201" uspid="122" ordinal="0" offset="1" sl="27" sc="9" el="27" ec="9" bec="0" bev="0" fileid="9" />
                <SequencePoint vc="200201" uspid="123" ordinal="0" offset="15" sl="28" sc="9" el="28" ec="9" bec="0" bev="0" fileid="9" />
                <SequencePoint vc="0" uspid="124" ordinal="0" offset="33" sl="29" sc="9" el="29" ec="9" bec="0" bev="0" fileid="9" />
                <SequencePoint vc="0" uspid="125" ordinal="0" offset="34" sl="30" sc="13" el="30" ec="13" bec="0" bev="0" fileid="9" />
                <SequencePoint vc="0" uspid="126" ordinal="0" offset="45" sl="31" sc="13" el="31" ec="13" bec="0" bev="0" fileid="9" />
                <SequencePoint vc="0" uspid="127" ordinal="0" offset="65" sl="32" sc="9" el="32" ec="9" bec="0" bev="0" fileid="9" />
                <SequencePoint vc="200201" uspid="128" ordinal="0" offset="66" sl="33" sc="9" el="33" ec="9" bec="0" bev="0" fileid="9" />
                <SequencePoint vc="200201" uspid="129" ordinal="0" offset="102" sl="34" sc="5" el="34" ec="5" bec="0" bev="0" fileid="9" />
              </SequencePoints>
              <BranchPoints />
            </Method>
            <Method visited="true" cyclomaticComplexity="0" nPathComplexity="0" sequenceCoverage="100.0" branchCoverage="0" crapScore="0" isConstructor="true" isStatic="false" isGetter="false" isSetter="false">
              <Summary numSequencePoints="6" visitedSequencePoints="6" numBranchPoints="0" visitedBranchPoints="0" sequenceCoverage="100.0" branchCoverage="0" maxCyclomaticComplexity="0" minCyclomaticComplexity="0" maxCrapScore="0" minCrapScore="0" visitedClasses="0" numClasses="0" visitedMethods="1" numMethods="1" />
              <MetadataToken>100663320</MetadataToken>
              <Name>RandomMovementObj::RandomMovementObj(System.Single, System.Single, UnityEngine.Vector2[])</Name>
              <FileRef uid="9" />
              <SequencePoints>
                <SequencePoint vc="4" uspid="130" ordinal="0" offset="0" sl="17" sc="5" el="17" ec="5" bec="0" bev="0" fileid="9" />
                <SequencePoint vc="4" uspid="131" ordinal="0" offset="7" sl="18" sc="5" el="18" ec="5" bec="0" bev="0" fileid="9" />
                <SequencePoint vc="4" uspid="132" ordinal="0" offset="8" sl="19" sc="9" el="19" ec="9" bec="0" bev="0" fileid="9" />
                <SequencePoint vc="4" uspid="133" ordinal="0" offset="15" sl="20" sc="9" el="20" ec="9" bec="0" bev="0" fileid="9" />
                <SequencePoint vc="4" uspid="134" ordinal="0" offset="22" sl="21" sc="9" el="21" ec="9" bec="0" bev="0" fileid="9" />
                <SequencePoint vc="4" uspid="135" ordinal="0" offset="29" sl="23" sc="5" el="23" ec="5" bec="0" bev="0" fileid="9" />
              </SequencePoints>
              <BranchPoints />
            </Method>
          </Methods>
        </Class>
        <Class>
          <Summary numSequencePoints="20" visitedSequencePoints="4" numBranchPoints="0" visitedBranchPoints="0" sequenceCoverage="20.00" branchCoverage="0.0" maxCyclomaticComplexity="0" minCyclomaticComplexity="0" maxCrapScore="0" minCrapScore="0" visitedClasses="1" numClasses="1" visitedMethods="2" numMethods="6" />
          <FullName>MainCharacterController</FullName>
          <Methods>
            <Method visited="false" cyclomaticComplexity="0" nPathComplexity="0" sequenceCoverage="0.0" branchCoverage="0" crapScore="0" isConstructor="false" isStatic="false" isGetter="false" isSetter="false">
              <Summary numSequencePoints="3" visitedSequencePoints="0" numBranchPoints="0" visitedBranchPoints="0" sequenceCoverage="0.0" branchCoverage="0" maxCyclomaticComplexity="0" minCyclomaticComplexity="0" maxCrapScore="0" minCrapScore="0" visitedClasses="0" numClasses="0" visitedMethods="0" numMethods="1" />
              <MetadataToken>100663325</MetadataToken>
              <Name>System.Void MainCharacterController::Awake()</Name>
              <FileRef uid="10" />
              <SequencePoints>
                <SequencePoint vc="0" uspid="136" ordinal="0" offset="0" sl="18" sc="0" el="18" ec="0" bec="0" bev="0" fileid="10" />
                <SequencePoint vc="0" uspid="137" ordinal="0" offset="1" sl="19" sc="0" el="19" ec="0" bec="0" bev="0" fileid="10" />
                <SequencePoint vc="0" uspid="138" ordinal="0" offset="7" sl="20" sc="0" el="20" ec="0" bec="0" bev="0" fileid="10" />
              </SequencePoints>
              <BranchPoints />
            </Method>
            <Method visited="false" cyclomaticComplexity="0" nPathComplexity="0" sequenceCoverage="0.0" branchCoverage="0" crapScore="0" isConstructor="false" isStatic="false" isGetter="false" isSetter="false">
              <Summary numSequencePoints="5" visitedSequencePoints="0" numBranchPoints="0" visitedBranchPoints="0" sequenceCoverage="0.0" branchCoverage="0" maxCyclomaticComplexity="0" minCyclomaticComplexity="0" maxCrapScore="0" minCrapScore="0" visitedClasses="0" numClasses="0" visitedMethods="0" numMethods="1" />
              <MetadataToken>100663326</MetadataToken>
              <Name>System.Void MainCharacterController::Start()</Name>
              <FileRef uid="10" />
              <SequencePoints>
                <SequencePoint vc="0" uspid="139" ordinal="0" offset="0" sl="24" sc="0" el="24" ec="0" bec="0" bev="0" fileid="10" />
                <SequencePoint vc="0" uspid="140" ordinal="0" offset="1" sl="25" sc="0" el="25" ec="0" bec="0" bev="0" fileid="10" />
                <SequencePoint vc="0" uspid="141" ordinal="0" offset="13" sl="27" sc="0" el="27" ec="0" bec="0" bev="0" fileid="10" />
                <SequencePoint vc="0" uspid="142" ordinal="0" offset="26" sl="28" sc="0" el="28" ec="0" bec="0" bev="0" fileid="10" />
                <SequencePoint vc="0" uspid="143" ordinal="0" offset="37" sl="29" sc="0" el="29" ec="0" bec="0" bev="0" fileid="10" />
              </SequencePoints>
              <BranchPoints />
            </Method>
            <Method visited="false" cyclomaticComplexity="0" nPathComplexity="0" sequenceCoverage="0.0" branchCoverage="0" crapScore="0" isConstructor="false" isStatic="false" isGetter="false" isSetter="false">
              <Summary numSequencePoints="5" visitedSequencePoints="0" numBranchPoints="0" visitedBranchPoints="0" sequenceCoverage="0.0" branchCoverage="0" maxCyclomaticComplexity="0" minCyclomaticComplexity="0" maxCrapScore="0" minCrapScore="0" visitedClasses="0" numClasses="0" visitedMethods="0" numMethods="1" />
              <MetadataToken>100663327</MetadataToken>
              <Name>System.Void MainCharacterController::Update()</Name>
              <FileRef uid="10" />
              <SequencePoints>
                <SequencePoint vc="0" uspid="144" ordinal="0" offset="0" sl="33" sc="0" el="33" ec="0" bec="0" bev="0" fileid="10" />
                <SequencePoint vc="0" uspid="145" ordinal="0" offset="1" sl="34" sc="0" el="34" ec="0" bec="0" bev="0" fileid="10" />
                <SequencePoint vc="0" uspid="146" ordinal="0" offset="23" sl="35" sc="0" el="35" ec="0" bec="0" bev="0" fileid="10" />
                <SequencePoint vc="0" uspid="147" ordinal="0" offset="45" sl="36" sc="0" el="36" ec="0" bec="0" bev="0" fileid="10" />
                <SequencePoint vc="0" uspid="148" ordinal="0" offset="57" sl="37" sc="0" el="37" ec="0" bec="0" bev="0" fileid="10" />
              </SequencePoints>
              <BranchPoints />
            </Method>
            <Method visited="false" cyclomaticComplexity="0" nPathComplexity="0" sequenceCoverage="0.0" branchCoverage="0" crapScore="0" isConstructor="false" isStatic="false" isGetter="false" isSetter="false">
              <Summary numSequencePoints="3" visitedSequencePoints="0" numBranchPoints="0" visitedBranchPoints="0" sequenceCoverage="0.0" branchCoverage="0" maxCyclomaticComplexity="0" minCyclomaticComplexity="0" maxCrapScore="0" minCrapScore="0" visitedClasses="0" numClasses="0" visitedMethods="0" numMethods="1" />
              <MetadataToken>100663328</MetadataToken>
              <Name>System.Void MainCharacterController::FixedUpdate()</Name>
              <FileRef uid="10" />
              <SequencePoints>
                <SequencePoint vc="0" uspid="149" ordinal="0" offset="0" sl="40" sc="0" el="40" ec="0" bec="0" bev="0" fileid="10" />
                <SequencePoint vc="0" uspid="150" ordinal="0" offset="1" sl="41" sc="0" el="41" ec="0" bec="0" bev="0" fileid="10" />
                <SequencePoint vc="0" uspid="151" ordinal="0" offset="58" sl="42" sc="0" el="42" ec="0" bec="0" bev="0" fileid="10" />
              </SequencePoints>
              <BranchPoints />
            </Method>
            <Method visited="true" cyclomaticComplexity="0" nPathComplexity="0" sequenceCoverage="100.0" branchCoverage="0" crapScore="0" isConstructor="false" isStatic="false" isGetter="false" isSetter="false">
              <Summary numSequencePoints="3" visitedSequencePoints="3" numBranchPoints="0" visitedBranchPoints="0" sequenceCoverage="100.0" branchCoverage="0" maxCyclomaticComplexity="0" minCyclomaticComplexity="0" maxCrapScore="0" minCrapScore="0" visitedClasses="0" numClasses="0" visitedMethods="1" numMethods="1" />
              <MetadataToken>100663329</MetadataToken>
              <Name>UnityEngine.Vector2 MainCharacterController::CalculateMovement(UnityEngine.Vector2, System.Single, System.Single)</Name>
              <FileRef uid="10" />
              <SequencePoints>
                <SequencePoint vc="3" uspid="152" ordinal="0" offset="0" sl="45" sc="5" el="45" ec="5" bec="0" bev="0" fileid="10" />
                <SequencePoint vc="3" uspid="153" ordinal="0" offset="1" sl="46" sc="9" el="46" ec="9" bec="0" bev="0" fileid="10" />
                <SequencePoint vc="3" uspid="154" ordinal="0" offset="29" sl="47" sc="5" el="47" ec="5" bec="0" bev="0" fileid="10" />
              </SequencePoints>
              <BranchPoints />
            </Method>
            <Method visited="true" cyclomaticComplexity="0" nPathComplexity="0" sequenceCoverage="100.0" branchCoverage="0" crapScore="0" isConstructor="true" isStatic="false" isGetter="false" isSetter="false">
              <Summary numSequencePoints="1" visitedSequencePoints="1" numBranchPoints="0" visitedBranchPoints="0" sequenceCoverage="100.0" branchCoverage="0" maxCyclomaticComplexity="0" minCyclomaticComplexity="0" maxCrapScore="0" minCrapScore="0" visitedClasses="0" numClasses="0" visitedMethods="1" numMethods="1" />
              <MetadataToken>100663330</MetadataToken>
              <Name>MainCharacterController::MainCharacterController()</Name>
              <FileRef uid="10" />
              <SequencePoints>
                <SequencePoint vc="4" uspid="155" ordinal="0" offset="0" sl="8" sc="5" el="8" ec="5" bec="0" bev="0" fileid="10" />
              </SequencePoints>
              <BranchPoints />
            </Method>
          </Methods>
        </Class>
      </Classes>
    </Module>
    <Module>
      <Summary numSequencePoints="117" visitedSequencePoints="117" numBranchPoints="0" visitedBranchPoints="0" sequenceCoverage="100.0" branchCoverage="0.0" maxCyclomaticComplexity="0" minCyclomaticComplexity="0" maxCrapScore="0" minCrapScore="0" visitedClasses="4" numClasses="4" visitedMethods="14" numMethods="14" />
      <ModuleTime>0001-01-01T00:00:00</ModuleTime>
      <ModuleName>TestEdit</ModuleName>
      <Files>
        <File uid="11" fullPath="C:/Users/krjrp/Documents/GitHub/ScarletPimpernel/Assets/Tests/TestEdit/FollowMovementTest.cs" />
        <File uid="12" fullPath="C:/Users/krjrp/Documents/GitHub/ScarletPimpernel/Assets/Tests/TestEdit/LooperMovementTest.cs" />
        <File uid="13" fullPath="C:/Users/krjrp/Documents/GitHub/ScarletPimpernel/Assets/Tests/TestEdit/MovementTest.cs" />
        <File uid="14" fullPath="C:/Users/krjrp/Documents/GitHub/ScarletPimpernel/Assets/Tests/TestEdit/RandomMovementTest.cs" />
      </Files>
      <Classes>
        <Class>
          <Summary numSequencePoints="44" visitedSequencePoints="44" numBranchPoints="0" visitedBranchPoints="0" sequenceCoverage="100.0" branchCoverage="0.0" maxCyclomaticComplexity="0" minCyclomaticComplexity="0" maxCrapScore="0" minCrapScore="0" visitedClasses="1" numClasses="1" visitedMethods="4" numMethods="4" />
          <FullName>Tests.FollowMovementTest</FullName>
          <Methods>
            <Method visited="true" cyclomaticComplexity="0" nPathComplexity="0" sequenceCoverage="100.0" branchCoverage="0" crapScore="0" isConstructor="false" isStatic="false" isGetter="false" isSetter="false">
              <Summary numSequencePoints="10" visitedSequencePoints="10" numBranchPoints="0" visitedBranchPoints="0" sequenceCoverage="100.0" branchCoverage="0" maxCyclomaticComplexity="0" minCyclomaticComplexity="0" maxCrapScore="0" minCrapScore="0" visitedClasses="0" numClasses="0" visitedMethods="1" numMethods="1" />
              <MetadataToken>100663297</MetadataToken>
              <Name>System.Void Tests.FollowMovementTest::InRangeSpeed1Test()</Name>
              <FileRef uid="11" />
              <SequencePoints>
                <SequencePoint vc="1" uspid="156" ordinal="0" offset="0" sl="14" sc="9" el="14" ec="9" bec="0" bev="0" fileid="11" />
                <SequencePoint vc="1" uspid="157" ordinal="0" offset="1" sl="15" sc="13" el="15" ec="13" bec="0" bev="0" fileid="11" />
                <SequencePoint vc="1" uspid="158" ordinal="0" offset="7" sl="16" sc="13" el="16" ec="13" bec="0" bev="0" fileid="11" />
                <SequencePoint vc="1" uspid="159" ordinal="0" offset="13" sl="18" sc="13" el="18" ec="13" bec="0" bev="0" fileid="11" />
                <SequencePoint vc="1" uspid="160" ordinal="0" offset="20" sl="19" sc="13" el="19" ec="13" bec="0" bev="0" fileid="11" />
                <SequencePoint vc="1" uspid="161" ordinal="0" offset="27" sl="20" sc="13" el="20" ec="13" bec="0" bev="0" fileid="11" />
                <SequencePoint vc="1" uspid="162" ordinal="0" offset="54" sl="21" sc="13" el="21" ec="13" bec="0" bev="0" fileid="11" />
                <SequencePoint vc="1" uspid="163" ordinal="0" offset="81" sl="23" sc="13" el="23" ec="13" bec="0" bev="0" fileid="11" />
                <SequencePoint vc="1" uspid="164" ordinal="0" offset="100" sl="24" sc="13" el="24" ec="13" bec="0" bev="0" fileid="11" />
                <SequencePoint vc="1" uspid="165" ordinal="0" offset="152" sl="25" sc="9" el="25" ec="9" bec="0" bev="0" fileid="11" />
              </SequencePoints>
              <BranchPoints />
            </Method>
            <Method visited="true" cyclomaticComplexity="0" nPathComplexity="0" sequenceCoverage="100.0" branchCoverage="0" crapScore="0" isConstructor="false" isStatic="false" isGetter="false" isSetter="false">
              <Summary numSequencePoints="10" visitedSequencePoints="10" numBranchPoints="0" visitedBranchPoints="0" sequenceCoverage="100.0" branchCoverage="0" maxCyclomaticComplexity="0" minCyclomaticComplexity="0" maxCrapScore="0" minCrapScore="0" visitedClasses="0" numClasses="0" visitedMethods="1" numMethods="1" />
              <MetadataToken>100663298</MetadataToken>
              <Name>System.Void Tests.FollowMovementTest::InRangeSpeed3Test()</Name>
              <FileRef uid="11" />
              <SequencePoints>
                <SequencePoint vc="1" uspid="166" ordinal="0" offset="0" sl="29" sc="9" el="29" ec="9" bec="0" bev="0" fileid="11" />
                <SequencePoint vc="1" uspid="167" ordinal="0" offset="1" sl="30" sc="13" el="30" ec="13" bec="0" bev="0" fileid="11" />
                <SequencePoint vc="1" uspid="168" ordinal="0" offset="7" sl="31" sc="13" el="31" ec="13" bec="0" bev="0" fileid="11" />
                <SequencePoint vc="1" uspid="169" ordinal="0" offset="13" sl="33" sc="13" el="33" ec="13" bec="0" bev="0" fileid="11" />
                <SequencePoint vc="1" uspid="170" ordinal="0" offset="20" sl="34" sc="13" el="34" ec="13" bec="0" bev="0" fileid="11" />
                <SequencePoint vc="1" uspid="171" ordinal="0" offset="27" sl="35" sc="13" el="35" ec="13" bec="0" bev="0" fileid="11" />
                <SequencePoint vc="1" uspid="172" ordinal="0" offset="54" sl="36" sc="13" el="36" ec="13" bec="0" bev="0" fileid="11" />
                <SequencePoint vc="1" uspid="173" ordinal="0" offset="81" sl="38" sc="13" el="38" ec="13" bec="0" bev="0" fileid="11" />
                <SequencePoint vc="1" uspid="174" ordinal="0" offset="100" sl="39" sc="13" el="39" ec="13" bec="0" bev="0" fileid="11" />
                <SequencePoint vc="1" uspid="175" ordinal="0" offset="162" sl="40" sc="9" el="40" ec="9" bec="0" bev="0" fileid="11" />
              </SequencePoints>
              <BranchPoints />
            </Method>
            <Method visited="true" cyclomaticComplexity="0" nPathComplexity="0" sequenceCoverage="100.0" branchCoverage="0" crapScore="0" isConstructor="false" isStatic="false" isGetter="false" isSetter="false">
              <Summary numSequencePoints="10" visitedSequencePoints="10" numBranchPoints="0" visitedBranchPoints="0" sequenceCoverage="100.0" branchCoverage="0" maxCyclomaticComplexity="0" minCyclomaticComplexity="0" maxCrapScore="0" minCrapScore="0" visitedClasses="0" numClasses="0" visitedMethods="1" numMethods="1" />
              <MetadataToken>100663299</MetadataToken>
              <Name>System.Void Tests.FollowMovementTest::OutRangeTest()</Name>
              <FileRef uid="11" />
              <SequencePoints>
                <SequencePoint vc="1" uspid="176" ordinal="0" offset="0" sl="44" sc="9" el="44" ec="9" bec="0" bev="0" fileid="11" />
                <SequencePoint vc="1" uspid="177" ordinal="0" offset="1" sl="45" sc="13" el="45" ec="13" bec="0" bev="0" fileid="11" />
                <SequencePoint vc="1" uspid="178" ordinal="0" offset="7" sl="46" sc="13" el="46" ec="13" bec="0" bev="0" fileid="11" />
                <SequencePoint vc="1" uspid="179" ordinal="0" offset="13" sl="48" sc="13" el="48" ec="13" bec="0" bev="0" fileid="11" />
                <SequencePoint vc="1" uspid="180" ordinal="0" offset="20" sl="49" sc="13" el="49" ec="13" bec="0" bev="0" fileid="11" />
                <SequencePoint vc="1" uspid="181" ordinal="0" offset="27" sl="50" sc="13" el="50" ec="13" bec="0" bev="0" fileid="11" />
                <SequencePoint vc="1" uspid="182" ordinal="0" offset="54" sl="51" sc="13" el="51" ec="13" bec="0" bev="0" fileid="11" />
                <SequencePoint vc="1" uspid="183" ordinal="0" offset="81" sl="53" sc="13" el="53" ec="13" bec="0" bev="0" fileid="11" />
                <SequencePoint vc="1" uspid="184" ordinal="0" offset="100" sl="54" sc="13" el="54" ec="13" bec="0" bev="0" fileid="11" />
                <SequencePoint vc="1" uspid="185" ordinal="0" offset="143" sl="55" sc="9" el="55" ec="9" bec="0" bev="0" fileid="11" />
              </SequencePoints>
              <BranchPoints />
            </Method>
            <Method visited="true" cyclomaticComplexity="0" nPathComplexity="0" sequenceCoverage="100.0" branchCoverage="0" crapScore="0" isConstructor="false" isStatic="false" isGetter="false" isSetter="false">
              <Summary numSequencePoints="14" visitedSequencePoints="14" numBranchPoints="0" visitedBranchPoints="0" sequenceCoverage="100.0" branchCoverage="0" maxCyclomaticComplexity="0" minCyclomaticComplexity="0" maxCrapScore="0" minCrapScore="0" visitedClasses="0" numClasses="0" visitedMethods="1" numMethods="1" />
              <MetadataToken>100663300</MetadataToken>
              <Name>System.Void Tests.FollowMovementTest::KeepChasingTest()</Name>
              <FileRef uid="11" />
              <SequencePoints>
                <SequencePoint vc="1" uspid="186" ordinal="0" offset="0" sl="59" sc="9" el="59" ec="9" bec="0" bev="0" fileid="11" />
                <SequencePoint vc="1" uspid="187" ordinal="0" offset="1" sl="60" sc="13" el="60" ec="13" bec="0" bev="0" fileid="11" />
                <SequencePoint vc="1" uspid="188" ordinal="0" offset="7" sl="61" sc="13" el="61" ec="13" bec="0" bev="0" fileid="11" />
                <SequencePoint vc="1" uspid="189" ordinal="0" offset="13" sl="63" sc="13" el="63" ec="13" bec="0" bev="0" fileid="11" />
                <SequencePoint vc="1" uspid="190" ordinal="0" offset="20" sl="64" sc="13" el="64" ec="13" bec="0" bev="0" fileid="11" />
                <SequencePoint vc="1" uspid="191" ordinal="0" offset="27" sl="65" sc="13" el="65" ec="13" bec="0" bev="0" fileid="11" />
                <SequencePoint vc="1" uspid="192" ordinal="0" offset="54" sl="66" sc="13" el="66" ec="13" bec="0" bev="0" fileid="11" />
                <SequencePoint vc="1" uspid="193" ordinal="0" offset="81" sl="68" sc="13" el="68" ec="13" bec="0" bev="0" fileid="11" />
                <SequencePoint vc="1" uspid="194" ordinal="0" offset="100" sl="69" sc="13" el="69" ec="13" bec="0" bev="0" fileid="11" />
                <SequencePoint vc="1" uspid="195" ordinal="0" offset="162" sl="71" sc="13" el="71" ec="13" bec="0" bev="0" fileid="11" />
                <SequencePoint vc="1" uspid="196" ordinal="0" offset="189" sl="72" sc="13" el="72" ec="13" bec="0" bev="0" fileid="11" />
                <SequencePoint vc="1" uspid="197" ordinal="0" offset="251" sl="75" sc="13" el="75" ec="13" bec="0" bev="0" fileid="11" />
                <SequencePoint vc="1" uspid="198" ordinal="0" offset="278" sl="76" sc="13" el="76" ec="13" bec="0" bev="0" fileid="11" />
                <SequencePoint vc="1" uspid="199" ordinal="0" offset="340" sl="77" sc="9" el="77" ec="9" bec="0" bev="0" fileid="11" />
              </SequencePoints>
              <BranchPoints />
            </Method>
          </Methods>
        </Class>
        <Class>
          <Summary numSequencePoints="15" visitedSequencePoints="15" numBranchPoints="0" visitedBranchPoints="0" sequenceCoverage="100.0" branchCoverage="0.0" maxCyclomaticComplexity="0" minCyclomaticComplexity="0" maxCrapScore="0" minCrapScore="0" visitedClasses="1" numClasses="1" visitedMethods="3" numMethods="3" />
          <FullName>Tests.LooperMovementTest</FullName>
          <Methods>
            <Method visited="true" cyclomaticComplexity="0" nPathComplexity="0" sequenceCoverage="100.0" branchCoverage="0" crapScore="0" isConstructor="false" isStatic="false" isGetter="false" isSetter="false">
              <Summary numSequencePoints="5" visitedSequencePoints="5" numBranchPoints="0" visitedBranchPoints="0" sequenceCoverage="100.0" branchCoverage="0" maxCyclomaticComplexity="0" minCyclomaticComplexity="0" maxCrapScore="0" minCrapScore="0" visitedClasses="0" numClasses="0" visitedMethods="1" numMethods="1" />
              <MetadataToken>100663302</MetadataToken>
              <Name>System.Void Tests.LooperMovementTest::LooperMovementTestVectorUp()</Name>
              <FileRef uid="12" />
              <SequencePoints>
                <SequencePoint vc="1" uspid="200" ordinal="0" offset="0" sl="14" sc="9" el="14" ec="9" bec="0" bev="0" fileid="12" />
                <SequencePoint vc="1" uspid="201" ordinal="0" offset="1" sl="15" sc="13" el="15" ec="13" bec="0" bev="0" fileid="12" />
                <SequencePoint vc="1" uspid="202" ordinal="0" offset="20" sl="16" sc="13" el="16" ec="13" bec="0" bev="0" fileid="12" />
                <SequencePoint vc="1" uspid="203" ordinal="0" offset="37" sl="17" sc="13" el="17" ec="13" bec="0" bev="0" fileid="12" />
                <SequencePoint vc="1" uspid="204" ordinal="0" offset="69" sl="18" sc="9" el="18" ec="9" bec="0" bev="0" fileid="12" />
              </SequencePoints>
              <BranchPoints />
            </Method>
            <Method visited="true" cyclomaticComplexity="0" nPathComplexity="0" sequenceCoverage="100.0" branchCoverage="0" crapScore="0" isConstructor="false" isStatic="false" isGetter="false" isSetter="false">
              <Summary numSequencePoints="5" visitedSequencePoints="5" numBranchPoints="0" visitedBranchPoints="0" sequenceCoverage="100.0" branchCoverage="0" maxCyclomaticComplexity="0" minCyclomaticComplexity="0" maxCrapScore="0" minCrapScore="0" visitedClasses="0" numClasses="0" visitedMethods="1" numMethods="1" />
              <MetadataToken>100663303</MetadataToken>
              <Name>System.Void Tests.LooperMovementTest::LooperMovementTestSpeedMultiplier()</Name>
              <FileRef uid="12" />
              <SequencePoints>
                <SequencePoint vc="1" uspid="205" ordinal="0" offset="0" sl="22" sc="9" el="22" ec="9" bec="0" bev="0" fileid="12" />
                <SequencePoint vc="1" uspid="206" ordinal="0" offset="1" sl="23" sc="13" el="23" ec="13" bec="0" bev="0" fileid="12" />
                <SequencePoint vc="1" uspid="207" ordinal="0" offset="20" sl="24" sc="13" el="24" ec="13" bec="0" bev="0" fileid="12" />
                <SequencePoint vc="1" uspid="208" ordinal="0" offset="37" sl="25" sc="13" el="25" ec="13" bec="0" bev="0" fileid="12" />
                <SequencePoint vc="1" uspid="209" ordinal="0" offset="79" sl="26" sc="9" el="26" ec="9" bec="0" bev="0" fileid="12" />
              </SequencePoints>
              <BranchPoints />
            </Method>
            <Method visited="true" cyclomaticComplexity="0" nPathComplexity="0" sequenceCoverage="100.0" branchCoverage="0" crapScore="0" isConstructor="false" isStatic="false" isGetter="false" isSetter="false">
              <Summary numSequencePoints="5" visitedSequencePoints="5" numBranchPoints="0" visitedBranchPoints="0" sequenceCoverage="100.0" branchCoverage="0" maxCyclomaticComplexity="0" minCyclomaticComplexity="0" maxCrapScore="0" minCrapScore="0" visitedClasses="0" numClasses="0" visitedMethods="1" numMethods="1" />
              <MetadataToken>100663304</MetadataToken>
              <Name>System.Void Tests.LooperMovementTest::LooperMovementTestChangeDirection()</Name>
              <FileRef uid="12" />
              <SequencePoints>
                <SequencePoint vc="1" uspid="210" ordinal="0" offset="0" sl="30" sc="9" el="30" ec="9" bec="0" bev="0" fileid="12" />
                <SequencePoint vc="1" uspid="211" ordinal="0" offset="1" sl="31" sc="13" el="31" ec="13" bec="0" bev="0" fileid="12" />
                <SequencePoint vc="1" uspid="212" ordinal="0" offset="32" sl="32" sc="13" el="32" ec="13" bec="0" bev="0" fileid="12" />
                <SequencePoint vc="1" uspid="213" ordinal="0" offset="49" sl="33" sc="13" el="33" ec="13" bec="0" bev="0" fileid="12" />
                <SequencePoint vc="1" uspid="214" ordinal="0" offset="81" sl="34" sc="9" el="34" ec="9" bec="0" bev="0" fileid="12" />
              </SequencePoints>
              <BranchPoints />
            </Method>
          </Methods>
        </Class>
        <Class>
          <Summary numSequencePoints="15" visitedSequencePoints="15" numBranchPoints="0" visitedBranchPoints="0" sequenceCoverage="100.0" branchCoverage="0.0" maxCyclomaticComplexity="0" minCyclomaticComplexity="0" maxCrapScore="0" minCrapScore="0" visitedClasses="1" numClasses="1" visitedMethods="3" numMethods="3" />
          <FullName>Tests.MovementTest</FullName>
          <Methods>
            <Method visited="true" cyclomaticComplexity="0" nPathComplexity="0" sequenceCoverage="100.0" branchCoverage="0" crapScore="0" isConstructor="false" isStatic="false" isGetter="false" isSetter="false">
              <Summary numSequencePoints="5" visitedSequencePoints="5" numBranchPoints="0" visitedBranchPoints="0" sequenceCoverage="100.0" branchCoverage="0" maxCyclomaticComplexity="0" minCyclomaticComplexity="0" maxCrapScore="0" minCrapScore="0" visitedClasses="0" numClasses="0" visitedMethods="1" numMethods="1" />
              <MetadataToken>100663306</MetadataToken>
              <Name>System.Void Tests.MovementTest::TestHorizontalMovement()</Name>
              <FileRef uid="13" />
              <SequencePoints>
                <SequencePoint vc="1" uspid="215" ordinal="0" offset="0" sl="13" sc="9" el="13" ec="9" bec="0" bev="0" fileid="13" />
                <SequencePoint vc="1" uspid="216" ordinal="0" offset="1" sl="14" sc="13" el="14" ec="13" bec="0" bev="0" fileid="13" />
                <SequencePoint vc="1" uspid="217" ordinal="0" offset="7" sl="15" sc="13" el="15" ec="13" bec="0" bev="0" fileid="13" />
                <SequencePoint vc="1" uspid="218" ordinal="0" offset="14" sl="16" sc="13" el="16" ec="13" bec="0" bev="0" fileid="13" />
                <SequencePoint vc="1" uspid="219" ordinal="0" offset="76" sl="19" sc="9" el="19" ec="9" bec="0" bev="0" fileid="13" />
              </SequencePoints>
              <BranchPoints />
            </Method>
            <Method visited="true" cyclomaticComplexity="0" nPathComplexity="0" sequenceCoverage="100.0" branchCoverage="0" crapScore="0" isConstructor="false" isStatic="false" isGetter="false" isSetter="false">
              <Summary numSequencePoints="5" visitedSequencePoints="5" numBranchPoints="0" visitedBranchPoints="0" sequenceCoverage="100.0" branchCoverage="0" maxCyclomaticComplexity="0" minCyclomaticComplexity="0" maxCrapScore="0" minCrapScore="0" visitedClasses="0" numClasses="0" visitedMethods="1" numMethods="1" />
              <MetadataToken>100663307</MetadataToken>
              <Name>System.Void Tests.MovementTest::TestVerticalMovement()</Name>
              <FileRef uid="13" />
              <SequencePoints>
                <SequencePoint vc="1" uspid="220" ordinal="0" offset="0" sl="23" sc="9" el="23" ec="9" bec="0" bev="0" fileid="13" />
                <SequencePoint vc="1" uspid="221" ordinal="0" offset="1" sl="24" sc="13" el="24" ec="13" bec="0" bev="0" fileid="13" />
                <SequencePoint vc="1" uspid="222" ordinal="0" offset="7" sl="25" sc="13" el="25" ec="13" bec="0" bev="0" fileid="13" />
                <SequencePoint vc="1" uspid="223" ordinal="0" offset="14" sl="26" sc="13" el="26" ec="13" bec="0" bev="0" fileid="13" />
                <SequencePoint vc="1" uspid="224" ordinal="0" offset="76" sl="29" sc="9" el="29" ec="9" bec="0" bev="0" fileid="13" />
              </SequencePoints>
              <BranchPoints />
            </Method>
            <Method visited="true" cyclomaticComplexity="0" nPathComplexity="0" sequenceCoverage="100.0" branchCoverage="0" crapScore="0" isConstructor="false" isStatic="false" isGetter="false" isSetter="false">
              <Summary numSequencePoints="5" visitedSequencePoints="5" numBranchPoints="0" visitedBranchPoints="0" sequenceCoverage="100.0" branchCoverage="0" maxCyclomaticComplexity="0" minCyclomaticComplexity="0" maxCrapScore="0" minCrapScore="0" visitedClasses="0" numClasses="0" visitedMethods="1" numMethods="1" />
              <MetadataToken>100663308</MetadataToken>
              <Name>System.Void Tests.MovementTest::TestCompositeMovement()</Name>
              <FileRef uid="13" />
              <SequencePoints>
                <SequencePoint vc="1" uspid="225" ordinal="0" offset="0" sl="33" sc="9" el="33" ec="9" bec="0" bev="0" fileid="13" />
                <SequencePoint vc="1" uspid="226" ordinal="0" offset="1" sl="34" sc="13" el="34" ec="13" bec="0" bev="0" fileid="13" />
                <SequencePoint vc="1" uspid="227" ordinal="0" offset="7" sl="35" sc="13" el="35" ec="13" bec="0" bev="0" fileid="13" />
                <SequencePoint vc="1" uspid="228" ordinal="0" offset="14" sl="36" sc="13" el="36" ec="13" bec="0" bev="0" fileid="13" />
                <SequencePoint vc="1" uspid="229" ordinal="0" offset="76" sl="39" sc="9" el="39" ec="9" bec="0" bev="0" fileid="13" />
              </SequencePoints>
              <BranchPoints />
            </Method>
          </Methods>
        </Class>
        <Class>
          <Summary numSequencePoints="43" visitedSequencePoints="43" numBranchPoints="0" visitedBranchPoints="0" sequenceCoverage="100.0" branchCoverage="0.0" maxCyclomaticComplexity="0" minCyclomaticComplexity="0" maxCrapScore="0" minCrapScore="0" visitedClasses="1" numClasses="1" visitedMethods="4" numMethods="4" />
          <FullName>Tests.RandomMovementTest</FullName>
          <Methods>
            <Method visited="true" cyclomaticComplexity="0" nPathComplexity="0" sequenceCoverage="100.0" branchCoverage="0" crapScore="0" isConstructor="false" isStatic="false" isGetter="false" isSetter="false">
              <Summary numSequencePoints="5" visitedSequencePoints="5" numBranchPoints="0" visitedBranchPoints="0" sequenceCoverage="100.0" branchCoverage="0" maxCyclomaticComplexity="0" minCyclomaticComplexity="0" maxCrapScore="0" minCrapScore="0" visitedClasses="0" numClasses="0" visitedMethods="1" numMethods="1" />
              <MetadataToken>100663310</MetadataToken>
              <Name>System.Void Tests.RandomMovementTest::RandomOneDirectionTest()</Name>
              <FileRef uid="14" />
              <SequencePoints>
                <SequencePoint vc="1" uspid="230" ordinal="0" offset="0" sl="14" sc="9" el="14" ec="9" bec="0" bev="0" fileid="14" />
                <SequencePoint vc="1" uspid="231" ordinal="0" offset="1" sl="16" sc="13" el="16" ec="13" bec="0" bev="0" fileid="14" />
                <SequencePoint vc="1" uspid="232" ordinal="0" offset="20" sl="18" sc="13" el="18" ec="13" bec="0" bev="0" fileid="14" />
                <SequencePoint vc="1" uspid="233" ordinal="0" offset="37" sl="19" sc="13" el="19" ec="13" bec="0" bev="0" fileid="14" />
                <SequencePoint vc="1" uspid="234" ordinal="0" offset="79" sl="20" sc="9" el="20" ec="9" bec="0" bev="0" fileid="14" />
              </SequencePoints>
              <BranchPoints />
            </Method>
            <Method visited="true" cyclomaticComplexity="0" nPathComplexity="0" sequenceCoverage="100.0" branchCoverage="0" crapScore="0" isConstructor="false" isStatic="false" isGetter="false" isSetter="false">
              <Summary numSequencePoints="12" visitedSequencePoints="12" numBranchPoints="0" visitedBranchPoints="0" sequenceCoverage="100.0" branchCoverage="0" maxCyclomaticComplexity="0" minCyclomaticComplexity="0" maxCrapScore="0" minCrapScore="0" visitedClasses="0" numClasses="0" visitedMethods="1" numMethods="1" />
              <MetadataToken>100663311</MetadataToken>
              <Name>System.Void Tests.RandomMovementTest::ShouldMoveUpLeftTest()</Name>
              <FileRef uid="14" />
              <SequencePoints>
                <SequencePoint vc="1" uspid="235" ordinal="0" offset="0" sl="24" sc="9" el="24" ec="9" bec="0" bev="0" fileid="14" />
                <SequencePoint vc="1" uspid="236" ordinal="0" offset="1" sl="25" sc="13" el="25" ec="13" bec="0" bev="0" fileid="14" />
                <SequencePoint vc="1" uspid="237" ordinal="0" offset="32" sl="28" sc="13" el="28" ec="13" bec="0" bev="0" fileid="14" />
                <SequencePoint vc="1" uspid="238" ordinal="0" offset="49" sl="29" sc="13" el="29" ec="13" bec="0" bev="0" fileid="14" />
                <SequencePoint vc="1" uspid="239" ordinal="0" offset="66" sl="31" sc="18" el="31" ec="18" bec="0" bev="0" fileid="14" />
                <SequencePoint vc="100" uspid="240" ordinal="0" offset="70" sl="32" sc="13" el="32" ec="13" bec="0" bev="0" fileid="14" />
                <SequencePoint vc="100" uspid="241" ordinal="0" offset="71" sl="33" sc="17" el="33" ec="17" bec="0" bev="0" fileid="14" />
                <SequencePoint vc="100" uspid="242" ordinal="0" offset="89" sl="34" sc="13" el="34" ec="13" bec="0" bev="0" fileid="14" />
                <SequencePoint vc="100" uspid="243" ordinal="0" offset="90" sl="31" sc="43" el="31" ec="43" bec="0" bev="0" fileid="14" />
                <SequencePoint vc="101" uspid="244" ordinal="0" offset="94" sl="31" sc="29" el="31" ec="29" bec="0" bev="0" fileid="14" />
                <SequencePoint vc="1" uspid="245" ordinal="0" offset="105" sl="36" sc="13" el="36" ec="13" bec="0" bev="0" fileid="14" />
                <SequencePoint vc="1" uspid="246" ordinal="0" offset="131" sl="37" sc="9" el="37" ec="9" bec="0" bev="0" fileid="14" />
              </SequencePoints>
              <BranchPoints />
            </Method>
            <Method visited="true" cyclomaticComplexity="0" nPathComplexity="0" sequenceCoverage="100.0" branchCoverage="0" crapScore="0" isConstructor="false" isStatic="false" isGetter="false" isSetter="false">
              <Summary numSequencePoints="12" visitedSequencePoints="12" numBranchPoints="0" visitedBranchPoints="0" sequenceCoverage="100.0" branchCoverage="0" maxCyclomaticComplexity="0" minCyclomaticComplexity="0" maxCrapScore="0" minCrapScore="0" visitedClasses="0" numClasses="0" visitedMethods="1" numMethods="1" />
              <MetadataToken>100663312</MetadataToken>
              <Name>System.Void Tests.RandomMovementTest::DoNotMoveBecauseZeroTest()</Name>
              <FileRef uid="14" />
              <SequencePoints>
                <SequencePoint vc="1" uspid="247" ordinal="0" offset="0" sl="41" sc="9" el="41" ec="9" bec="0" bev="0" fileid="14" />
                <SequencePoint vc="1" uspid="248" ordinal="0" offset="1" sl="42" sc="13" el="42" ec="13" bec="0" bev="0" fileid="14" />
                <SequencePoint vc="1" uspid="249" ordinal="0" offset="20" sl="45" sc="13" el="45" ec="13" bec="0" bev="0" fileid="14" />
                <SequencePoint vc="1" uspid="250" ordinal="0" offset="37" sl="46" sc="13" el="46" ec="13" bec="0" bev="0" fileid="14" />
                <SequencePoint vc="1" uspid="251" ordinal="0" offset="54" sl="48" sc="18" el="48" ec="18" bec="0" bev="0" fileid="14" />
                <SequencePoint vc="100" uspid="252" ordinal="0" offset="58" sl="49" sc="13" el="49" ec="13" bec="0" bev="0" fileid="14" />
                <SequencePoint vc="100" uspid="253" ordinal="0" offset="59" sl="50" sc="17" el="50" ec="17" bec="0" bev="0" fileid="14" />
                <SequencePoint vc="100" uspid="254" ordinal="0" offset="77" sl="51" sc="13" el="51" ec="13" bec="0" bev="0" fileid="14" />
                <SequencePoint vc="100" uspid="255" ordinal="0" offset="78" sl="48" sc="43" el="48" ec="43" bec="0" bev="0" fileid="14" />
                <SequencePoint vc="101" uspid="256" ordinal="0" offset="82" sl="48" sc="29" el="48" ec="29" bec="0" bev="0" fileid="14" />
                <SequencePoint vc="1" uspid="257" ordinal="0" offset="93" sl="53" sc="13" el="53" ec="13" bec="0" bev="0" fileid="14" />
                <SequencePoint vc="1" uspid="258" ordinal="0" offset="119" sl="54" sc="9" el="54" ec="9" bec="0" bev="0" fileid="14" />
              </SequencePoints>
              <BranchPoints />
            </Method>
            <Method visited="true" cyclomaticComplexity="0" nPathComplexity="0" sequenceCoverage="100.0" branchCoverage="0" crapScore="0" isConstructor="false" isStatic="false" isGetter="false" isSetter="false">
              <Summary numSequencePoints="14" visitedSequencePoints="14" numBranchPoints="0" visitedBranchPoints="0" sequenceCoverage="100.0" branchCoverage="0" maxCyclomaticComplexity="0" minCyclomaticComplexity="0" maxCrapScore="0" minCrapScore="0" visitedClasses="0" numClasses="0" visitedMethods="1" numMethods="1" />
              <MetadataToken>100663313</MetadataToken>
              <Name>System.Void Tests.RandomMovementTest::MoveAllAroundTheWorldTest()</Name>
              <FileRef uid="14" />
              <SequencePoints>
                <SequencePoint vc="1" uspid="259" ordinal="0" offset="0" sl="60" sc="9" el="60" ec="9" bec="0" bev="0" fileid="14" />
                <SequencePoint vc="1" uspid="260" ordinal="0" offset="1" sl="61" sc="13" el="61" ec="13" bec="0" bev="0" fileid="14" />
                <SequencePoint vc="1" uspid="261" ordinal="0" offset="144" sl="66" sc="13" el="66" ec="13" bec="0" bev="0" fileid="14" />
                <SequencePoint vc="1" uspid="262" ordinal="0" offset="161" sl="67" sc="13" el="67" ec="13" bec="0" bev="0" fileid="14" />
                <SequencePoint vc="1" uspid="263" ordinal="0" offset="178" sl="69" sc="18" el="69" ec="18" bec="0" bev="0" fileid="14" />
                <SequencePoint vc="100000" uspid="264" ordinal="0" offset="182" sl="70" sc="13" el="70" ec="13" bec="0" bev="0" fileid="14" />
                <SequencePoint vc="100000" uspid="265" ordinal="0" offset="183" sl="71" sc="17" el="71" ec="17" bec="0" bev="0" fileid="14" />
                <SequencePoint vc="100000" uspid="266" ordinal="0" offset="186" sl="72" sc="17" el="72" ec="17" bec="0" bev="0" fileid="14" />
                <SequencePoint vc="100000" uspid="267" ordinal="0" offset="218" sl="73" sc="17" el="73" ec="17" bec="0" bev="0" fileid="14" />
                <SequencePoint vc="100000" uspid="268" ordinal="0" offset="250" sl="74" sc="17" el="74" ec="17" bec="0" bev="0" fileid="14" />
                <SequencePoint vc="100000" uspid="269" ordinal="0" offset="286" sl="75" sc="13" el="75" ec="13" bec="0" bev="0" fileid="14" />
                <SequencePoint vc="100000" uspid="270" ordinal="0" offset="287" sl="69" sc="43" el="69" ec="43" bec="0" bev="0" fileid="14" />
                <SequencePoint vc="100001" uspid="271" ordinal="0" offset="291" sl="69" sc="29" el="69" ec="29" bec="0" bev="0" fileid="14" />
                <SequencePoint vc="1" uspid="272" ordinal="0" offset="305" sl="76" sc="9" el="76" ec="9" bec="0" bev="0" fileid="14" />
              </SequencePoints>
              <BranchPoints />
            </Method>
          </Methods>
        </Class>
      </Classes>
    </Module>
  </Modules>
</CoverageSession>