<?xml version="1.0" encoding="utf-8"?>
<CoverageSession xmlns:xsd="http://www.w3.org/2001/XMLSchema" xmlns:xsi="http://www.w3.org/2001/XMLSchema-instance" Version="0.0.0.0">
  <Summary numSequencePoints="532" visitedSequencePoints="364" numBranchPoints="0" visitedBranchPoints="0" sequenceCoverage="68.42" branchCoverage="0.0" maxCyclomaticComplexity="0" minCyclomaticComplexity="0" maxCrapScore="0" minCrapScore="0" visitedClasses="12" numClasses="22" visitedMethods="35" numMethods="63" />
  <Modules>
    <Module>
      <Summary numSequencePoints="56" visitedSequencePoints="0" numBranchPoints="0" visitedBranchPoints="0" sequenceCoverage="0.0" branchCoverage="0.0" maxCyclomaticComplexity="0" minCyclomaticComplexity="0" maxCrapScore="0" minCrapScore="0" visitedClasses="0" numClasses="4" visitedMethods="0" numMethods="4" />
      <ModuleTime>0001-01-01T00:00:00</ModuleTime>
      <ModuleName>PlayTests</ModuleName>
      <Files>
        <File uid="1" fullPath="D:/Unity/Unity-projects/ScarletPimpernel/Assets/Tests/PlayTests/PlayMovementTest.cs" />
      </Files>
      <Classes>
        <Class>
          <Summary numSequencePoints="15" visitedSequencePoints="0" numBranchPoints="0" visitedBranchPoints="0" sequenceCoverage="0.0" branchCoverage="0.0" maxCyclomaticComplexity="0" minCyclomaticComplexity="0" maxCrapScore="0" minCrapScore="0" visitedClasses="0" numClasses="1" visitedMethods="0" numMethods="1" />
          <FullName>Tests.PlayMovementTest/&lt;Test_Horizontal_Movement&gt;d__0</FullName>
          <Methods>
            <Method visited="false" cyclomaticComplexity="0" nPathComplexity="0" sequenceCoverage="0.0" branchCoverage="0" crapScore="0" isConstructor="false" isStatic="false" isGetter="false" isSetter="false">
              <Summary numSequencePoints="15" visitedSequencePoints="0" numBranchPoints="0" visitedBranchPoints="0" sequenceCoverage="0.0" branchCoverage="0" maxCyclomaticComplexity="0" minCyclomaticComplexity="0" maxCrapScore="0" minCrapScore="0" visitedClasses="0" numClasses="0" visitedMethods="0" numMethods="1" />
              <MetadataToken>100663304</MetadataToken>
              <Name>System.Boolean Tests.PlayMovementTest/&lt;Test_Horizontal_Movement&gt;d__0::MoveNext()</Name>
              <FileRef uid="1" />
              <SequencePoints>
                <SequencePoint vc="0" uspid="533" ordinal="0" offset="48" sl="17" sc="9" el="17" ec="9" bec="0" bev="0" fileid="1" />
                <SequencePoint vc="0" uspid="534" ordinal="0" offset="49" sl="18" sc="13" el="18" ec="13" bec="0" bev="0" fileid="1" />
                <SequencePoint vc="0" uspid="535" ordinal="0" offset="60" sl="19" sc="13" el="19" ec="13" bec="0" bev="0" fileid="1" />
                <SequencePoint vc="0" uspid="536" ordinal="0" offset="72" sl="20" sc="13" el="20" ec="13" bec="0" bev="0" fileid="1" />
                <SequencePoint vc="0" uspid="537" ordinal="0" offset="89" sl="23" sc="13" el="23" ec="13" bec="0" bev="0" fileid="1" />
                <SequencePoint vc="0" uspid="538" ordinal="0" offset="110" sl="24" sc="13" el="24" ec="13" bec="0" bev="0" fileid="1" />
                <SequencePoint vc="0" uspid="539" ordinal="0" offset="126" sl="25" sc="13" el="25" ec="13" bec="0" bev="0" fileid="1" />
                <SequencePoint vc="0" uspid="540" ordinal="0" offset="158" sl="26" sc="13" el="26" ec="13" bec="0" bev="0" fileid="1" />
                <SequencePoint vc="0" uspid="541" ordinal="0" offset="190" sl="27" sc="13" el="27" ec="13" bec="0" bev="0" fileid="1" />
                <SequencePoint vc="0" uspid="542" ordinal="0" offset="222" sl="29" sc="13" el="29" ec="13" bec="0" bev="0" fileid="1" />
                <SequencePoint vc="0" uspid="543" ordinal="0" offset="245" sl="30" sc="13" el="30" ec="13" bec="0" bev="0" fileid="1" />
                <SequencePoint vc="0" uspid="544" ordinal="0" offset="272" sl="31" sc="13" el="31" ec="13" bec="0" bev="0" fileid="1" />
                <SequencePoint vc="0" uspid="545" ordinal="0" offset="299" sl="32" sc="13" el="32" ec="13" bec="0" bev="0" fileid="1" />
                <SequencePoint vc="0" uspid="546" ordinal="0" offset="321" sl="33" sc="13" el="33" ec="13" bec="0" bev="0" fileid="1" />
                <SequencePoint vc="0" uspid="547" ordinal="0" offset="348" sl="34" sc="9" el="34" ec="9" bec="0" bev="0" fileid="1" />
              </SequencePoints>
              <BranchPoints />
            </Method>
          </Methods>
        </Class>
        <Class>
          <Summary numSequencePoints="15" visitedSequencePoints="0" numBranchPoints="0" visitedBranchPoints="0" sequenceCoverage="0.0" branchCoverage="0.0" maxCyclomaticComplexity="0" minCyclomaticComplexity="0" maxCrapScore="0" minCrapScore="0" visitedClasses="0" numClasses="1" visitedMethods="0" numMethods="1" />
          <FullName>Tests.PlayMovementTest/&lt;Test_Vertical_Movement&gt;d__1</FullName>
          <Methods>
            <Method visited="false" cyclomaticComplexity="0" nPathComplexity="0" sequenceCoverage="0.0" branchCoverage="0" crapScore="0" isConstructor="false" isStatic="false" isGetter="false" isSetter="false">
              <Summary numSequencePoints="15" visitedSequencePoints="0" numBranchPoints="0" visitedBranchPoints="0" sequenceCoverage="0.0" branchCoverage="0" maxCyclomaticComplexity="0" minCyclomaticComplexity="0" maxCrapScore="0" minCrapScore="0" visitedClasses="0" numClasses="0" visitedMethods="0" numMethods="1" />
              <MetadataToken>100663310</MetadataToken>
              <Name>System.Boolean Tests.PlayMovementTest/&lt;Test_Vertical_Movement&gt;d__1::MoveNext()</Name>
              <FileRef uid="1" />
              <SequencePoints>
                <SequencePoint vc="0" uspid="548" ordinal="0" offset="48" sl="38" sc="9" el="38" ec="9" bec="0" bev="0" fileid="1" />
                <SequencePoint vc="0" uspid="549" ordinal="0" offset="49" sl="39" sc="13" el="39" ec="13" bec="0" bev="0" fileid="1" />
                <SequencePoint vc="0" uspid="550" ordinal="0" offset="60" sl="40" sc="13" el="40" ec="13" bec="0" bev="0" fileid="1" />
                <SequencePoint vc="0" uspid="551" ordinal="0" offset="72" sl="41" sc="13" el="41" ec="13" bec="0" bev="0" fileid="1" />
                <SequencePoint vc="0" uspid="552" ordinal="0" offset="89" sl="44" sc="13" el="44" ec="13" bec="0" bev="0" fileid="1" />
                <SequencePoint vc="0" uspid="553" ordinal="0" offset="110" sl="45" sc="13" el="45" ec="13" bec="0" bev="0" fileid="1" />
                <SequencePoint vc="0" uspid="554" ordinal="0" offset="126" sl="46" sc="13" el="46" ec="13" bec="0" bev="0" fileid="1" />
                <SequencePoint vc="0" uspid="555" ordinal="0" offset="158" sl="47" sc="13" el="47" ec="13" bec="0" bev="0" fileid="1" />
                <SequencePoint vc="0" uspid="556" ordinal="0" offset="190" sl="48" sc="13" el="48" ec="13" bec="0" bev="0" fileid="1" />
                <SequencePoint vc="0" uspid="557" ordinal="0" offset="222" sl="50" sc="13" el="50" ec="13" bec="0" bev="0" fileid="1" />
                <SequencePoint vc="0" uspid="558" ordinal="0" offset="245" sl="51" sc="13" el="51" ec="13" bec="0" bev="0" fileid="1" />
                <SequencePoint vc="0" uspid="559" ordinal="0" offset="272" sl="52" sc="13" el="52" ec="13" bec="0" bev="0" fileid="1" />
                <SequencePoint vc="0" uspid="560" ordinal="0" offset="299" sl="53" sc="13" el="53" ec="13" bec="0" bev="0" fileid="1" />
                <SequencePoint vc="0" uspid="561" ordinal="0" offset="321" sl="54" sc="13" el="54" ec="13" bec="0" bev="0" fileid="1" />
                <SequencePoint vc="0" uspid="562" ordinal="0" offset="348" sl="55" sc="9" el="55" ec="9" bec="0" bev="0" fileid="1" />
              </SequencePoints>
              <BranchPoints />
            </Method>
          </Methods>
        </Class>
        <Class>
          <Summary numSequencePoints="15" visitedSequencePoints="0" numBranchPoints="0" visitedBranchPoints="0" sequenceCoverage="0.0" branchCoverage="0.0" maxCyclomaticComplexity="0" minCyclomaticComplexity="0" maxCrapScore="0" minCrapScore="0" visitedClasses="0" numClasses="1" visitedMethods="0" numMethods="1" />
          <FullName>Tests.PlayMovementTest/&lt;Test_Composite_Movement&gt;d__2</FullName>
          <Methods>
            <Method visited="false" cyclomaticComplexity="0" nPathComplexity="0" sequenceCoverage="0.0" branchCoverage="0" crapScore="0" isConstructor="false" isStatic="false" isGetter="false" isSetter="false">
              <Summary numSequencePoints="15" visitedSequencePoints="0" numBranchPoints="0" visitedBranchPoints="0" sequenceCoverage="0.0" branchCoverage="0" maxCyclomaticComplexity="0" minCyclomaticComplexity="0" maxCrapScore="0" minCrapScore="0" visitedClasses="0" numClasses="0" visitedMethods="0" numMethods="1" />
              <MetadataToken>100663316</MetadataToken>
              <Name>System.Boolean Tests.PlayMovementTest/&lt;Test_Composite_Movement&gt;d__2::MoveNext()</Name>
              <FileRef uid="1" />
              <SequencePoints>
                <SequencePoint vc="0" uspid="563" ordinal="0" offset="48" sl="59" sc="9" el="59" ec="9" bec="0" bev="0" fileid="1" />
                <SequencePoint vc="0" uspid="564" ordinal="0" offset="49" sl="60" sc="13" el="60" ec="13" bec="0" bev="0" fileid="1" />
                <SequencePoint vc="0" uspid="565" ordinal="0" offset="60" sl="61" sc="13" el="61" ec="13" bec="0" bev="0" fileid="1" />
                <SequencePoint vc="0" uspid="566" ordinal="0" offset="72" sl="62" sc="13" el="62" ec="13" bec="0" bev="0" fileid="1" />
                <SequencePoint vc="0" uspid="567" ordinal="0" offset="89" sl="65" sc="13" el="65" ec="13" bec="0" bev="0" fileid="1" />
                <SequencePoint vc="0" uspid="568" ordinal="0" offset="110" sl="66" sc="13" el="66" ec="13" bec="0" bev="0" fileid="1" />
                <SequencePoint vc="0" uspid="569" ordinal="0" offset="126" sl="67" sc="13" el="67" ec="13" bec="0" bev="0" fileid="1" />
                <SequencePoint vc="0" uspid="570" ordinal="0" offset="158" sl="68" sc="13" el="68" ec="13" bec="0" bev="0" fileid="1" />
                <SequencePoint vc="0" uspid="571" ordinal="0" offset="190" sl="69" sc="13" el="69" ec="13" bec="0" bev="0" fileid="1" />
                <SequencePoint vc="0" uspid="572" ordinal="0" offset="222" sl="71" sc="13" el="71" ec="13" bec="0" bev="0" fileid="1" />
                <SequencePoint vc="0" uspid="573" ordinal="0" offset="245" sl="72" sc="13" el="72" ec="13" bec="0" bev="0" fileid="1" />
                <SequencePoint vc="0" uspid="574" ordinal="0" offset="272" sl="73" sc="13" el="73" ec="13" bec="0" bev="0" fileid="1" />
                <SequencePoint vc="0" uspid="575" ordinal="0" offset="299" sl="74" sc="13" el="74" ec="13" bec="0" bev="0" fileid="1" />
                <SequencePoint vc="0" uspid="576" ordinal="0" offset="321" sl="75" sc="13" el="75" ec="13" bec="0" bev="0" fileid="1" />
                <SequencePoint vc="0" uspid="577" ordinal="0" offset="343" sl="76" sc="9" el="76" ec="9" bec="0" bev="0" fileid="1" />
              </SequencePoints>
              <BranchPoints />
            </Method>
          </Methods>
        </Class>
        <Class>
          <Summary numSequencePoints="11" visitedSequencePoints="0" numBranchPoints="0" visitedBranchPoints="0" sequenceCoverage="0.0" branchCoverage="0.0" maxCyclomaticComplexity="0" minCyclomaticComplexity="0" maxCrapScore="0" minCrapScore="0" visitedClasses="0" numClasses="1" visitedMethods="0" numMethods="1" />
          <FullName>Tests.PlayMovementTest/&lt;Test_Default_MovementController&gt;d__3</FullName>
          <Methods>
            <Method visited="false" cyclomaticComplexity="0" nPathComplexity="0" sequenceCoverage="0.0" branchCoverage="0" crapScore="0" isConstructor="false" isStatic="false" isGetter="false" isSetter="false">
              <Summary numSequencePoints="11" visitedSequencePoints="0" numBranchPoints="0" visitedBranchPoints="0" sequenceCoverage="0.0" branchCoverage="0" maxCyclomaticComplexity="0" minCyclomaticComplexity="0" maxCrapScore="0" minCrapScore="0" visitedClasses="0" numClasses="0" visitedMethods="0" numMethods="1" />
              <MetadataToken>100663322</MetadataToken>
              <Name>System.Boolean Tests.PlayMovementTest/&lt;Test_Default_MovementController&gt;d__3::MoveNext()</Name>
              <FileRef uid="1" />
              <SequencePoints>
                <SequencePoint vc="0" uspid="578" ordinal="0" offset="42" sl="80" sc="9" el="80" ec="9" bec="0" bev="0" fileid="1" />
                <SequencePoint vc="0" uspid="579" ordinal="0" offset="43" sl="81" sc="13" el="81" ec="13" bec="0" bev="0" fileid="1" />
                <SequencePoint vc="0" uspid="580" ordinal="0" offset="54" sl="82" sc="13" el="82" ec="13" bec="0" bev="0" fileid="1" />
                <SequencePoint vc="0" uspid="581" ordinal="0" offset="66" sl="83" sc="13" el="83" ec="13" bec="0" bev="0" fileid="1" />
                <SequencePoint vc="0" uspid="582" ordinal="0" offset="83" sl="86" sc="13" el="86" ec="13" bec="0" bev="0" fileid="1" />
                <SequencePoint vc="0" uspid="583" ordinal="0" offset="99" sl="88" sc="13" el="88" ec="13" bec="0" bev="0" fileid="1" />
                <SequencePoint vc="0" uspid="584" ordinal="0" offset="122" sl="89" sc="13" el="89" ec="13" bec="0" bev="0" fileid="1" />
                <SequencePoint vc="0" uspid="585" ordinal="0" offset="149" sl="90" sc="13" el="90" ec="13" bec="0" bev="0" fileid="1" />
                <SequencePoint vc="0" uspid="586" ordinal="0" offset="176" sl="91" sc="13" el="91" ec="13" bec="0" bev="0" fileid="1" />
                <SequencePoint vc="0" uspid="587" ordinal="0" offset="203" sl="92" sc="13" el="92" ec="13" bec="0" bev="0" fileid="1" />
                <SequencePoint vc="0" uspid="588" ordinal="0" offset="230" sl="93" sc="9" el="93" ec="9" bec="0" bev="0" fileid="1" />
              </SequencePoints>
              <BranchPoints />
            </Method>
          </Methods>
        </Class>
      </Classes>
    </Module>
    <Module>
      <Summary numSequencePoints="211" visitedSequencePoints="99" numBranchPoints="0" visitedBranchPoints="0" sequenceCoverage="46.92" branchCoverage="0.0" maxCyclomaticComplexity="0" minCyclomaticComplexity="0" maxCrapScore="0" minCrapScore="0" visitedClasses="7" numClasses="13" visitedMethods="12" numMethods="36" />
      <ModuleTime>0001-01-01T00:00:00</ModuleTime>
      <ModuleName>AllScripts</ModuleName>
      <Files>
        <File uid="2" fullPath="D:/Unity/Unity-projects/ScarletPimpernel/Assets/Scripts/ControllerInput.cs" />
        <File uid="3" fullPath="D:/Unity/Unity-projects/ScarletPimpernel/Assets/Scripts/Destroyer.cs" />
        <File uid="4" fullPath="D:/Unity/Unity-projects/ScarletPimpernel/Assets/Scripts/EmptyRoom.cs" />
        <File uid="5" fullPath="D:/Unity/Unity-projects/ScarletPimpernel/Assets/Scripts/Enemys/EnemyController.cs" />
        <File uid="6" fullPath="D:/Unity/Unity-projects/ScarletPimpernel/Assets/Scripts/Enemys/FollowMovement.cs" />
        <File uid="7" fullPath="D:/Unity/Unity-projects/ScarletPimpernel/Assets/Scripts/Enemys/FollowMovementObj.cs" />
        <File uid="8" fullPath="D:/Unity/Unity-projects/ScarletPimpernel/Assets/Scripts/Enemys/LoopMovement.cs" />
        <File uid="9" fullPath="D:/Unity/Unity-projects/ScarletPimpernel/Assets/Scripts/Enemys/LoopMovementObj.cs" />
        <File uid="10" fullPath="D:/Unity/Unity-projects/ScarletPimpernel/Assets/Scripts/Enemys/RandomMovement.cs" />
        <File uid="11" fullPath="D:/Unity/Unity-projects/ScarletPimpernel/Assets/Scripts/Enemys/RandomMovementObj.cs" />
        <File uid="12" fullPath="D:/Unity/Unity-projects/ScarletPimpernel/Assets/Scripts/LevelGenerator.cs" />
        <File uid="13" fullPath="D:/Unity/Unity-projects/ScarletPimpernel/Assets/Scripts/MainCameraController.cs" />
        <File uid="14" fullPath="D:/Unity/Unity-projects/ScarletPimpernel/Assets/Scripts/MainCharacterController.cs" />
      </Files>
      <Classes>
        <Class>
          <Summary numSequencePoints="3" visitedSequencePoints="0" numBranchPoints="0" visitedBranchPoints="0" sequenceCoverage="0.0" branchCoverage="0.0" maxCyclomaticComplexity="0" minCyclomaticComplexity="0" maxCrapScore="0" minCrapScore="0" visitedClasses="0" numClasses="1" visitedMethods="0" numMethods="3" />
          <FullName>ControllerInput</FullName>
          <Methods>
            <Method visited="false" cyclomaticComplexity="0" nPathComplexity="0" sequenceCoverage="0.0" branchCoverage="0" crapScore="0" isConstructor="false" isStatic="false" isGetter="true" isSetter="false">
              <Summary numSequencePoints="1" visitedSequencePoints="0" numBranchPoints="0" visitedBranchPoints="0" sequenceCoverage="0.0" branchCoverage="0" maxCyclomaticComplexity="0" minCyclomaticComplexity="0" maxCrapScore="0" minCrapScore="0" visitedClasses="0" numClasses="0" visitedMethods="0" numMethods="1" />
              <MetadataToken>100663297</MetadataToken>
              <Name>System.Single ControllerInput::get_Vertical()</Name>
              <FileRef uid="2" />
              <SequencePoints>
                <SequencePoint vc="0" uspid="589" ordinal="0" offset="0" sl="4" sc="30" el="4" ec="30" bec="0" bev="0" fileid="2" />
              </SequencePoints>
              <BranchPoints />
            </Method>
            <Method visited="false" cyclomaticComplexity="0" nPathComplexity="0" sequenceCoverage="0.0" branchCoverage="0" crapScore="0" isConstructor="false" isStatic="false" isGetter="true" isSetter="false">
              <Summary numSequencePoints="1" visitedSequencePoints="0" numBranchPoints="0" visitedBranchPoints="0" sequenceCoverage="0.0" branchCoverage="0" maxCyclomaticComplexity="0" minCyclomaticComplexity="0" maxCrapScore="0" minCrapScore="0" visitedClasses="0" numClasses="0" visitedMethods="0" numMethods="1" />
              <MetadataToken>100663298</MetadataToken>
              <Name>System.Single ControllerInput::get_Horizontal()</Name>
              <FileRef uid="2" />
              <SequencePoints>
                <SequencePoint vc="0" uspid="590" ordinal="0" offset="0" sl="5" sc="32" el="5" ec="32" bec="0" bev="0" fileid="2" />
              </SequencePoints>
              <BranchPoints />
            </Method>
            <Method visited="false" cyclomaticComplexity="0" nPathComplexity="0" sequenceCoverage="0.0" branchCoverage="0" crapScore="0" isConstructor="false" isStatic="false" isGetter="true" isSetter="false">
              <Summary numSequencePoints="1" visitedSequencePoints="0" numBranchPoints="0" visitedBranchPoints="0" sequenceCoverage="0.0" branchCoverage="0" maxCyclomaticComplexity="0" minCyclomaticComplexity="0" maxCrapScore="0" minCrapScore="0" visitedClasses="0" numClasses="0" visitedMethods="0" numMethods="1" />
              <MetadataToken>100663299</MetadataToken>
              <Name>System.Single ControllerInput::get_GetTime()</Name>
              <FileRef uid="2" />
              <SequencePoints>
                <SequencePoint vc="0" uspid="591" ordinal="0" offset="0" sl="7" sc="29" el="7" ec="29" bec="0" bev="0" fileid="2" />
              </SequencePoints>
              <BranchPoints />
            </Method>
          </Methods>
        </Class>
        <Class>
          <Summary numSequencePoints="6" visitedSequencePoints="0" numBranchPoints="0" visitedBranchPoints="0" sequenceCoverage="0.0" branchCoverage="0.0" maxCyclomaticComplexity="0" minCyclomaticComplexity="0" maxCrapScore="0" minCrapScore="0" visitedClasses="0" numClasses="1" visitedMethods="0" numMethods="1" />
          <FullName>Destroyer</FullName>
          <Methods>
            <Method visited="false" cyclomaticComplexity="0" nPathComplexity="0" sequenceCoverage="0.0" branchCoverage="0" crapScore="0" isConstructor="false" isStatic="false" isGetter="false" isSetter="false">
              <Summary numSequencePoints="6" visitedSequencePoints="0" numBranchPoints="0" visitedBranchPoints="0" sequenceCoverage="0.0" branchCoverage="0" maxCyclomaticComplexity="0" minCyclomaticComplexity="0" maxCrapScore="0" minCrapScore="0" visitedClasses="0" numClasses="0" visitedMethods="0" numMethods="1" />
              <MetadataToken>100663301</MetadataToken>
              <Name>System.Void Destroyer::OnTriggerEnter2D(UnityEngine.Collider2D)</Name>
              <FileRef uid="3" />
              <SequencePoints>
                <SequencePoint vc="0" uspid="592" ordinal="0" offset="0" sl="8" sc="0" el="8" ec="0" bec="0" bev="0" fileid="3" />
                <SequencePoint vc="0" uspid="593" ordinal="0" offset="1" sl="9" sc="0" el="9" ec="0" bec="0" bev="0" fileid="3" />
                <SequencePoint vc="0" uspid="594" ordinal="0" offset="19" sl="10" sc="0" el="10" ec="0" bec="0" bev="0" fileid="3" />
                <SequencePoint vc="0" uspid="595" ordinal="0" offset="20" sl="11" sc="0" el="11" ec="0" bec="0" bev="0" fileid="3" />
                <SequencePoint vc="0" uspid="596" ordinal="0" offset="32" sl="12" sc="0" el="12" ec="0" bec="0" bev="0" fileid="3" />
                <SequencePoint vc="0" uspid="597" ordinal="0" offset="33" sl="13" sc="0" el="13" ec="0" bec="0" bev="0" fileid="3" />
              </SequencePoints>
              <BranchPoints />
            </Method>
          </Methods>
        </Class>
        <Class>
          <Summary numSequencePoints="3" visitedSequencePoints="0" numBranchPoints="0" visitedBranchPoints="0" sequenceCoverage="0.0" branchCoverage="0.0" maxCyclomaticComplexity="0" minCyclomaticComplexity="0" maxCrapScore="0" minCrapScore="0" visitedClasses="0" numClasses="1" visitedMethods="0" numMethods="1" />
          <FullName>EmptyRoom</FullName>
          <Methods>
            <Method visited="false" cyclomaticComplexity="0" nPathComplexity="0" sequenceCoverage="0.0" branchCoverage="0" crapScore="0" isConstructor="false" isStatic="false" isGetter="false" isSetter="false">
              <Summary numSequencePoints="3" visitedSequencePoints="0" numBranchPoints="0" visitedBranchPoints="0" sequenceCoverage="0.0" branchCoverage="0" maxCyclomaticComplexity="0" minCyclomaticComplexity="0" maxCrapScore="0" minCrapScore="0" visitedClasses="0" numClasses="0" visitedMethods="0" numMethods="1" />
              <MetadataToken>100663303</MetadataToken>
              <Name>System.Void EmptyRoom::OnTriggerEnter2D(UnityEngine.Collider2D)</Name>
              <FileRef uid="4" />
              <SequencePoints>
                <SequencePoint vc="0" uspid="598" ordinal="0" offset="0" sl="8" sc="0" el="8" ec="0" bec="0" bev="0" fileid="4" />
                <SequencePoint vc="0" uspid="599" ordinal="0" offset="1" sl="9" sc="0" el="9" ec="0" bec="0" bev="0" fileid="4" />
                <SequencePoint vc="0" uspid="600" ordinal="0" offset="7" sl="10" sc="0" el="10" ec="0" bec="0" bev="0" fileid="4" />
              </SequencePoints>
              <BranchPoints />
            </Method>
          </Methods>
        </Class>
        <Class>
          <Summary numSequencePoints="10" visitedSequencePoints="0" numBranchPoints="0" visitedBranchPoints="0" sequenceCoverage="0.0" branchCoverage="0.0" maxCyclomaticComplexity="0" minCyclomaticComplexity="0" maxCrapScore="0" minCrapScore="0" visitedClasses="0" numClasses="1" visitedMethods="0" numMethods="3" />
          <FullName>EnemyController</FullName>
          <Methods>
            <Method visited="false" cyclomaticComplexity="0" nPathComplexity="0" sequenceCoverage="0.0" branchCoverage="0" crapScore="0" isConstructor="false" isStatic="false" isGetter="false" isSetter="false">
              <Summary numSequencePoints="5" visitedSequencePoints="0" numBranchPoints="0" visitedBranchPoints="0" sequenceCoverage="0.0" branchCoverage="0" maxCyclomaticComplexity="0" minCyclomaticComplexity="0" maxCrapScore="0" minCrapScore="0" visitedClasses="0" numClasses="0" visitedMethods="0" numMethods="1" />
              <MetadataToken>100663305</MetadataToken>
              <Name>System.Void EnemyController::Start()</Name>
              <FileRef uid="5" />
              <SequencePoints>
                <SequencePoint vc="0" uspid="601" ordinal="0" offset="0" sl="11" sc="0" el="11" ec="0" bec="0" bev="0" fileid="5" />
                <SequencePoint vc="0" uspid="602" ordinal="0" offset="1" sl="12" sc="0" el="12" ec="0" bec="0" bev="0" fileid="5" />
                <SequencePoint vc="0" uspid="603" ordinal="0" offset="18" sl="13" sc="0" el="13" ec="0" bec="0" bev="0" fileid="5" />
                <SequencePoint vc="0" uspid="604" ordinal="0" offset="30" sl="14" sc="0" el="14" ec="0" bec="0" bev="0" fileid="5" />
                <SequencePoint vc="0" uspid="605" ordinal="0" offset="47" sl="15" sc="0" el="15" ec="0" bec="0" bev="0" fileid="5" />
              </SequencePoints>
              <BranchPoints />
            </Method>
            <Method visited="false" cyclomaticComplexity="0" nPathComplexity="0" sequenceCoverage="0.0" branchCoverage="0" crapScore="0" isConstructor="false" isStatic="false" isGetter="false" isSetter="false">
              <Summary numSequencePoints="2" visitedSequencePoints="0" numBranchPoints="0" visitedBranchPoints="0" sequenceCoverage="0.0" branchCoverage="0" maxCyclomaticComplexity="0" minCyclomaticComplexity="0" maxCrapScore="0" minCrapScore="0" visitedClasses="0" numClasses="0" visitedMethods="0" numMethods="1" />
              <MetadataToken>100663306</MetadataToken>
              <Name>System.Void EnemyController::Update()</Name>
              <FileRef uid="5" />
              <SequencePoints>
                <SequencePoint vc="0" uspid="606" ordinal="0" offset="0" sl="19" sc="0" el="19" ec="0" bec="0" bev="0" fileid="5" />
                <SequencePoint vc="0" uspid="607" ordinal="0" offset="1" sl="21" sc="0" el="21" ec="0" bec="0" bev="0" fileid="5" />
              </SequencePoints>
              <BranchPoints />
            </Method>
            <Method visited="false" cyclomaticComplexity="0" nPathComplexity="0" sequenceCoverage="0.0" branchCoverage="0" crapScore="0" isConstructor="false" isStatic="false" isGetter="false" isSetter="false">
              <Summary numSequencePoints="3" visitedSequencePoints="0" numBranchPoints="0" visitedBranchPoints="0" sequenceCoverage="0.0" branchCoverage="0" maxCyclomaticComplexity="0" minCyclomaticComplexity="0" maxCrapScore="0" minCrapScore="0" visitedClasses="0" numClasses="0" visitedMethods="0" numMethods="1" />
              <MetadataToken>100663307</MetadataToken>
              <Name>System.Void EnemyController::FixedUpdate()</Name>
              <FileRef uid="5" />
              <SequencePoints>
                <SequencePoint vc="0" uspid="608" ordinal="0" offset="0" sl="24" sc="0" el="24" ec="0" bec="0" bev="0" fileid="5" />
                <SequencePoint vc="0" uspid="609" ordinal="0" offset="1" sl="25" sc="0" el="25" ec="0" bec="0" bev="0" fileid="5" />
                <SequencePoint vc="0" uspid="610" ordinal="0" offset="29" sl="26" sc="0" el="26" ec="0" bec="0" bev="0" fileid="5" />
              </SequencePoints>
              <BranchPoints />
            </Method>
          </Methods>
        </Class>
        <Class>
          <Summary numSequencePoints="5" visitedSequencePoints="0" numBranchPoints="0" visitedBranchPoints="0" sequenceCoverage="0.0" branchCoverage="0.0" maxCyclomaticComplexity="0" minCyclomaticComplexity="0" maxCrapScore="0" minCrapScore="0" visitedClasses="0" numClasses="1" visitedMethods="0" numMethods="2" />
          <FullName>FollowMovement</FullName>
          <Methods>
            <Method visited="false" cyclomaticComplexity="0" nPathComplexity="0" sequenceCoverage="0.0" branchCoverage="0" crapScore="0" isConstructor="false" isStatic="false" isGetter="false" isSetter="false">
              <Summary numSequencePoints="4" visitedSequencePoints="0" numBranchPoints="0" visitedBranchPoints="0" sequenceCoverage="0.0" branchCoverage="0" maxCyclomaticComplexity="0" minCyclomaticComplexity="0" maxCrapScore="0" minCrapScore="0" visitedClasses="0" numClasses="0" visitedMethods="0" numMethods="1" />
              <MetadataToken>100663311</MetadataToken>
              <Name>System.Void FollowMovement::OnEnable()</Name>
              <FileRef uid="6" />
              <SequencePoints>
                <SequencePoint vc="0" uspid="611" ordinal="0" offset="0" sl="16" sc="0" el="16" ec="0" bec="0" bev="0" fileid="6" />
                <SequencePoint vc="0" uspid="612" ordinal="0" offset="1" sl="17" sc="0" el="17" ec="0" bec="0" bev="0" fileid="6" />
                <SequencePoint vc="0" uspid="613" ordinal="0" offset="41" sl="18" sc="0" el="18" ec="0" bec="0" bev="0" fileid="6" />
                <SequencePoint vc="0" uspid="614" ordinal="0" offset="58" sl="19" sc="0" el="19" ec="0" bec="0" bev="0" fileid="6" />
              </SequencePoints>
              <BranchPoints />
            </Method>
            <Method visited="false" cyclomaticComplexity="0" nPathComplexity="0" sequenceCoverage="0.0" branchCoverage="0" crapScore="0" isConstructor="false" isStatic="false" isGetter="false" isSetter="false">
              <Summary numSequencePoints="1" visitedSequencePoints="0" numBranchPoints="0" visitedBranchPoints="0" sequenceCoverage="0.0" branchCoverage="0" maxCyclomaticComplexity="0" minCyclomaticComplexity="0" maxCrapScore="0" minCrapScore="0" visitedClasses="0" numClasses="0" visitedMethods="0" numMethods="1" />
              <MetadataToken>100663312</MetadataToken>
              <Name>EnemyMovementObject FollowMovement::GetMoover()</Name>
              <FileRef uid="6" />
              <SequencePoints>
                <SequencePoint vc="0" uspid="615" ordinal="0" offset="0" sl="21" sc="0" el="21" ec="0" bec="0" bev="0" fileid="6" />
              </SequencePoints>
              <BranchPoints />
            </Method>
          </Methods>
        </Class>
        <Class>
          <Summary numSequencePoints="21" visitedSequencePoints="21" numBranchPoints="0" visitedBranchPoints="0" sequenceCoverage="100.0" branchCoverage="0.0" maxCyclomaticComplexity="0" minCyclomaticComplexity="0" maxCrapScore="0" minCrapScore="0" visitedClasses="1" numClasses="1" visitedMethods="2" numMethods="2" />
          <FullName>FollowMovementObj</FullName>
          <Methods>
            <Method visited="true" cyclomaticComplexity="0" nPathComplexity="0" sequenceCoverage="100.0" branchCoverage="0" crapScore="0" isConstructor="false" isStatic="false" isGetter="false" isSetter="false">
              <Summary numSequencePoints="13" visitedSequencePoints="13" numBranchPoints="0" visitedBranchPoints="0" sequenceCoverage="100.0" branchCoverage="0" maxCyclomaticComplexity="0" minCyclomaticComplexity="0" maxCrapScore="0" minCrapScore="0" visitedClasses="0" numClasses="0" visitedMethods="1" numMethods="1" />
              <MetadataToken>100663315</MetadataToken>
              <Name>UnityEngine.Vector2 FollowMovementObj::Move(System.Single)</Name>
              <FileRef uid="7" />
              <SequencePoints>
                <SequencePoint vc="6" uspid="616" ordinal="0" offset="0" sl="29" sc="5" el="29" ec="5" bec="0" bev="0" fileid="7" />
                <SequencePoint vc="6" uspid="617" ordinal="0" offset="1" sl="30" sc="9" el="30" ec="9" bec="0" bev="0" fileid="7" />
                <SequencePoint vc="6" uspid="618" ordinal="0" offset="7" sl="32" sc="9" el="32" ec="9" bec="0" bev="0" fileid="7" />
                <SequencePoint vc="3" uspid="619" ordinal="0" offset="56" sl="33" sc="9" el="33" ec="9" bec="0" bev="0" fileid="7" />
                <SequencePoint vc="3" uspid="620" ordinal="0" offset="57" sl="34" sc="13" el="34" ec="13" bec="0" bev="0" fileid="7" />
                <SequencePoint vc="3" uspid="621" ordinal="0" offset="64" sl="35" sc="9" el="35" ec="9" bec="0" bev="0" fileid="7" />
                <SequencePoint vc="6" uspid="622" ordinal="0" offset="65" sl="36" sc="9" el="36" ec="9" bec="0" bev="0" fileid="7" />
                <SequencePoint vc="5" uspid="623" ordinal="0" offset="75" sl="37" sc="9" el="37" ec="9" bec="0" bev="0" fileid="7" />
                <SequencePoint vc="5" uspid="624" ordinal="0" offset="76" sl="38" sc="13" el="38" ec="13" bec="0" bev="0" fileid="7" />
                <SequencePoint vc="5" uspid="625" ordinal="0" offset="109" sl="39" sc="9" el="39" ec="9" bec="0" bev="0" fileid="7" />
                <SequencePoint vc="6" uspid="626" ordinal="0" offset="110" sl="42" sc="9" el="42" ec="9" bec="0" bev="0" fileid="7" />
                <SequencePoint vc="6" uspid="627" ordinal="0" offset="118" sl="44" sc="9" el="44" ec="9" bec="0" bev="0" fileid="7" />
                <SequencePoint vc="6" uspid="628" ordinal="0" offset="133" sl="45" sc="5" el="45" ec="5" bec="0" bev="0" fileid="7" />
              </SequencePoints>
              <BranchPoints />
            </Method>
            <Method visited="true" cyclomaticComplexity="0" nPathComplexity="0" sequenceCoverage="100.0" branchCoverage="0" crapScore="0" isConstructor="true" isStatic="false" isGetter="false" isSetter="false">
              <Summary numSequencePoints="8" visitedSequencePoints="8" numBranchPoints="0" visitedBranchPoints="0" sequenceCoverage="100.0" branchCoverage="0" maxCyclomaticComplexity="0" minCyclomaticComplexity="0" maxCrapScore="0" minCrapScore="0" visitedClasses="0" numClasses="0" visitedMethods="1" numMethods="1" />
              <MetadataToken>100663314</MetadataToken>
              <Name>FollowMovementObj::FollowMovementObj(System.Single, System.Single, UnityEngine.Transform, UnityEngine.Transform)</Name>
              <FileRef uid="7" />
              <SequencePoints>
                <SequencePoint vc="4" uspid="629" ordinal="0" offset="0" sl="17" sc="5" el="17" ec="5" bec="0" bev="0" fileid="7" />
                <SequencePoint vc="4" uspid="630" ordinal="0" offset="7" sl="18" sc="5" el="18" ec="5" bec="0" bev="0" fileid="7" />
                <SequencePoint vc="4" uspid="631" ordinal="0" offset="8" sl="19" sc="9" el="19" ec="9" bec="0" bev="0" fileid="7" />
                <SequencePoint vc="4" uspid="632" ordinal="0" offset="15" sl="20" sc="9" el="20" ec="9" bec="0" bev="0" fileid="7" />
                <SequencePoint vc="4" uspid="633" ordinal="0" offset="22" sl="21" sc="9" el="21" ec="9" bec="0" bev="0" fileid="7" />
                <SequencePoint vc="4" uspid="634" ordinal="0" offset="29" sl="22" sc="9" el="22" ec="9" bec="0" bev="0" fileid="7" />
                <SequencePoint vc="4" uspid="635" ordinal="0" offset="37" sl="23" sc="9" el="23" ec="9" bec="0" bev="0" fileid="7" />
                <SequencePoint vc="4" uspid="636" ordinal="0" offset="44" sl="24" sc="5" el="24" ec="5" bec="0" bev="0" fileid="7" />
              </SequencePoints>
              <BranchPoints />
            </Method>
          </Methods>
        </Class>
        <Class>
          <Summary numSequencePoints="5" visitedSequencePoints="1" numBranchPoints="0" visitedBranchPoints="0" sequenceCoverage="20.00" branchCoverage="0.0" maxCyclomaticComplexity="0" minCyclomaticComplexity="0" maxCrapScore="0" minCrapScore="0" visitedClasses="1" numClasses="1" visitedMethods="1" numMethods="3" />
          <FullName>LoopMovement</FullName>
          <Methods>
            <Method visited="false" cyclomaticComplexity="0" nPathComplexity="0" sequenceCoverage="0.0" branchCoverage="0" crapScore="0" isConstructor="false" isStatic="false" isGetter="false" isSetter="false">
              <Summary numSequencePoints="3" visitedSequencePoints="0" numBranchPoints="0" visitedBranchPoints="0" sequenceCoverage="0.0" branchCoverage="0" maxCyclomaticComplexity="0" minCyclomaticComplexity="0" maxCrapScore="0" minCrapScore="0" visitedClasses="0" numClasses="0" visitedMethods="0" numMethods="1" />
              <MetadataToken>100663316</MetadataToken>
              <Name>System.Void LoopMovement::Awake()</Name>
              <FileRef uid="8" />
              <SequencePoints>
                <SequencePoint vc="0" uspid="637" ordinal="0" offset="0" sl="16" sc="0" el="16" ec="0" bec="0" bev="0" fileid="8" />
                <SequencePoint vc="0" uspid="638" ordinal="0" offset="1" sl="17" sc="0" el="17" ec="0" bec="0" bev="0" fileid="8" />
                <SequencePoint vc="0" uspid="639" ordinal="0" offset="30" sl="18" sc="0" el="18" ec="0" bec="0" bev="0" fileid="8" />
              </SequencePoints>
              <BranchPoints />
            </Method>
            <Method visited="false" cyclomaticComplexity="0" nPathComplexity="0" sequenceCoverage="0.0" branchCoverage="0" crapScore="0" isConstructor="false" isStatic="false" isGetter="false" isSetter="false">
              <Summary numSequencePoints="1" visitedSequencePoints="0" numBranchPoints="0" visitedBranchPoints="0" sequenceCoverage="0.0" branchCoverage="0" maxCyclomaticComplexity="0" minCyclomaticComplexity="0" maxCrapScore="0" minCrapScore="0" visitedClasses="0" numClasses="0" visitedMethods="0" numMethods="1" />
              <MetadataToken>100663317</MetadataToken>
              <Name>EnemyMovementObject LoopMovement::GetMoover()</Name>
              <FileRef uid="8" />
              <SequencePoints>
                <SequencePoint vc="0" uspid="640" ordinal="0" offset="0" sl="20" sc="0" el="20" ec="0" bec="0" bev="0" fileid="8" />
              </SequencePoints>
              <BranchPoints />
            </Method>
            <Method visited="true" cyclomaticComplexity="0" nPathComplexity="0" sequenceCoverage="100.0" branchCoverage="0" crapScore="0" isConstructor="true" isStatic="false" isGetter="false" isSetter="false">
              <Summary numSequencePoints="1" visitedSequencePoints="1" numBranchPoints="0" visitedBranchPoints="0" sequenceCoverage="100.0" branchCoverage="0" maxCyclomaticComplexity="0" minCyclomaticComplexity="0" maxCrapScore="0" minCrapScore="0" visitedClasses="0" numClasses="0" visitedMethods="1" numMethods="1" />
              <MetadataToken>100663318</MetadataToken>
              <Name>LoopMovement::LoopMovement()</Name>
              <FileRef uid="8" />
              <SequencePoints>
                <SequencePoint vc="1" uspid="641" ordinal="0" offset="0" sl="11" sc="5" el="11" ec="5" bec="0" bev="0" fileid="8" />
              </SequencePoints>
              <BranchPoints />
            </Method>
          </Methods>
        </Class>
        <Class>
          <Summary numSequencePoints="15" visitedSequencePoints="15" numBranchPoints="0" visitedBranchPoints="0" sequenceCoverage="100.0" branchCoverage="0.0" maxCyclomaticComplexity="0" minCyclomaticComplexity="0" maxCrapScore="0" minCrapScore="0" visitedClasses="1" numClasses="1" visitedMethods="2" numMethods="2" />
          <FullName>LoopMovementObj</FullName>
          <Methods>
            <Method visited="true" cyclomaticComplexity="0" nPathComplexity="0" sequenceCoverage="100.0" branchCoverage="0" crapScore="0" isConstructor="false" isStatic="false" isGetter="false" isSetter="false">
              <Summary numSequencePoints="9" visitedSequencePoints="9" numBranchPoints="0" visitedBranchPoints="0" sequenceCoverage="100.0" branchCoverage="0" maxCyclomaticComplexity="0" minCyclomaticComplexity="0" maxCrapScore="0" minCrapScore="0" visitedClasses="0" numClasses="0" visitedMethods="1" numMethods="1" />
              <MetadataToken>100663320</MetadataToken>
              <Name>UnityEngine.Vector2 LoopMovementObj::Move(System.Single)</Name>
              <FileRef uid="9" />
              <SequencePoints>
                <SequencePoint vc="3" uspid="642" ordinal="0" offset="0" sl="26" sc="5" el="26" ec="5" bec="0" bev="0" fileid="9" />
                <SequencePoint vc="3" uspid="643" ordinal="0" offset="1" sl="27" sc="9" el="27" ec="9" bec="0" bev="0" fileid="9" />
                <SequencePoint vc="3" uspid="644" ordinal="0" offset="15" sl="28" sc="9" el="28" ec="9" bec="0" bev="0" fileid="9" />
                <SequencePoint vc="1" uspid="645" ordinal="0" offset="33" sl="29" sc="9" el="29" ec="9" bec="0" bev="0" fileid="9" />
                <SequencePoint vc="1" uspid="646" ordinal="0" offset="34" sl="30" sc="13" el="30" ec="13" bec="0" bev="0" fileid="9" />
                <SequencePoint vc="1" uspid="647" ordinal="0" offset="45" sl="31" sc="13" el="31" ec="13" bec="0" bev="0" fileid="9" />
                <SequencePoint vc="1" uspid="648" ordinal="0" offset="68" sl="32" sc="9" el="32" ec="9" bec="0" bev="0" fileid="9" />
                <SequencePoint vc="3" uspid="649" ordinal="0" offset="69" sl="33" sc="9" el="33" ec="9" bec="0" bev="0" fileid="9" />
                <SequencePoint vc="3" uspid="650" ordinal="0" offset="100" sl="34" sc="5" el="34" ec="5" bec="0" bev="0" fileid="9" />
              </SequencePoints>
              <BranchPoints />
            </Method>
            <Method visited="true" cyclomaticComplexity="0" nPathComplexity="0" sequenceCoverage="100.0" branchCoverage="0" crapScore="0" isConstructor="true" isStatic="false" isGetter="false" isSetter="false">
              <Summary numSequencePoints="6" visitedSequencePoints="6" numBranchPoints="0" visitedBranchPoints="0" sequenceCoverage="100.0" branchCoverage="0" maxCyclomaticComplexity="0" minCyclomaticComplexity="0" maxCrapScore="0" minCrapScore="0" visitedClasses="0" numClasses="0" visitedMethods="1" numMethods="1" />
              <MetadataToken>100663319</MetadataToken>
              <Name>LoopMovementObj::LoopMovementObj(System.Single, System.Single, UnityEngine.Vector2[])</Name>
              <FileRef uid="9" />
              <SequencePoints>
                <SequencePoint vc="3" uspid="651" ordinal="0" offset="0" sl="17" sc="5" el="17" ec="5" bec="0" bev="0" fileid="9" />
                <SequencePoint vc="3" uspid="652" ordinal="0" offset="7" sl="18" sc="5" el="18" ec="5" bec="0" bev="0" fileid="9" />
                <SequencePoint vc="3" uspid="653" ordinal="0" offset="8" sl="19" sc="9" el="19" ec="9" bec="0" bev="0" fileid="9" />
                <SequencePoint vc="3" uspid="654" ordinal="0" offset="15" sl="20" sc="9" el="20" ec="9" bec="0" bev="0" fileid="9" />
                <SequencePoint vc="3" uspid="655" ordinal="0" offset="22" sl="21" sc="9" el="21" ec="9" bec="0" bev="0" fileid="9" />
                <SequencePoint vc="3" uspid="656" ordinal="0" offset="29" sl="23" sc="5" el="23" ec="5" bec="0" bev="0" fileid="9" />
              </SequencePoints>
              <BranchPoints />
            </Method>
          </Methods>
        </Class>
        <Class>
          <Summary numSequencePoints="5" visitedSequencePoints="1" numBranchPoints="0" visitedBranchPoints="0" sequenceCoverage="20.00" branchCoverage="0.0" maxCyclomaticComplexity="0" minCyclomaticComplexity="0" maxCrapScore="0" minCrapScore="0" visitedClasses="1" numClasses="1" visitedMethods="1" numMethods="3" />
          <FullName>RandomMovement</FullName>
          <Methods>
            <Method visited="false" cyclomaticComplexity="0" nPathComplexity="0" sequenceCoverage="0.0" branchCoverage="0" crapScore="0" isConstructor="false" isStatic="false" isGetter="false" isSetter="false">
              <Summary numSequencePoints="3" visitedSequencePoints="0" numBranchPoints="0" visitedBranchPoints="0" sequenceCoverage="0.0" branchCoverage="0" maxCyclomaticComplexity="0" minCyclomaticComplexity="0" maxCrapScore="0" minCrapScore="0" visitedClasses="0" numClasses="0" visitedMethods="0" numMethods="1" />
              <MetadataToken>100663321</MetadataToken>
              <Name>System.Void RandomMovement::Awake()</Name>
              <FileRef uid="10" />
              <SequencePoints>
                <SequencePoint vc="0" uspid="657" ordinal="0" offset="0" sl="19" sc="0" el="19" ec="0" bec="0" bev="0" fileid="10" />
                <SequencePoint vc="0" uspid="658" ordinal="0" offset="1" sl="20" sc="0" el="20" ec="0" bec="0" bev="0" fileid="10" />
                <SequencePoint vc="0" uspid="659" ordinal="0" offset="30" sl="21" sc="0" el="21" ec="0" bec="0" bev="0" fileid="10" />
              </SequencePoints>
              <BranchPoints />
            </Method>
            <Method visited="false" cyclomaticComplexity="0" nPathComplexity="0" sequenceCoverage="0.0" branchCoverage="0" crapScore="0" isConstructor="false" isStatic="false" isGetter="false" isSetter="false">
              <Summary numSequencePoints="1" visitedSequencePoints="0" numBranchPoints="0" visitedBranchPoints="0" sequenceCoverage="0.0" branchCoverage="0" maxCyclomaticComplexity="0" minCyclomaticComplexity="0" maxCrapScore="0" minCrapScore="0" visitedClasses="0" numClasses="0" visitedMethods="0" numMethods="1" />
              <MetadataToken>100663322</MetadataToken>
              <Name>EnemyMovementObject RandomMovement::GetMoover()</Name>
              <FileRef uid="10" />
              <SequencePoints>
                <SequencePoint vc="0" uspid="660" ordinal="0" offset="0" sl="23" sc="0" el="23" ec="0" bec="0" bev="0" fileid="10" />
              </SequencePoints>
              <BranchPoints />
            </Method>
            <Method visited="true" cyclomaticComplexity="0" nPathComplexity="0" sequenceCoverage="100.0" branchCoverage="0" crapScore="0" isConstructor="true" isStatic="false" isGetter="false" isSetter="false">
              <Summary numSequencePoints="1" visitedSequencePoints="1" numBranchPoints="0" visitedBranchPoints="0" sequenceCoverage="100.0" branchCoverage="0" maxCyclomaticComplexity="0" minCyclomaticComplexity="0" maxCrapScore="0" minCrapScore="0" visitedClasses="0" numClasses="0" visitedMethods="1" numMethods="1" />
              <MetadataToken>100663323</MetadataToken>
              <Name>RandomMovement::RandomMovement()</Name>
              <FileRef uid="10" />
              <SequencePoints>
                <SequencePoint vc="1" uspid="661" ordinal="0" offset="0" sl="11" sc="5" el="11" ec="5" bec="0" bev="0" fileid="10" />
              </SequencePoints>
              <BranchPoints />
            </Method>
          </Methods>
        </Class>
        <Class>
          <Summary numSequencePoints="15" visitedSequencePoints="11" numBranchPoints="0" visitedBranchPoints="0" sequenceCoverage="73.33" branchCoverage="0.0" maxCyclomaticComplexity="0" minCyclomaticComplexity="0" maxCrapScore="0" minCrapScore="0" visitedClasses="1" numClasses="1" visitedMethods="2" numMethods="2" />
          <FullName>RandomMovementObj</FullName>
          <Methods>
            <Method visited="true" cyclomaticComplexity="0" nPathComplexity="0" sequenceCoverage="55.56" branchCoverage="0" crapScore="0" isConstructor="false" isStatic="false" isGetter="false" isSetter="false">
              <Summary numSequencePoints="9" visitedSequencePoints="5" numBranchPoints="0" visitedBranchPoints="0" sequenceCoverage="55.56" branchCoverage="0" maxCyclomaticComplexity="0" minCyclomaticComplexity="0" maxCrapScore="0" minCrapScore="0" visitedClasses="0" numClasses="0" visitedMethods="1" numMethods="1" />
              <MetadataToken>100663325</MetadataToken>
              <Name>UnityEngine.Vector2 RandomMovementObj::Move(System.Single)</Name>
              <FileRef uid="11" />
              <SequencePoints>
                <SequencePoint vc="400301" uspid="662" ordinal="0" offset="0" sl="26" sc="5" el="26" ec="5" bec="0" bev="0" fileid="11" />
                <SequencePoint vc="400301" uspid="663" ordinal="0" offset="1" sl="27" sc="9" el="27" ec="9" bec="0" bev="0" fileid="11" />
                <SequencePoint vc="400301" uspid="664" ordinal="0" offset="15" sl="28" sc="9" el="28" ec="9" bec="0" bev="0" fileid="11" />
                <SequencePoint vc="0" uspid="665" ordinal="0" offset="33" sl="29" sc="9" el="29" ec="9" bec="0" bev="0" fileid="11" />
                <SequencePoint vc="0" uspid="666" ordinal="0" offset="34" sl="30" sc="13" el="30" ec="13" bec="0" bev="0" fileid="11" />
                <SequencePoint vc="0" uspid="667" ordinal="0" offset="45" sl="31" sc="13" el="31" ec="13" bec="0" bev="0" fileid="11" />
                <SequencePoint vc="0" uspid="668" ordinal="0" offset="65" sl="32" sc="9" el="32" ec="9" bec="0" bev="0" fileid="11" />
                <SequencePoint vc="400301" uspid="669" ordinal="0" offset="66" sl="33" sc="9" el="33" ec="9" bec="0" bev="0" fileid="11" />
                <SequencePoint vc="400301" uspid="670" ordinal="0" offset="102" sl="34" sc="5" el="34" ec="5" bec="0" bev="0" fileid="11" />
              </SequencePoints>
              <BranchPoints />
            </Method>
            <Method visited="true" cyclomaticComplexity="0" nPathComplexity="0" sequenceCoverage="100.0" branchCoverage="0" crapScore="0" isConstructor="true" isStatic="false" isGetter="false" isSetter="false">
              <Summary numSequencePoints="6" visitedSequencePoints="6" numBranchPoints="0" visitedBranchPoints="0" sequenceCoverage="100.0" branchCoverage="0" maxCyclomaticComplexity="0" minCyclomaticComplexity="0" maxCrapScore="0" minCrapScore="0" visitedClasses="0" numClasses="0" visitedMethods="1" numMethods="1" />
              <MetadataToken>100663324</MetadataToken>
              <Name>RandomMovementObj::RandomMovementObj(System.Single, System.Single, UnityEngine.Vector2[])</Name>
              <FileRef uid="11" />
              <SequencePoints>
                <SequencePoint vc="6" uspid="671" ordinal="0" offset="0" sl="17" sc="5" el="17" ec="5" bec="0" bev="0" fileid="11" />
                <SequencePoint vc="6" uspid="672" ordinal="0" offset="7" sl="18" sc="5" el="18" ec="5" bec="0" bev="0" fileid="11" />
                <SequencePoint vc="6" uspid="673" ordinal="0" offset="8" sl="19" sc="9" el="19" ec="9" bec="0" bev="0" fileid="11" />
                <SequencePoint vc="6" uspid="674" ordinal="0" offset="15" sl="20" sc="9" el="20" ec="9" bec="0" bev="0" fileid="11" />
                <SequencePoint vc="6" uspid="675" ordinal="0" offset="22" sl="21" sc="9" el="21" ec="9" bec="0" bev="0" fileid="11" />
                <SequencePoint vc="6" uspid="676" ordinal="0" offset="29" sl="23" sc="5" el="23" ec="5" bec="0" bev="0" fileid="11" />
              </SequencePoints>
              <BranchPoints />
            </Method>
          </Methods>
        </Class>
        <Class>
          <Summary numSequencePoints="97" visitedSequencePoints="46" numBranchPoints="0" visitedBranchPoints="0" sequenceCoverage="47.42" branchCoverage="0.0" maxCyclomaticComplexity="0" minCyclomaticComplexity="0" maxCrapScore="0" minCrapScore="0" visitedClasses="1" numClasses="1" visitedMethods="2" numMethods="6" />
          <FullName>LevelGenerator</FullName>
          <Methods>
            <Method visited="false" cyclomaticComplexity="0" nPathComplexity="0" sequenceCoverage="0.0" branchCoverage="0" crapScore="0" isConstructor="false" isStatic="false" isGetter="false" isSetter="false">
              <Summary numSequencePoints="7" visitedSequencePoints="0" numBranchPoints="0" visitedBranchPoints="0" sequenceCoverage="0.0" branchCoverage="0" maxCyclomaticComplexity="0" minCyclomaticComplexity="0" maxCrapScore="0" minCrapScore="0" visitedClasses="0" numClasses="0" visitedMethods="0" numMethods="1" />
              <MetadataToken>100663329</MetadataToken>
              <Name>System.Void LevelGenerator::Start()</Name>
              <FileRef uid="12" />
              <SequencePoints>
                <SequencePoint vc="0" uspid="677" ordinal="0" offset="0" sl="23" sc="0" el="23" ec="0" bec="0" bev="0" fileid="12" />
                <SequencePoint vc="0" uspid="678" ordinal="0" offset="1" sl="24" sc="0" el="24" ec="0" bec="0" bev="0" fileid="12" />
                <SequencePoint vc="0" uspid="679" ordinal="0" offset="17" sl="25" sc="0" el="25" ec="0" bec="0" bev="0" fileid="12" />
                <SequencePoint vc="0" uspid="680" ordinal="0" offset="37" sl="26" sc="0" el="26" ec="0" bec="0" bev="0" fileid="12" />
                <SequencePoint vc="0" uspid="681" ordinal="0" offset="43" sl="27" sc="0" el="27" ec="0" bec="0" bev="0" fileid="12" />
                <SequencePoint vc="0" uspid="682" ordinal="0" offset="54" sl="28" sc="0" el="28" ec="0" bec="0" bev="0" fileid="12" />
                <SequencePoint vc="0" uspid="683" ordinal="0" offset="61" sl="29" sc="0" el="29" ec="0" bec="0" bev="0" fileid="12" />
              </SequencePoints>
              <BranchPoints />
            </Method>
            <Method visited="false" cyclomaticComplexity="0" nPathComplexity="0" sequenceCoverage="0.0" branchCoverage="0" crapScore="0" isConstructor="false" isStatic="false" isGetter="false" isSetter="false">
              <Summary numSequencePoints="14" visitedSequencePoints="0" numBranchPoints="0" visitedBranchPoints="0" sequenceCoverage="0.0" branchCoverage="0" maxCyclomaticComplexity="0" minCyclomaticComplexity="0" maxCrapScore="0" minCrapScore="0" visitedClasses="0" numClasses="0" visitedMethods="0" numMethods="1" />
              <MetadataToken>100663330</MetadataToken>
              <Name>System.Void LevelGenerator::Update()</Name>
              <FileRef uid="12" />
              <SequencePoints>
                <SequencePoint vc="0" uspid="684" ordinal="0" offset="0" sl="33" sc="0" el="33" ec="0" bec="0" bev="0" fileid="12" />
                <SequencePoint vc="0" uspid="685" ordinal="0" offset="1" sl="34" sc="0" el="34" ec="0" bec="0" bev="0" fileid="12" />
                <SequencePoint vc="0" uspid="686" ordinal="0" offset="13" sl="34" sc="0" el="34" ec="0" bec="0" bev="0" fileid="12" />
                <SequencePoint vc="0" uspid="687" ordinal="0" offset="15" sl="37" sc="0" el="37" ec="0" bec="0" bev="0" fileid="12" />
                <SequencePoint vc="0" uspid="688" ordinal="0" offset="16" sl="37" sc="0" el="37" ec="0" bec="0" bev="0" fileid="12" />
                <SequencePoint vc="0" uspid="689" ordinal="0" offset="30" sl="37" sc="0" el="37" ec="0" bec="0" bev="0" fileid="12" />
                <SequencePoint vc="0" uspid="690" ordinal="0" offset="42" sl="38" sc="0" el="38" ec="0" bec="0" bev="0" fileid="12" />
                <SequencePoint vc="0" uspid="691" ordinal="0" offset="43" sl="39" sc="0" el="39" ec="0" bec="0" bev="0" fileid="12" />
                <SequencePoint vc="0" uspid="692" ordinal="0" offset="50" sl="40" sc="0" el="40" ec="0" bec="0" bev="0" fileid="12" />
                <SequencePoint vc="0" uspid="693" ordinal="0" offset="51" sl="37" sc="0" el="37" ec="0" bec="0" bev="0" fileid="12" />
                <SequencePoint vc="0" uspid="694" ordinal="0" offset="79" sl="42" sc="0" el="42" ec="0" bec="0" bev="0" fileid="12" />
                <SequencePoint vc="0" uspid="695" ordinal="0" offset="91" sl="44" sc="0" el="44" ec="0" bec="0" bev="0" fileid="12" />
                <SequencePoint vc="0" uspid="696" ordinal="0" offset="98" sl="45" sc="0" el="45" ec="0" bec="0" bev="0" fileid="12" />
                <SequencePoint vc="0" uspid="697" ordinal="0" offset="104" sl="46" sc="0" el="46" ec="0" bec="0" bev="0" fileid="12" />
              </SequencePoints>
              <BranchPoints />
            </Method>
            <Method visited="false" cyclomaticComplexity="0" nPathComplexity="0" sequenceCoverage="0.0" branchCoverage="0" crapScore="0" isConstructor="false" isStatic="false" isGetter="false" isSetter="false">
              <Summary numSequencePoints="26" visitedSequencePoints="0" numBranchPoints="0" visitedBranchPoints="0" sequenceCoverage="0.0" branchCoverage="0" maxCyclomaticComplexity="0" minCyclomaticComplexity="0" maxCrapScore="0" minCrapScore="0" visitedClasses="0" numClasses="0" visitedMethods="0" numMethods="1" />
              <MetadataToken>100663331</MetadataToken>
              <Name>System.Void LevelGenerator::Generate()</Name>
              <FileRef uid="12" />
              <SequencePoints>
                <SequencePoint vc="0" uspid="698" ordinal="0" offset="0" sl="49" sc="0" el="49" ec="0" bec="0" bev="0" fileid="12" />
                <SequencePoint vc="0" uspid="699" ordinal="0" offset="1" sl="50" sc="0" el="50" ec="0" bec="0" bev="0" fileid="12" />
                <SequencePoint vc="0" uspid="700" ordinal="0" offset="15" sl="51" sc="0" el="51" ec="0" bec="0" bev="0" fileid="12" />
                <SequencePoint vc="0" uspid="701" ordinal="0" offset="52" sl="53" sc="0" el="53" ec="0" bec="0" bev="0" fileid="12" />
                <SequencePoint vc="0" uspid="702" ordinal="0" offset="54" sl="55" sc="0" el="55" ec="0" bec="0" bev="0" fileid="12" />
                <SequencePoint vc="0" uspid="703" ordinal="0" offset="61" sl="56" sc="0" el="56" ec="0" bec="0" bev="0" fileid="12" />
                <SequencePoint vc="0" uspid="704" ordinal="0" offset="62" sl="57" sc="0" el="57" ec="0" bec="0" bev="0" fileid="12" />
                <SequencePoint vc="0" uspid="705" ordinal="0" offset="69" sl="58" sc="0" el="58" ec="0" bec="0" bev="0" fileid="12" />
                <SequencePoint vc="0" uspid="706" ordinal="0" offset="70" sl="59" sc="0" el="59" ec="0" bec="0" bev="0" fileid="12" />
                <SequencePoint vc="0" uspid="707" ordinal="0" offset="91" sl="59" sc="0" el="59" ec="0" bec="0" bev="0" fileid="12" />
                <SequencePoint vc="0" uspid="708" ordinal="0" offset="96" sl="61" sc="0" el="61" ec="0" bec="0" bev="0" fileid="12" />
                <SequencePoint vc="0" uspid="709" ordinal="0" offset="114" sl="63" sc="0" el="63" ec="0" bec="0" bev="0" fileid="12" />
                <SequencePoint vc="0" uspid="710" ordinal="0" offset="137" sl="64" sc="0" el="64" ec="0" bec="0" bev="0" fileid="12" />
                <SequencePoint vc="0" uspid="711" ordinal="0" offset="138" sl="65" sc="0" el="65" ec="0" bec="0" bev="0" fileid="12" />
                <SequencePoint vc="0" uspid="712" ordinal="0" offset="141" sl="66" sc="0" el="66" ec="0" bec="0" bev="0" fileid="12" />
                <SequencePoint vc="0" uspid="713" ordinal="0" offset="143" sl="67" sc="0" el="67" ec="0" bec="0" bev="0" fileid="12" />
                <SequencePoint vc="0" uspid="714" ordinal="0" offset="144" sl="69" sc="0" el="69" ec="0" bec="0" bev="0" fileid="12" />
                <SequencePoint vc="0" uspid="715" ordinal="0" offset="194" sl="70" sc="0" el="70" ec="0" bec="0" bev="0" fileid="12" />
                <SequencePoint vc="0" uspid="716" ordinal="0" offset="220" sl="71" sc="0" el="71" ec="0" bec="0" bev="0" fileid="12" />
                <SequencePoint vc="0" uspid="717" ordinal="0" offset="234" sl="72" sc="0" el="72" ec="0" bec="0" bev="0" fileid="12" />
                <SequencePoint vc="0" uspid="718" ordinal="0" offset="235" sl="57" sc="0" el="57" ec="0" bec="0" bev="0" fileid="12" />
                <SequencePoint vc="0" uspid="719" ordinal="0" offset="239" sl="57" sc="0" el="57" ec="0" bec="0" bev="0" fileid="12" />
                <SequencePoint vc="0" uspid="720" ordinal="0" offset="253" sl="73" sc="0" el="73" ec="0" bec="0" bev="0" fileid="12" />
                <SequencePoint vc="0" uspid="721" ordinal="0" offset="254" sl="55" sc="0" el="55" ec="0" bec="0" bev="0" fileid="12" />
                <SequencePoint vc="0" uspid="722" ordinal="0" offset="258" sl="55" sc="0" el="55" ec="0" bec="0" bev="0" fileid="12" />
                <SequencePoint vc="0" uspid="723" ordinal="0" offset="272" sl="74" sc="0" el="74" ec="0" bec="0" bev="0" fileid="12" />
              </SequencePoints>
              <BranchPoints />
            </Method>
            <Method visited="true" cyclomaticComplexity="0" nPathComplexity="0" sequenceCoverage="97.73" branchCoverage="0" crapScore="0" isConstructor="false" isStatic="true" isGetter="false" isSetter="false">
              <Summary numSequencePoints="44" visitedSequencePoints="43" numBranchPoints="0" visitedBranchPoints="0" sequenceCoverage="97.73" branchCoverage="0" maxCyclomaticComplexity="0" minCyclomaticComplexity="0" maxCrapScore="0" minCrapScore="0" visitedClasses="0" numClasses="0" visitedMethods="1" numMethods="1" />
              <MetadataToken>100663332</MetadataToken>
              <Name>static System.Int32[,] LevelGenerator::GenerateGraph(System.Int32, System.Int32)</Name>
              <FileRef uid="12" />
              <SequencePoints>
                <SequencePoint vc="3" uspid="724" ordinal="0" offset="0" sl="115" sc="4" el="115" ec="4" bec="0" bev="0" fileid="12" />
                <SequencePoint vc="3" uspid="725" ordinal="0" offset="1" sl="116" sc="5" el="116" ec="5" bec="0" bev="0" fileid="12" />
                <SequencePoint vc="3" uspid="726" ordinal="0" offset="9" sl="117" sc="5" el="117" ec="5" bec="0" bev="0" fileid="12" />
                <SequencePoint vc="3" uspid="727" ordinal="0" offset="20" sl="118" sc="5" el="118" ec="5" bec="0" bev="0" fileid="12" />
                <SequencePoint vc="3" uspid="728" ordinal="0" offset="22" sl="121" sc="5" el="121" ec="5" bec="0" bev="0" fileid="12" />
                <SequencePoint vc="3" uspid="729" ordinal="0" offset="36" sl="122" sc="5" el="122" ec="5" bec="0" bev="0" fileid="12" />
                <SequencePoint vc="3" uspid="730" ordinal="0" offset="41" sl="124" sc="9" el="124" ec="9" bec="0" bev="0" fileid="12" />
                <SequencePoint vc="12" uspid="731" ordinal="0" offset="45" sl="125" sc="5" el="125" ec="5" bec="0" bev="0" fileid="12" />
                <SequencePoint vc="12" uspid="732" ordinal="0" offset="46" sl="126" sc="6" el="126" ec="6" bec="0" bev="0" fileid="12" />
                <SequencePoint vc="12" uspid="733" ordinal="0" offset="76" sl="127" sc="6" el="127" ec="6" bec="0" bev="0" fileid="12" />
                <SequencePoint vc="12" uspid="734" ordinal="0" offset="80" sl="128" sc="5" el="128" ec="5" bec="0" bev="0" fileid="12" />
                <SequencePoint vc="12" uspid="735" ordinal="0" offset="81" sl="124" sc="36" el="124" ec="36" bec="0" bev="0" fileid="12" />
                <SequencePoint vc="15" uspid="736" ordinal="0" offset="85" sl="124" sc="20" el="124" ec="20" bec="0" bev="0" fileid="12" />
                <SequencePoint vc="202" uspid="737" ordinal="0" offset="100" sl="132" sc="5" el="132" ec="5" bec="0" bev="0" fileid="12" />
                <SequencePoint vc="261" uspid="738" ordinal="0" offset="101" sl="138" sc="6" el="138" ec="6" bec="0" bev="0" fileid="12" />
                <SequencePoint vc="261" uspid="739" ordinal="0" offset="102" sl="139" sc="7" el="139" ec="7" bec="0" bev="0" fileid="12" />
                <SequencePoint vc="261" uspid="740" ordinal="0" offset="111" sl="140" sc="5" el="140" ec="5" bec="0" bev="0" fileid="12" />
                <SequencePoint vc="261" uspid="741" ordinal="0" offset="149" sl="141" sc="7" el="141" ec="7" bec="0" bev="0" fileid="12" />
                <SequencePoint vc="261" uspid="742" ordinal="0" offset="156" sl="142" sc="7" el="142" ec="7" bec="0" bev="0" fileid="12" />
                <SequencePoint vc="261" uspid="743" ordinal="0" offset="160" sl="143" sc="6" el="143" ec="6" bec="0" bev="0" fileid="12" />
                <SequencePoint vc="261" uspid="744" ordinal="0" offset="161" sl="144" sc="6" el="144" ec="6" bec="0" bev="0" fileid="12" />
                <SequencePoint vc="202" uspid="745" ordinal="0" offset="190" sl="147" sc="6" el="147" ec="6" bec="0" bev="0" fileid="12" />
                <SequencePoint vc="202" uspid="746" ordinal="0" offset="212" sl="150" sc="10" el="150" ec="10" bec="0" bev="0" fileid="12" />
                <SequencePoint vc="808" uspid="747" ordinal="0" offset="220" sl="151" sc="6" el="151" ec="6" bec="0" bev="0" fileid="12" />
                <SequencePoint vc="808" uspid="748" ordinal="0" offset="221" sl="152" sc="7" el="152" ec="7" bec="0" bev="0" fileid="12" />
                <SequencePoint vc="808" uspid="749" ordinal="0" offset="260" sl="154" sc="5" el="154" ec="5" bec="0" bev="0" fileid="12" />
                <SequencePoint vc="0" uspid="750" ordinal="0" offset="277" sl="154" sc="41" el="154" ec="41" bec="0" bev="0" fileid="12" />
                <SequencePoint vc="808" uspid="751" ordinal="0" offset="279" sl="156" sc="7" el="156" ec="7" bec="0" bev="0" fileid="12" />
                <SequencePoint vc="476" uspid="752" ordinal="0" offset="308" sl="157" sc="7" el="157" ec="7" bec="0" bev="0" fileid="12" />
                <SequencePoint vc="476" uspid="753" ordinal="0" offset="309" sl="159" sc="8" el="159" ec="8" bec="0" bev="0" fileid="12" />
                <SequencePoint vc="476" uspid="754" ordinal="0" offset="314" sl="160" sc="6" el="160" ec="6" bec="0" bev="0" fileid="12" />
                <SequencePoint vc="476" uspid="755" ordinal="0" offset="318" sl="162" sc="7" el="162" ec="7" bec="0" bev="0" fileid="12" />
                <SequencePoint vc="332" uspid="756" ordinal="0" offset="321" sl="164" sc="7" el="164" ec="7" bec="0" bev="0" fileid="12" />
                <SequencePoint vc="332" uspid="757" ordinal="0" offset="322" sl="166" sc="8" el="166" ec="8" bec="0" bev="0" fileid="12" />
                <SequencePoint vc="332" uspid="758" ordinal="0" offset="353" sl="167" sc="8" el="167" ec="8" bec="0" bev="0" fileid="12" />
                <SequencePoint vc="332" uspid="759" ordinal="0" offset="388" sl="168" sc="7" el="168" ec="7" bec="0" bev="0" fileid="12" />
                <SequencePoint vc="808" uspid="760" ordinal="0" offset="389" sl="169" sc="6" el="169" ec="6" bec="0" bev="0" fileid="12" />
                <SequencePoint vc="808" uspid="761" ordinal="0" offset="390" sl="150" sc="37" el="150" ec="37" bec="0" bev="0" fileid="12" />
                <SequencePoint vc="1010" uspid="762" ordinal="0" offset="396" sl="150" sc="21" el="150" ec="21" bec="0" bev="0" fileid="12" />
                <SequencePoint vc="202" uspid="763" ordinal="0" offset="410" sl="171" sc="6" el="171" ec="6" bec="0" bev="0" fileid="12" />
                <SequencePoint vc="202" uspid="764" ordinal="0" offset="415" sl="172" sc="5" el="172" ec="5" bec="0" bev="0" fileid="12" />
                <SequencePoint vc="205" uspid="765" ordinal="0" offset="416" sl="131" sc="5" el="131" ec="5" bec="0" bev="0" fileid="12" />
                <SequencePoint vc="3" uspid="766" ordinal="0" offset="429" sl="174" sc="5" el="174" ec="5" bec="0" bev="0" fileid="12" />
                <SequencePoint vc="3" uspid="767" ordinal="0" offset="434" sl="175" sc="2" el="175" ec="2" bec="0" bev="0" fileid="12" />
              </SequencePoints>
              <BranchPoints />
            </Method>
            <Method visited="true" cyclomaticComplexity="0" nPathComplexity="0" sequenceCoverage="100.0" branchCoverage="0" crapScore="0" isConstructor="false" isStatic="true" isGetter="false" isSetter="false">
              <Summary numSequencePoints="3" visitedSequencePoints="3" numBranchPoints="0" visitedBranchPoints="0" sequenceCoverage="100.0" branchCoverage="0" maxCyclomaticComplexity="0" minCyclomaticComplexity="0" maxCrapScore="0" minCrapScore="0" visitedClasses="0" numClasses="0" visitedMethods="1" numMethods="1" />
              <MetadataToken>100663333</MetadataToken>
              <Name>static System.Boolean LevelGenerator::InBounds(System.Tuple[Int32,Int32], System.Int32)</Name>
              <FileRef uid="12" />
              <SequencePoints>
                <SequencePoint vc="166276" uspid="768" ordinal="0" offset="0" sl="178" sc="2" el="178" ec="2" bec="0" bev="0" fileid="12" />
                <SequencePoint vc="166276" uspid="769" ordinal="0" offset="1" sl="179" sc="3" el="179" ec="3" bec="0" bev="0" fileid="12" />
                <SequencePoint vc="166276" uspid="770" ordinal="0" offset="43" sl="180" sc="2" el="180" ec="2" bec="0" bev="0" fileid="12" />
              </SequencePoints>
              <BranchPoints />
            </Method>
            <Method visited="false" cyclomaticComplexity="0" nPathComplexity="0" sequenceCoverage="0.0" branchCoverage="0" crapScore="0" isConstructor="true" isStatic="true" isGetter="false" isSetter="false">
              <Summary numSequencePoints="3" visitedSequencePoints="0" numBranchPoints="0" visitedBranchPoints="0" sequenceCoverage="0.0" branchCoverage="0" maxCyclomaticComplexity="0" minCyclomaticComplexity="0" maxCrapScore="0" minCrapScore="0" visitedClasses="0" numClasses="0" visitedMethods="0" numMethods="1" />
              <MetadataToken>100663335</MetadataToken>
              <Name>static LevelGenerator::LevelGenerator()</Name>
              <FileRef uid="12" />
              <SequencePoints>
                <SequencePoint vc="0" uspid="771" ordinal="0" offset="0" sl="16" sc="2" el="16" ec="2" bec="0" bev="0" fileid="12" />
                <SequencePoint vc="0" uspid="772" ordinal="0" offset="25" sl="78" sc="4" el="78" ec="4" bec="0" bev="0" fileid="12" />
                <SequencePoint vc="0" uspid="773" ordinal="0" offset="44" sl="79" sc="4" el="79" ec="4" bec="0" bev="0" fileid="12" />
              </SequencePoints>
              <BranchPoints />
            </Method>
          </Methods>
        </Class>
        <Class>
          <Summary numSequencePoints="6" visitedSequencePoints="0" numBranchPoints="0" visitedBranchPoints="0" sequenceCoverage="0.0" branchCoverage="0.0" maxCyclomaticComplexity="0" minCyclomaticComplexity="0" maxCrapScore="0" minCrapScore="0" visitedClasses="0" numClasses="1" visitedMethods="0" numMethods="2" />
          <FullName>MainCameraController</FullName>
          <Methods>
            <Method visited="false" cyclomaticComplexity="0" nPathComplexity="0" sequenceCoverage="0.0" branchCoverage="0" crapScore="0" isConstructor="false" isStatic="false" isGetter="false" isSetter="false">
              <Summary numSequencePoints="3" visitedSequencePoints="0" numBranchPoints="0" visitedBranchPoints="0" sequenceCoverage="0.0" branchCoverage="0" maxCyclomaticComplexity="0" minCyclomaticComplexity="0" maxCrapScore="0" minCrapScore="0" visitedClasses="0" numClasses="0" visitedMethods="0" numMethods="1" />
              <MetadataToken>100663336</MetadataToken>
              <Name>System.Void MainCameraController::Start()</Name>
              <FileRef uid="13" />
              <SequencePoints>
                <SequencePoint vc="0" uspid="774" ordinal="0" offset="0" sl="12" sc="0" el="12" ec="0" bec="0" bev="0" fileid="13" />
                <SequencePoint vc="0" uspid="775" ordinal="0" offset="1" sl="13" sc="0" el="13" ec="0" bec="0" bev="0" fileid="13" />
                <SequencePoint vc="0" uspid="776" ordinal="0" offset="22" sl="14" sc="0" el="14" ec="0" bec="0" bev="0" fileid="13" />
              </SequencePoints>
              <BranchPoints />
            </Method>
            <Method visited="false" cyclomaticComplexity="0" nPathComplexity="0" sequenceCoverage="0.0" branchCoverage="0" crapScore="0" isConstructor="false" isStatic="false" isGetter="false" isSetter="false">
              <Summary numSequencePoints="3" visitedSequencePoints="0" numBranchPoints="0" visitedBranchPoints="0" sequenceCoverage="0.0" branchCoverage="0" maxCyclomaticComplexity="0" minCyclomaticComplexity="0" maxCrapScore="0" minCrapScore="0" visitedClasses="0" numClasses="0" visitedMethods="0" numMethods="1" />
              <MetadataToken>100663337</MetadataToken>
              <Name>System.Void MainCameraController::Update()</Name>
              <FileRef uid="13" />
              <SequencePoints>
                <SequencePoint vc="0" uspid="777" ordinal="0" offset="0" sl="16" sc="0" el="16" ec="0" bec="0" bev="0" fileid="13" />
                <SequencePoint vc="0" uspid="778" ordinal="0" offset="1" sl="17" sc="0" el="17" ec="0" bec="0" bev="0" fileid="13" />
                <SequencePoint vc="0" uspid="779" ordinal="0" offset="85" sl="19" sc="0" el="19" ec="0" bec="0" bev="0" fileid="13" />
              </SequencePoints>
              <BranchPoints />
            </Method>
          </Methods>
        </Class>
        <Class>
          <Summary numSequencePoints="20" visitedSequencePoints="4" numBranchPoints="0" visitedBranchPoints="0" sequenceCoverage="20.00" branchCoverage="0.0" maxCyclomaticComplexity="0" minCyclomaticComplexity="0" maxCrapScore="0" minCrapScore="0" visitedClasses="1" numClasses="1" visitedMethods="2" numMethods="6" />
          <FullName>MainCharacterController</FullName>
          <Methods>
            <Method visited="false" cyclomaticComplexity="0" nPathComplexity="0" sequenceCoverage="0.0" branchCoverage="0" crapScore="0" isConstructor="false" isStatic="false" isGetter="false" isSetter="false">
              <Summary numSequencePoints="3" visitedSequencePoints="0" numBranchPoints="0" visitedBranchPoints="0" sequenceCoverage="0.0" branchCoverage="0" maxCyclomaticComplexity="0" minCyclomaticComplexity="0" maxCrapScore="0" minCrapScore="0" visitedClasses="0" numClasses="0" visitedMethods="0" numMethods="1" />
              <MetadataToken>100663339</MetadataToken>
              <Name>System.Void MainCharacterController::Awake()</Name>
              <FileRef uid="14" />
              <SequencePoints>
                <SequencePoint vc="0" uspid="780" ordinal="0" offset="0" sl="20" sc="5" el="20" ec="5" bec="0" bev="0" fileid="14" />
                <SequencePoint vc="0" uspid="781" ordinal="0" offset="1" sl="21" sc="9" el="21" ec="9" bec="0" bev="0" fileid="14" />
                <SequencePoint vc="0" uspid="782" ordinal="0" offset="7" sl="22" sc="5" el="22" ec="5" bec="0" bev="0" fileid="14" />
              </SequencePoints>
              <BranchPoints />
            </Method>
            <Method visited="false" cyclomaticComplexity="0" nPathComplexity="0" sequenceCoverage="0.0" branchCoverage="0" crapScore="0" isConstructor="false" isStatic="false" isGetter="false" isSetter="false">
              <Summary numSequencePoints="5" visitedSequencePoints="0" numBranchPoints="0" visitedBranchPoints="0" sequenceCoverage="0.0" branchCoverage="0" maxCyclomaticComplexity="0" minCyclomaticComplexity="0" maxCrapScore="0" minCrapScore="0" visitedClasses="0" numClasses="0" visitedMethods="0" numMethods="1" />
              <MetadataToken>100663340</MetadataToken>
              <Name>System.Void MainCharacterController::Start()</Name>
              <FileRef uid="14" />
              <SequencePoints>
                <SequencePoint vc="0" uspid="783" ordinal="0" offset="0" sl="26" sc="5" el="26" ec="5" bec="0" bev="0" fileid="14" />
                <SequencePoint vc="0" uspid="784" ordinal="0" offset="1" sl="27" sc="9" el="27" ec="9" bec="0" bev="0" fileid="14" />
                <SequencePoint vc="0" uspid="785" ordinal="0" offset="13" sl="29" sc="9" el="29" ec="9" bec="0" bev="0" fileid="14" />
                <SequencePoint vc="0" uspid="786" ordinal="0" offset="26" sl="30" sc="13" el="30" ec="13" bec="0" bev="0" fileid="14" />
                <SequencePoint vc="0" uspid="787" ordinal="0" offset="37" sl="31" sc="5" el="31" ec="5" bec="0" bev="0" fileid="14" />
              </SequencePoints>
              <BranchPoints />
            </Method>
            <Method visited="false" cyclomaticComplexity="0" nPathComplexity="0" sequenceCoverage="0.0" branchCoverage="0" crapScore="0" isConstructor="false" isStatic="false" isGetter="false" isSetter="false">
              <Summary numSequencePoints="5" visitedSequencePoints="0" numBranchPoints="0" visitedBranchPoints="0" sequenceCoverage="0.0" branchCoverage="0" maxCyclomaticComplexity="0" minCyclomaticComplexity="0" maxCrapScore="0" minCrapScore="0" visitedClasses="0" numClasses="0" visitedMethods="0" numMethods="1" />
              <MetadataToken>100663341</MetadataToken>
              <Name>System.Void MainCharacterController::Update()</Name>
              <FileRef uid="14" />
              <SequencePoints>
                <SequencePoint vc="0" uspid="788" ordinal="0" offset="0" sl="35" sc="5" el="35" ec="5" bec="0" bev="0" fileid="14" />
                <SequencePoint vc="0" uspid="789" ordinal="0" offset="1" sl="36" sc="9" el="36" ec="9" bec="0" bev="0" fileid="14" />
                <SequencePoint vc="0" uspid="790" ordinal="0" offset="23" sl="37" sc="9" el="37" ec="9" bec="0" bev="0" fileid="14" />
                <SequencePoint vc="0" uspid="791" ordinal="0" offset="45" sl="38" sc="9" el="38" ec="9" bec="0" bev="0" fileid="14" />
                <SequencePoint vc="0" uspid="792" ordinal="0" offset="57" sl="39" sc="5" el="39" ec="5" bec="0" bev="0" fileid="14" />
              </SequencePoints>
              <BranchPoints />
            </Method>
            <Method visited="false" cyclomaticComplexity="0" nPathComplexity="0" sequenceCoverage="0.0" branchCoverage="0" crapScore="0" isConstructor="false" isStatic="false" isGetter="false" isSetter="false">
              <Summary numSequencePoints="3" visitedSequencePoints="0" numBranchPoints="0" visitedBranchPoints="0" sequenceCoverage="0.0" branchCoverage="0" maxCyclomaticComplexity="0" minCyclomaticComplexity="0" maxCrapScore="0" minCrapScore="0" visitedClasses="0" numClasses="0" visitedMethods="0" numMethods="1" />
              <MetadataToken>100663342</MetadataToken>
              <Name>System.Void MainCharacterController::FixedUpdate()</Name>
              <FileRef uid="14" />
              <SequencePoints>
                <SequencePoint vc="0" uspid="793" ordinal="0" offset="0" sl="42" sc="5" el="42" ec="5" bec="0" bev="0" fileid="14" />
                <SequencePoint vc="0" uspid="794" ordinal="0" offset="1" sl="43" sc="9" el="43" ec="9" bec="0" bev="0" fileid="14" />
                <SequencePoint vc="0" uspid="795" ordinal="0" offset="58" sl="44" sc="5" el="44" ec="5" bec="0" bev="0" fileid="14" />
              </SequencePoints>
              <BranchPoints />
            </Method>
            <Method visited="true" cyclomaticComplexity="0" nPathComplexity="0" sequenceCoverage="100.0" branchCoverage="0" crapScore="0" isConstructor="false" isStatic="false" isGetter="false" isSetter="false">
              <Summary numSequencePoints="3" visitedSequencePoints="3" numBranchPoints="0" visitedBranchPoints="0" sequenceCoverage="100.0" branchCoverage="0" maxCyclomaticComplexity="0" minCyclomaticComplexity="0" maxCrapScore="0" minCrapScore="0" visitedClasses="0" numClasses="0" visitedMethods="1" numMethods="1" />
              <MetadataToken>100663343</MetadataToken>
              <Name>UnityEngine.Vector2 MainCharacterController::CalculateMovement(UnityEngine.Vector2, System.Single, System.Single)</Name>
              <FileRef uid="14" />
              <SequencePoints>
                <SequencePoint vc="5" uspid="796" ordinal="0" offset="0" sl="47" sc="5" el="47" ec="5" bec="0" bev="0" fileid="14" />
                <SequencePoint vc="5" uspid="797" ordinal="0" offset="1" sl="48" sc="9" el="48" ec="9" bec="0" bev="0" fileid="14" />
                <SequencePoint vc="5" uspid="798" ordinal="0" offset="29" sl="49" sc="5" el="49" ec="5" bec="0" bev="0" fileid="14" />
              </SequencePoints>
              <BranchPoints />
            </Method>
            <Method visited="true" cyclomaticComplexity="0" nPathComplexity="0" sequenceCoverage="100.0" branchCoverage="0" crapScore="0" isConstructor="true" isStatic="false" isGetter="false" isSetter="false">
              <Summary numSequencePoints="1" visitedSequencePoints="1" numBranchPoints="0" visitedBranchPoints="0" sequenceCoverage="100.0" branchCoverage="0" maxCyclomaticComplexity="0" minCyclomaticComplexity="0" maxCrapScore="0" minCrapScore="0" visitedClasses="0" numClasses="0" visitedMethods="1" numMethods="1" />
              <MetadataToken>100663344</MetadataToken>
              <Name>MainCharacterController::MainCharacterController()</Name>
              <FileRef uid="14" />
              <SequencePoints>
                <SequencePoint vc="6" uspid="799" ordinal="0" offset="0" sl="8" sc="5" el="8" ec="5" bec="0" bev="0" fileid="14" />
              </SequencePoints>
              <BranchPoints />
            </Method>
          </Methods>
        </Class>
      </Classes>
    </Module>
    <Module>
[...]
                <SequencePoint vc="1" uspid="980" ordinal="0" offset="76" sl="29" sc="9" el="29" ec="9" bec="0" bev="0" fileid="18" />
              </SequencePoints>
              <BranchPoints />
            </Method>
            <Method visited="true" cyclomaticComplexity="0" nPathComplexity="0" sequenceCoverage="100.0" branchCoverage="0" crapScore="0" isConstructor="false" isStatic="false" isGetter="false" isSetter="false">
              <Summary numSequencePoints="5" visitedSequencePoints="5" numBranchPoints="0" visitedBranchPoints="0" sequenceCoverage="100.0" branchCoverage="0" maxCyclomaticComplexity="0" minCyclomaticComplexity="0" maxCrapScore="0" minCrapScore="0" visitedClasses="0" numClasses="0" visitedMethods="1" numMethods="1" />
              <MetadataToken>100663313</MetadataToken>
              <Name>System.Void Tests.PlayerMovementTest::TestCompositeMovement()</Name>
              <FileRef uid="18" />
              <SequencePoints>
                <SequencePoint vc="1" uspid="981" ordinal="0" offset="0" sl="33" sc="9" el="33" ec="9" bec="0" bev="0" fileid="18" />
                <SequencePoint vc="1" uspid="982" ordinal="0" offset="1" sl="34" sc="13" el="34" ec="13" bec="0" bev="0" fileid="18" />
                <SequencePoint vc="1" uspid="983" ordinal="0" offset="7" sl="35" sc="13" el="35" ec="13" bec="0" bev="0" fileid="18" />
                <SequencePoint vc="1" uspid="984" ordinal="0" offset="14" sl="36" sc="13" el="36" ec="13" bec="0" bev="0" fileid="18" />
                <SequencePoint vc="1" uspid="985" ordinal="0" offset="76" sl="39" sc="9" el="39" ec="9" bec="0" bev="0" fileid="18" />
              </SequencePoints>
              <BranchPoints />
            </Method>
            <Method visited="true" cyclomaticComplexity="0" nPathComplexity="0" sequenceCoverage="100.0" branchCoverage="0" crapScore="0" isConstructor="false" isStatic="false" isGetter="false" isSetter="false">
              <Summary numSequencePoints="5" visitedSequencePoints="5" numBranchPoints="0" visitedBranchPoints="0" sequenceCoverage="100.0" branchCoverage="0" maxCyclomaticComplexity="0" minCyclomaticComplexity="0" maxCrapScore="0" minCrapScore="0" visitedClasses="0" numClasses="0" visitedMethods="1" numMethods="1" />
              <MetadataToken>100663314</MetadataToken>
              <Name>System.Void Tests.PlayerMovementTest::TestNegativeSpeed()</Name>
              <FileRef uid="18" />
              <SequencePoints>
                <SequencePoint vc="1" uspid="986" ordinal="0" offset="0" sl="43" sc="9" el="43" ec="9" bec="0" bev="0" fileid="18" />
                <SequencePoint vc="1" uspid="987" ordinal="0" offset="1" sl="44" sc="13" el="44" ec="13" bec="0" bev="0" fileid="18" />
                <SequencePoint vc="1" uspid="988" ordinal="0" offset="7" sl="45" sc="13" el="45" ec="13" bec="0" bev="0" fileid="18" />
                <SequencePoint vc="1" uspid="989" ordinal="0" offset="14" sl="46" sc="13" el="46" ec="13" bec="0" bev="0" fileid="18" />
                <SequencePoint vc="1" uspid="990" ordinal="0" offset="76" sl="49" sc="9" el="49" ec="9" bec="0" bev="0" fileid="18" />
              </SequencePoints>
              <BranchPoints />
            </Method>
            <Method visited="true" cyclomaticComplexity="0" nPathComplexity="0" sequenceCoverage="100.0" branchCoverage="0" crapScore="0" isConstructor="false" isStatic="false" isGetter="false" isSetter="false">
              <Summary numSequencePoints="5" visitedSequencePoints="5" numBranchPoints="0" visitedBranchPoints="0" sequenceCoverage="100.0" branchCoverage="0" maxCyclomaticComplexity="0" minCyclomaticComplexity="0" maxCrapScore="0" minCrapScore="0" visitedClasses="0" numClasses="0" visitedMethods="1" numMethods="1" />
              <MetadataToken>100663315</MetadataToken>
              <Name>System.Void Tests.PlayerMovementTest::TestNegativeTime()</Name>
              <FileRef uid="18" />
              <SequencePoints>
                <SequencePoint vc="1" uspid="991" ordinal="0" offset="0" sl="53" sc="9" el="53" ec="9" bec="0" bev="0" fileid="18" />
                <SequencePoint vc="1" uspid="992" ordinal="0" offset="1" sl="54" sc="13" el="54" ec="13" bec="0" bev="0" fileid="18" />
                <SequencePoint vc="1" uspid="993" ordinal="0" offset="7" sl="55" sc="13" el="55" ec="13" bec="0" bev="0" fileid="18" />
                <SequencePoint vc="1" uspid="994" ordinal="0" offset="14" sl="56" sc="13" el="56" ec="13" bec="0" bev="0" fileid="18" />
                <SequencePoint vc="1" uspid="995" ordinal="0" offset="76" sl="59" sc="9" el="59" ec="9" bec="0" bev="0" fileid="18" />
              </SequencePoints>
              <BranchPoints />
            </Method>
          </Methods>
        </Class>
        <Class>
          <Summary numSequencePoints="69" visitedSequencePoints="69" numBranchPoints="0" visitedBranchPoints="0" sequenceCoverage="100.0" branchCoverage="0.0" maxCyclomaticComplexity="0" minCyclomaticComplexity="0" maxCrapScore="0" minCrapScore="0" visitedClasses="1" numClasses="1" visitedMethods="6" numMethods="6" />
          <FullName>Tests.RandomMovementTest</FullName>
          <Methods>
            <Method visited="true" cyclomaticComplexity="0" nPathComplexity="0" sequenceCoverage="100.0" branchCoverage="0" crapScore="0" isConstructor="false" isStatic="false" isGetter="false" isSetter="false">
              <Summary numSequencePoints="5" visitedSequencePoints="5" numBranchPoints="0" visitedBranchPoints="0" sequenceCoverage="100.0" branchCoverage="0" maxCyclomaticComplexity="0" minCyclomaticComplexity="0" maxCrapScore="0" minCrapScore="0" visitedClasses="0" numClasses="0" visitedMethods="1" numMethods="1" />
              <MetadataToken>100663317</MetadataToken>
              <Name>System.Void Tests.RandomMovementTest::RandomOneDirectionTest()</Name>
              <FileRef uid="19" />
              <SequencePoints>
                <SequencePoint vc="1" uspid="996" ordinal="0" offset="0" sl="14" sc="9" el="14" ec="9" bec="0" bev="0" fileid="19" />
                <SequencePoint vc="1" uspid="997" ordinal="0" offset="1" sl="15" sc="13" el="15" ec="13" bec="0" bev="0" fileid="19" />
                <SequencePoint vc="1" uspid="998" ordinal="0" offset="20" sl="17" sc="13" el="17" ec="13" bec="0" bev="0" fileid="19" />
                <SequencePoint vc="1" uspid="999" ordinal="0" offset="37" sl="18" sc="13" el="18" ec="13" bec="0" bev="0" fileid="19" />
                <SequencePoint vc="1" uspid="1000" ordinal="0" offset="79" sl="19" sc="9" el="19" ec="9" bec="0" bev="0" fileid="19" />
              </SequencePoints>
              <BranchPoints />
            </Method>
            <Method visited="true" cyclomaticComplexity="0" nPathComplexity="0" sequenceCoverage="100.0" branchCoverage="0" crapScore="0" isConstructor="false" isStatic="false" isGetter="false" isSetter="false">
              <Summary numSequencePoints="12" visitedSequencePoints="12" numBranchPoints="0" visitedBranchPoints="0" sequenceCoverage="100.0" branchCoverage="0" maxCyclomaticComplexity="0" minCyclomaticComplexity="0" maxCrapScore="0" minCrapScore="0" visitedClasses="0" numClasses="0" visitedMethods="1" numMethods="1" />
              <MetadataToken>100663318</MetadataToken>
              <Name>System.Void Tests.RandomMovementTest::ShouldMoveUpLeftTest()</Name>
              <FileRef uid="19" />
              <SequencePoints>
                <SequencePoint vc="1" uspid="1001" ordinal="0" offset="0" sl="24" sc="9" el="24" ec="9" bec="0" bev="0" fileid="19" />
                <SequencePoint vc="1" uspid="1002" ordinal="0" offset="1" sl="25" sc="13" el="25" ec="13" bec="0" bev="0" fileid="19" />
                <SequencePoint vc="1" uspid="1003" ordinal="0" offset="32" sl="28" sc="13" el="28" ec="13" bec="0" bev="0" fileid="19" />
                <SequencePoint vc="1" uspid="1004" ordinal="0" offset="49" sl="29" sc="13" el="29" ec="13" bec="0" bev="0" fileid="19" />
                <SequencePoint vc="1" uspid="1005" ordinal="0" offset="66" sl="31" sc="18" el="31" ec="18" bec="0" bev="0" fileid="19" />
                <SequencePoint vc="100" uspid="1006" ordinal="0" offset="70" sl="32" sc="13" el="32" ec="13" bec="0" bev="0" fileid="19" />
                <SequencePoint vc="100" uspid="1007" ordinal="0" offset="71" sl="33" sc="17" el="33" ec="17" bec="0" bev="0" fileid="19" />
                <SequencePoint vc="100" uspid="1008" ordinal="0" offset="89" sl="34" sc="13" el="34" ec="13" bec="0" bev="0" fileid="19" />
                <SequencePoint vc="100" uspid="1009" ordinal="0" offset="90" sl="31" sc="43" el="31" ec="43" bec="0" bev="0" fileid="19" />
                <SequencePoint vc="101" uspid="1010" ordinal="0" offset="94" sl="31" sc="29" el="31" ec="29" bec="0" bev="0" fileid="19" />
                <SequencePoint vc="1" uspid="1011" ordinal="0" offset="105" sl="36" sc="13" el="36" ec="13" bec="0" bev="0" fileid="19" />
                <SequencePoint vc="1" uspid="1012" ordinal="0" offset="131" sl="37" sc="9" el="37" ec="9" bec="0" bev="0" fileid="19" />
              </SequencePoints>
              <BranchPoints />
            </Method>
            <Method visited="true" cyclomaticComplexity="0" nPathComplexity="0" sequenceCoverage="100.0" branchCoverage="0" crapScore="0" isConstructor="false" isStatic="false" isGetter="false" isSetter="false">
              <Summary numSequencePoints="12" visitedSequencePoints="12" numBranchPoints="0" visitedBranchPoints="0" sequenceCoverage="100.0" branchCoverage="0" maxCyclomaticComplexity="0" minCyclomaticComplexity="0" maxCrapScore="0" minCrapScore="0" visitedClasses="0" numClasses="0" visitedMethods="1" numMethods="1" />
              <MetadataToken>100663319</MetadataToken>
              <Name>System.Void Tests.RandomMovementTest::DoNotMoveBecauseZeroVectorTest()</Name>
              <FileRef uid="19" />
              <SequencePoints>
                <SequencePoint vc="1" uspid="1013" ordinal="0" offset="0" sl="41" sc="9" el="41" ec="9" bec="0" bev="0" fileid="19" />
                <SequencePoint vc="1" uspid="1014" ordinal="0" offset="1" sl="42" sc="13" el="42" ec="13" bec="0" bev="0" fileid="19" />
                <SequencePoint vc="1" uspid="1015" ordinal="0" offset="20" sl="45" sc="13" el="45" ec="13" bec="0" bev="0" fileid="19" />
                <SequencePoint vc="1" uspid="1016" ordinal="0" offset="37" sl="46" sc="13" el="46" ec="13" bec="0" bev="0" fileid="19" />
                <SequencePoint vc="1" uspid="1017" ordinal="0" offset="54" sl="48" sc="18" el="48" ec="18" bec="0" bev="0" fileid="19" />
                <SequencePoint vc="100" uspid="1018" ordinal="0" offset="58" sl="49" sc="13" el="49" ec="13" bec="0" bev="0" fileid="19" />
                <SequencePoint vc="100" uspid="1019" ordinal="0" offset="59" sl="50" sc="17" el="50" ec="17" bec="0" bev="0" fileid="19" />
                <SequencePoint vc="100" uspid="1020" ordinal="0" offset="77" sl="51" sc="13" el="51" ec="13" bec="0" bev="0" fileid="19" />
                <SequencePoint vc="100" uspid="1021" ordinal="0" offset="78" sl="48" sc="43" el="48" ec="43" bec="0" bev="0" fileid="19" />
                <SequencePoint vc="101" uspid="1022" ordinal="0" offset="82" sl="48" sc="29" el="48" ec="29" bec="0" bev="0" fileid="19" />
                <SequencePoint vc="1" uspid="1023" ordinal="0" offset="93" sl="53" sc="13" el="53" ec="13" bec="0" bev="0" fileid="19" />
                <SequencePoint vc="1" uspid="1024" ordinal="0" offset="119" sl="54" sc="9" el="54" ec="9" bec="0" bev="0" fileid="19" />
              </SequencePoints>
              <BranchPoints />
            </Method>
            <Method visited="true" cyclomaticComplexity="0" nPathComplexity="0" sequenceCoverage="100.0" branchCoverage="0" crapScore="0" isConstructor="false" isStatic="false" isGetter="false" isSetter="false">
              <Summary numSequencePoints="12" visitedSequencePoints="12" numBranchPoints="0" visitedBranchPoints="0" sequenceCoverage="100.0" branchCoverage="0" maxCyclomaticComplexity="0" minCyclomaticComplexity="0" maxCrapScore="0" minCrapScore="0" visitedClasses="0" numClasses="0" visitedMethods="1" numMethods="1" />
              <MetadataToken>100663320</MetadataToken>
              <Name>System.Void Tests.RandomMovementTest::DoNotMoveBecauseZeroSpeedTest()</Name>
              <FileRef uid="19" />
              <SequencePoints>
                <SequencePoint vc="1" uspid="1025" ordinal="0" offset="0" sl="58" sc="9" el="58" ec="9" bec="0" bev="0" fileid="19" />
                <SequencePoint vc="1" uspid="1026" ordinal="0" offset="1" sl="59" sc="13" el="59" ec="13" bec="0" bev="0" fileid="19" />
                <SequencePoint vc="1" uspid="1027" ordinal="0" offset="32" sl="62" sc="13" el="62" ec="13" bec="0" bev="0" fileid="19" />
                <SequencePoint vc="1" uspid="1028" ordinal="0" offset="49" sl="63" sc="13" el="63" ec="13" bec="0" bev="0" fileid="19" />
                <SequencePoint vc="1" uspid="1029" ordinal="0" offset="66" sl="65" sc="18" el="65" ec="18" bec="0" bev="0" fileid="19" />
                <SequencePoint vc="100" uspid="1030" ordinal="0" offset="70" sl="66" sc="13" el="66" ec="13" bec="0" bev="0" fileid="19" />
                <SequencePoint vc="100" uspid="1031" ordinal="0" offset="71" sl="67" sc="17" el="67" ec="17" bec="0" bev="0" fileid="19" />
                <SequencePoint vc="100" uspid="1032" ordinal="0" offset="89" sl="68" sc="13" el="68" ec="13" bec="0" bev="0" fileid="19" />
                <SequencePoint vc="100" uspid="1033" ordinal="0" offset="90" sl="65" sc="43" el="65" ec="43" bec="0" bev="0" fileid="19" />
                <SequencePoint vc="101" uspid="1034" ordinal="0" offset="94" sl="65" sc="29" el="65" ec="29" bec="0" bev="0" fileid="19" />
                <SequencePoint vc="1" uspid="1035" ordinal="0" offset="105" sl="70" sc="13" el="70" ec="13" bec="0" bev="0" fileid="19" />
                <SequencePoint vc="1" uspid="1036" ordinal="0" offset="131" sl="71" sc="9" el="71" ec="9" bec="0" bev="0" fileid="19" />
              </SequencePoints>
              <BranchPoints />
            </Method>
            <Method visited="true" cyclomaticComplexity="0" nPathComplexity="0" sequenceCoverage="100.0" branchCoverage="0" crapScore="0" isConstructor="false" isStatic="false" isGetter="false" isSetter="false">
              <Summary numSequencePoints="14" visitedSequencePoints="14" numBranchPoints="0" visitedBranchPoints="0" sequenceCoverage="100.0" branchCoverage="0" maxCyclomaticComplexity="0" minCyclomaticComplexity="0" maxCrapScore="0" minCrapScore="0" visitedClasses="0" numClasses="0" visitedMethods="1" numMethods="1" />
              <MetadataToken>100663321</MetadataToken>
              <Name>System.Void Tests.RandomMovementTest::MoveAllAroundTheWorldTest()</Name>
              <FileRef uid="19" />
              <SequencePoints>
                <SequencePoint vc="1" uspid="1037" ordinal="0" offset="0" sl="77" sc="9" el="77" ec="9" bec="0" bev="0" fileid="19" />
                <SequencePoint vc="1" uspid="1038" ordinal="0" offset="1" sl="78" sc="13" el="78" ec="13" bec="0" bev="0" fileid="19" />
                <SequencePoint vc="1" uspid="1039" ordinal="0" offset="144" sl="83" sc="13" el="83" ec="13" bec="0" bev="0" fileid="19" />
                <SequencePoint vc="1" uspid="1040" ordinal="0" offset="161" sl="84" sc="13" el="84" ec="13" bec="0" bev="0" fileid="19" />
                <SequencePoint vc="1" uspid="1041" ordinal="0" offset="178" sl="86" sc="18" el="86" ec="18" bec="0" bev="0" fileid="19" />
                <SequencePoint vc="100000" uspid="1042" ordinal="0" offset="182" sl="87" sc="13" el="87" ec="13" bec="0" bev="0" fileid="19" />
                <SequencePoint vc="100000" uspid="1043" ordinal="0" offset="183" sl="88" sc="17" el="88" ec="17" bec="0" bev="0" fileid="19" />
                <SequencePoint vc="100000" uspid="1044" ordinal="0" offset="186" sl="89" sc="17" el="89" ec="17" bec="0" bev="0" fileid="19" />
                <SequencePoint vc="100000" uspid="1045" ordinal="0" offset="218" sl="90" sc="17" el="90" ec="17" bec="0" bev="0" fileid="19" />
                <SequencePoint vc="100000" uspid="1046" ordinal="0" offset="250" sl="91" sc="17" el="91" ec="17" bec="0" bev="0" fileid="19" />
                <SequencePoint vc="100000" uspid="1047" ordinal="0" offset="286" sl="92" sc="13" el="92" ec="13" bec="0" bev="0" fileid="19" />
                <SequencePoint vc="100000" uspid="1048" ordinal="0" offset="287" sl="86" sc="43" el="86" ec="43" bec="0" bev="0" fileid="19" />
                <SequencePoint vc="100001" uspid="1049" ordinal="0" offset="291" sl="86" sc="29" el="86" ec="29" bec="0" bev="0" fileid="19" />
                <SequencePoint vc="1" uspid="1050" ordinal="0" offset="305" sl="93" sc="9" el="93" ec="9" bec="0" bev="0" fileid="19" />
              </SequencePoints>
              <BranchPoints />
            </Method>
            <Method visited="true" cyclomaticComplexity="0" nPathComplexity="0" sequenceCoverage="100.0" branchCoverage="0" crapScore="0" isConstructor="false" isStatic="false" isGetter="false" isSetter="false">
              <Summary numSequencePoints="14" visitedSequencePoints="14" numBranchPoints="0" visitedBranchPoints="0" sequenceCoverage="100.0" branchCoverage="0" maxCyclomaticComplexity="0" minCyclomaticComplexity="0" maxCrapScore="0" minCrapScore="0" visitedClasses="0" numClasses="0" visitedMethods="1" numMethods="1" />
              <MetadataToken>100663322</MetadataToken>
              <Name>System.Void Tests.RandomMovementTest::MoveAllAroundTheWorldNegativeSpeedTest()</Name>
              <FileRef uid="19" />
              <SequencePoints>
                <SequencePoint vc="1" uspid="1051" ordinal="0" offset="0" sl="97" sc="9" el="97" ec="9" bec="0" bev="0" fileid="19" />
                <SequencePoint vc="1" uspid="1052" ordinal="0" offset="1" sl="98" sc="13" el="98" ec="13" bec="0" bev="0" fileid="19" />
                <SequencePoint vc="1" uspid="1053" ordinal="0" offset="144" sl="103" sc="13" el="103" ec="13" bec="0" bev="0" fileid="19" />
                <SequencePoint vc="1" uspid="1054" ordinal="0" offset="161" sl="104" sc="13" el="104" ec="13" bec="0" bev="0" fileid="19" />
                <SequencePoint vc="1" uspid="1055" ordinal="0" offset="178" sl="106" sc="18" el="106" ec="18" bec="0" bev="0" fileid="19" />
                <SequencePoint vc="100000" uspid="1056" ordinal="0" offset="182" sl="107" sc="13" el="107" ec="13" bec="0" bev="0" fileid="19" />
                <SequencePoint vc="100000" uspid="1057" ordinal="0" offset="183" sl="108" sc="17" el="108" ec="17" bec="0" bev="0" fileid="19" />
                <SequencePoint vc="100000" uspid="1058" ordinal="0" offset="186" sl="109" sc="17" el="109" ec="17" bec="0" bev="0" fileid="19" />
                <SequencePoint vc="100000" uspid="1059" ordinal="0" offset="218" sl="110" sc="17" el="110" ec="17" bec="0" bev="0" fileid="19" />
                <SequencePoint vc="100000" uspid="1060" ordinal="0" offset="250" sl="111" sc="17" el="111" ec="17" bec="0" bev="0" fileid="19" />
                <SequencePoint vc="100000" uspid="1061" ordinal="0" offset="286" sl="112" sc="13" el="112" ec="13" bec="0" bev="0" fileid="19" />
                <SequencePoint vc="100000" uspid="1062" ordinal="0" offset="287" sl="106" sc="43" el="106" ec="43" bec="0" bev="0" fileid="19" />
                <SequencePoint vc="100001" uspid="1063" ordinal="0" offset="291" sl="106" sc="29" el="106" ec="29" bec="0" bev="0" fileid="19" />
                <SequencePoint vc="1" uspid="1064" ordinal="0" offset="305" sl="113" sc="9" el="113" ec="9" bec="0" bev="0" fileid="19" />
              </SequencePoints>
              <BranchPoints />
            </Method>
          </Methods>
        </Class>
      </Classes>
    </Module>
  </Modules>
</CoverageSession>